Skipping HlP6Z2dBSWY...
Skipping FPfnT0E92Xc...
Skipping ewnCILrjsMQ...
Transcribing file: Wa-mv3ePfkk.mp4
Skipping phoHsw1-hy0...
Skipping T6wqCJMrBkk...
Skipping izZq692gwcs...
Skipping isNZtqjeLRg...
Skipping 4JofAMHuDjk...
Skipping chTXyrXzmuQ...
Skipping TVNORdZFR4E...
Skipping TQvrZqlEjHQ...
Skipping l917NkEp4W0...
Skipping 5AMejos2WmY...
Skipping bxJiO3ZU22E...
Skipping RF40ePD0tkU...
Skipping DPkc5xD9FVw...
Skipping x9AL-LVlfII...
Skipping PGmKPK4yEYo...
Skipping -H_yOuOWTRk...
Skipping jK4U5YVq6-k...
Transcribing file: tRoIuNc__kg.mp4
Skipping -__sBSuBzcA...
Skipping aqv10H3x1us...
Skipping lyjM_G3qtuA...
Skipping K1F-hG165g4...
Skipping NicweYnR8Ik...
Skipping OmhDRLXkqS0...
Skipping CM5CA-iudH4...
Skipping p6XaKkcS014...
Skipping EjOkgq5t8n4...
Skipping mlckKspxm1o...
Skipping O_9Ha0i-WVc...
Skipping fDZNiU-XFrY...
Transcribing file: qoJX5DBGqpE.mp4
Skipping 57AOaNT7TMk...
Skipping CnRzvrzphIU...
Skipping bSdmte2TO8U...
Skipping TXHAmmjNj5s...
Skipping 9zmqN7IGsJc...
Skipping EdCG2Pj75jU...
Skipping GS6vmCG3BxI...
Skipping DFb10LxuC3g...
Skipping qNAFsAdmbUY...
Skipping dZe-5ZvODZ8...
Skipping 188xECrg1C8...
Skipping WH8MLYBsKx8...
Skipping XYKSbN7L6Hg...
Skipping SXbhVl4wX_M...
Skipping Pju7PdCCCFU...
Skipping ViGdA-uB5TY...
Skipping Hhxw8h4yJxQ...
Skipping D--sJoZoNAU...
Transcribing file: h16rfibIXlU.mp4
Skipping wjHfL8AJmxY...
Skipping WJScYJJMYT4...
Skipping iUC7dSiGAXQ...
Skipping CdzEiIED9t4...
Skipping DxmkzwU91Jk...
Skipping 84qFCcgQnhI...
Skipping x0NGOodeWCI...
Skipping JIlvdxwRxec...
Skipping ZBxlHyksDI8...
Transcribing file: zqIdnPwYr0E.mp4
Transcribing file: dF3eEmzkUE4.mp4
Skipping xjXR3uPm7Js...
Skipping A50aPBxjl0k...
Skipping twiyJbn7bB0...
Skipping ZoEHUw-VZjo...
Skipping w8k-N6dWTFY...
Skipping EpKCFmPUgo0...
Skipping qLAhvYbPiA0...
Skipping mqF9UFIVv_4...
Skipping _uAX3dWn8BU...
Skipping -KUl2ibSp4k...
Skipping ncYAM2TTs3s...
Skipping Qf3a7ufPJLk...
Skipping F9dBrlefXXw...
Skipping YPqXEDMlwc0...
Skipping TOzG_NF7m2s...
Skipping KaX412ASd30...
Skipping V606hXU4sWk...
Skipping wIjaCVwpGdw...
Transcribing file: VLFiy_0HN7c.mp4
Skipping xDGEtkUqE6Y...
Skipping vt6EVhbuS_A...
Skipping 0_QOTqYXNi0...
Skipping s3s3c2gyy6E...
Skipping bVofjq4PDGk...
Skipping 3k3Q3GpsBM0...
Skipping oajWP9nW7m0...
Skipping CDwHeuoXyt4...
Skipping ynrXsXnAfPs...
Skipping aTNg8lsUGXA...
Skipping kOjaG6euzBc...
Skipping 0o6egRYgxaE...
Skipping 5d2sZrLyavE...
Skipping ZA1tUWb6AWI...
Skipping GSASvZlQRHs...
Skipping r5DHYU-jNQI...
Transcribing file: S-MatKB3suc.mp4
Skipping 98pd9mxeYqM...
Skipping Y7cBpiEWpvU...
Skipping g6LMw9I6rxU...
Skipping s4rJmjs62eE...
Transcribing file: c1ec31L-L8g.mp4
Skipping 9gE1nbfxYRg...
Skipping 2BIl6kb5BvQ...
Transcribing file: JRhZDIF6KyY.mp4
Skipping 22Tc7KW8oNM...
Skipping n7riJLIteyE...
Skipping _1k9XR8ZFTk...
Skipping fG6mILlAenQ...
Skipping a9wCmcfARtY...
Skipping TgXtgmnlW1A...
Skipping C8MQn6FqJlY...
Skipping wyRZsDDvsJw...
Skipping dHumorpFUI4...
Skipping mDDMUla5nFY...
Transcribing file: to-tjDdEcMo.mp4
Skipping T769hjGPGHw...
Skipping dhTTXwFiH1A...
Skipping WjQXMa39L_Y...
Skipping l56P_EolJsU...
Skipping gDOMl1aJNRU...
Skipping yculaWguK2Q...
Skipping o3-hxzkTwrQ...
Transcribing file: xEJr9cl5SEg.mp4
Transcribing file: IRVgEjI7CwI.mp4
Transcribing file: zy0bYqTcEs0.mp4
Skipping Jahpq5JGcw0...
Skipping eBSr_NThBsM...
Skipping uNlISsZMfaw...
Skipping 6yRB3da_BKQ...
Skipping D2uXN3uUCAc...
Skipping wBTl4caU7wQ...
Skipping xMKBxqHM87Q...
Skipping aoBtR2wGOgg...
Skipping y9sHzIMkelk...
Skipping y_ZFm7NzE2w...
Skipping q2WOEQb-8v8...
Transcribing file: w8yRecJ4WC8.mp4
Skipping knpPY_rOw4A...
Skipping 4NJGfFQYzUk...
Skipping VttqOLqEZvM...
Skipping 56dM7tLih1U...
Skipping G8arsGW0kNo...
Skipping amlqth7hQw0...
Skipping avywpCS4D8A...
Skipping WKQENMqDdT0...
Skipping uaaxof1ja3Y...
Skipping Ihj_cOuXBnc...
Skipping 9NZC_UCPhUo...
Transcribing file: a0hSZvjgGY0.mp4
Skipping 3he8yFg7YX8...
Skipping QL7uFaYtrWo...
Skipping o7f1qDapOe8...
Skipping iM2D8tDv-Pc...
Transcribing file: 3wKn_XYPNmI.mp4
Skipping fFsYHvH1YJg...
Skipping oMhTKCFdWPE...
Skipping Bo9MZys6_VM...
Skipping dopWnJiCaR0...
Skipping E54QPR1u3Ik...
Skipping nNYWaFtjzjk...
Skipping fiILbgOmc9Q...
Skipping SgceDNDV7qM...
Skipping n6K5PoZRIkQ...
Skipping 90XUffl_tGc...
Skipping cAPSgDQQqKU...
Skipping v6JigEzNARc...
Skipping whtCPLuDH5I...
Skipping Qln6wxS6rqQ...
Skipping q-0aO51Y-3A...
Skipping 7GbVD4utpEs...
Skipping tH2tlgTF4uY...
Skipping i9tdgZvBNm0...
Skipping NDNXM9kq5RI...
Skipping VCsfFtjyHc4...
Skipping 1TIh89lIeS4...
Transcribing file: uyuZovn-Hn4.mp4
Skipping A7u7HYFuKes...
Skipping p4d7tryXjd8...
Skipping 1JWRoLKb7bk...
Skipping ephVxu_D6P8...
Skipping kgkSd-MWo5w...
Skipping lBV1bB-ON_w...
Skipping QR8FLc5kIfk...
Skipping satMCvVd_B0...
Skipping m_kXk4HQWEQ...
Skipping 2GfRPzIaYnk...
Skipping cDwTDgn_AD4...
Skipping cpI2_W680_w...
Skipping 6r_b9_nivgM...
Skipping e7CmKcfrqzQ...
Skipping -R4cPxDgVjA...
Skipping oOtZD1PlFuw...
Skipping nB68I_084aA...
Skipping K3-ytC-_cfU...
Skipping FkSUCEfqifQ...
Transcribing file: 6U3XX6NFgPo.mp4
Skipping FEZgJgSj4a0...
Skipping 30zAWSINOgs...
Skipping 7Nxh8fQa0aU...
Skipping qUU_OJuDx24...
Skipping oNwjMD5C29A...
Transcribing file: 86tapARehd8.mp4
Skipping Z-k73GyMX9k...
Skipping 0aN4ZuHMckU...
Skipping yLy6XcKXZDU...
Skipping Su8j4174OJc...
Skipping yOG9YPBzGPk...
Skipping f-kTAxJmGWs...
Skipping 2NM8WAw0eGE...
Skipping 3zU6ON0wQtw...
Skipping _JSaI21MazM...
Skipping 0Ejvw0wS43Y...
Skipping 8zY7nhmUsYA...
Skipping domxtKsKFjM...
Transcribing file: 7YJUO79l4NM.mp4
Skipping mzcl1XrqdH8...
Skipping 2Azq8ez7Q08...
Skipping 5WB1xnPjJ6A...
Skipping jdNybFdbMc0...
Skipping Yz84MhMFBno...
Skipping 8hSuazkppu8...
Skipping sZZg0vAV0Qs...
Skipping gPEMcwK5kds...
Skipping DWeIRD0ylL0...
Skipping tdo2sIjaY00...
Skipping QL8KiVr3o8c...
Skipping aTO5NR2kIRo...
Skipping NzpfCOXGvH8...
Skipping uW2PEns7Uz8...
Skipping O33a3T992k8...
Skipping mCnJgDk_xww...
Skipping yCQNwTSFdxs...
Skipping Z-POXe26IlI...
Skipping OUJnYjDfhyU...
Skipping 0ACtjp61hs8...
Skipping eEaEfgJuDQY...
Skipping C6f4Nf0B1Qc...
Skipping PwX_7LRcMRo...
Skipping 80BBZ09u9Is...
Skipping xhXOI5aQqbg...
Skipping o6sRegnijNo...
Skipping Am8IFguRnUo...
Skipping cJYkX27U2d0...
Skipping 8PIQv6zL_Kc...
Skipping MW2ELdljsgo...
Skipping dsa5hOIV2wc...
Skipping UycL1soib04...
Skipping qv25pKyYdxw...
Skipping J4HBoEJZtdk...
Skipping CpOwSF6RKKw...
Skipping neDqy7Gjvk0...
Skipping dGUmu_BBeWA...
Skipping daB_bWu0KOw...
Skipping goyP2byjZUU...
Skipping -WId3aGW5Ys...
Skipping 68iLpblVafE...
Skipping jmd-TL6yrIU...
Skipping lmg_z-24RIQ...
Skipping --JPzgi_hlg...
Skipping 6xsDA-sw0lE...
Skipping gRJ6IAJ7YW4...
Skipping -pgaBJv-L7A...
Skipping jwjsrYwBCIE...
Skipping KP-XhPoFbY4...
Skipping -sLZneBRdrw...
Skipping pg30-LKCzgY...
Skipping vkgEPd0A9t4...
Skipping yNuQshqrD_I...
Skipping 9t_hqzgE6yY...
Skipping tb4OiUS-vfY...
Skipping x9rPLywWs_8...
Skipping 7PLaiZcUdhw...
Skipping 0cQCiqc1X5o...
Skipping uDKpRSWoICw...
Skipping RCjf_mbI6Cw...
Skipping Hl1WdE3pt2I...
Skipping bff54zrpyOE...
Skipping 27dXGnMw6C8...
Skipping Fuhfz8fvZvE...
Skipping u9JfsYqHub8...
Skipping 8rnFxNdZpn8...
Skipping S0fpQekokPM...
Skipping 4N6YLGAF7EE...
Skipping FCqSs4bTqTs...
Skipping kLUx6WwmQX0...
Skipping DQYwKGvw-HM...
Skipping llnmeGL5EzY...
Skipping xNqv4qRYcyo...
Skipping bXBTYxRIjfc...
Skipping l3ucsl3V6dk...
Skipping JgvKll2T5PA...
Skipping 6aNLG9GXcAc...
Skipping iBBnz0TzSzo...
Skipping kXUaqiVdN2E...
Skipping L2En6O6V1es...
Skipping LAftyWcWfi0...
Skipping tk0dd8lqtw8...
Skipping hAi3gTgy3qM...
Skipping weJ2NUbpIXY...
Skipping eks_viqfWrY...
Skipping Qh13O6J5CSY...
Skipping DmAoqJ9Z8HQ...
Skipping ILONBHqq-iU...
Skipping _g6oNQuPnQU...
Skipping e3AP8MPgVrs...
Skipping UPo2O_pZjpg...
Skipping j86Eu4pPMqc...
Skipping dyq_S5Twk0s...
Skipping MaN8azNNvGM...
Skipping wvbBb99SkV8...
Skipping tgXZvBfh1Vc...
Skipping DJ4iN6RTGDc...
Skipping ZJFAEnTjUZg...
Skipping YryXVjRHkqE...
Skipping LXQVDLUzNis...
Skipping 9QiSWN7Tubo...
Skipping OTU0yLbSm44...
Skipping hTbahIs4Ai0...
Skipping 9UUISYWXWP0...
Skipping ws__Wh5Wt0k...
Skipping lEsjL0gdX9I...
Skipping D9Z5DjgC_Z0...
Skipping 6Dl3_V1XfnM...
Skipping xAt40DqLmac...
Skipping zctzozy5psI...
Skipping sZMJevkel6g...
Skipping 6Reh7c2-ewI...
Skipping Kp_ijL_6u7s...
Skipping 3UuOyfgqsYM...
Skipping oQ_AMZABPXs...
Skipping MWameF-6B8E...
Skipping 1DRMvmbQ6dQ...
Skipping Ift3GPZBXyk...
Skipping VuD-4pHfBqQ...
Skipping VRQiPquTfS8...
Skipping cDtqJ9rXyI0...
Skipping mmzSeeCYv1s...
Skipping BfjSD9v73zA...
Skipping 6-hf0L5CaWE...
Skipping ieKOCDHu6WA...
Skipping eBlZzbF_2lw...
Skipping sUJH3YSpC4Y...
Transcribing file: l76D4oOTbHk.mp4
Skipping d4MHGNjLzxg...
Skipping ROMpV_Qasfw...
Skipping 6T5Z9dXbRPw...
Transcribing file: g0MrKfMOlmA.mp4
Skipping 6t3YlJlRH30...
Skipping epxc7NRy55Y...
Skipping iAw815q2p2Y...
Skipping d_NHeAzHmOE...
Skipping IJ14X1FvaFs...
Skipping 1_NBp82t-QY...
Skipping sdbLBhhsHvE...
Skipping IRtD-6fWLZY...
Skipping hSZV5X0mX0c...
Skipping jG_8wIY-VUw...
Skipping wgOatFvhW44...
Skipping upgyxjq3TCY...
Skipping 0ImMuHtrzq8...
Skipping TVGWGjaKyUw...
Skipping 8NS1330coc4...
Skipping Zk_SPAtCd8g...
Skipping lrZnobPgGPE...
Skipping OklduSzbyn4...
Skipping vysZMyvDF1Y...
Skipping SHAJD3KfSSM...
Skipping kOql5DuxAls...
Skipping qS5LjnVnf9w...
Skipping nR-MST6K8Ug...
Skipping A0ZQL3U60qw...
Skipping 9d6ABNz7yg0...
Skipping cvl4WAXSdig...
Skipping Lg3VH_BnNv0...
Skipping IskcbBDW7Xo...
Skipping Z01dfV0B2ZU...
Skipping EV2kCEapzCc...
Skipping b2GbvyziIZA...
Skipping B6nSiO7eBEA...
Skipping 6Y0Q4W2M7bg...
Skipping K7xlEPqAzmM...
Skipping b4jnabT3Vf0...
Skipping spDJNIig6zY...
Skipping hCzfB4jU0bs...
Skipping EXtgeCuLNzg...
Skipping 7jCfYMm9fq8...
Skipping _xtyEFFYrZM...
Skipping ujOxourjxm0...
Skipping qzqXru0GHNU...
Skipping 6RvuDzfcuKc...
Skipping kyVVn2j73eM...
Skipping f4FR8wu1c50...
Skipping 7FlB1BSAjmY...
Skipping GxD_VtR3-HM...
Skipping YYbknTrtLK8...
Skipping KUesjAxQgSw...
Skipping aWWayyRixeM...
Skipping RtIc8t9R3yY...
Skipping LoFIrs-ioAk...
Skipping z9ldLnidFTk...
Skipping NxqoTgyqUj0...
Skipping 1nvbxchVv_I...
Skipping vc11wDU_k7Q...
Skipping _hGceOj6uZ4...
Skipping 7ikyo370D4Q...
Skipping hNmp-mt3L8U...
Skipping phSEzba2kM4...
Skipping tbUVNBSwyLQ...
Skipping 0aqfleFLDs4...
Skipping OkoIEiakwh8...
Skipping 3r-YSMX76wI...
Skipping G-WCoZa53xk...
Skipping fXG5uvYLy6s...
Skipping hyTdFiBLu6E...
Skipping LKYS3LiHXxI...
Skipping It8G_WIxeZo...
Skipping HasxZvVgdA8...
Transcribing file: uEz39A7pVPg.mp4
Skipping MXtQ9zVUqI0...
Skipping 9s4Myxw3VWU...
Skipping QFmZW4BkHGo...
Skipping vRGQuoCuC8o...
Skipping KczMCDPJkks...
Skipping WXm1VeftCik...
Skipping lSM9BedUtN0...
Skipping 2oTTY4hBhp0...
Skipping LdkkKCaMKrs...
Skipping IA0WPd0TMPs...
Skipping bKvPe7iXxGM...
Skipping Q4aFlYWU288...
Skipping NoBveFNQ4LU...
Skipping xh9BPx8uvqs...
Skipping drEdyqWug6s...
Skipping sV3XQNjBNxM...
Skipping w-VnkL8HdnM...
Skipping eKuf0fLpCos...
Skipping nsEgFqNR8vA...
Skipping vombiPhexmo...
Skipping bMlplARAjdQ...
Skipping melP6QGp3lk...
Skipping 4WxZUseQRRA...
Skipping Lcp0jlJNxXs...
Skipping X9HJC4GbuO0...
Skipping SdE6AaTZ9IQ...
Skipping 3yPD-w6Ubhk...
Skipping bS5GK71EFfA...
Skipping YiIPn9S8u8o...
Skipping OeUiGkk1ccA...
Transcribing file: 4eEU8saT-n8.mp4
Skipping K2WFI0UqYh4...
Transcribing file: CZKvCi7hhhw.mp4
Transcribing file: wWKMfNqEE7w.mp4
Skipping VuOfofigkCE...
Skipping quqH4VjCddY...
Skipping 2cl7f6fluKE...
Skipping 4DM9DJjzk4M...
Skipping dp4ercv0Cq0...
Skipping 3zF4R47zvEk...
Skipping 2oprrR-HHlg...
Skipping fFrDNwzT6OY...
Skipping itVLE86mHmI...
Skipping sJCgXsT0ha4...
Skipping dUUG_BgEhiw...
Skipping HeFmQ9UD2FA...
Skipping wmbeZjwD77w...
Skipping 2d_kM7W6E9M...
Transcribing file: Z53B5PB-4mM.mp4
Skipping _wG23grj0yY...
Skipping DaGciRZooRs...
Skipping R68dEmNWDiQ...
Skipping HjI5swwcf8w...
Skipping g14WA43Lb5g...
Skipping 774-NJlceJQ...
Skipping B5heMtaWC9g...
Skipping JpFbcnOan6I...
Skipping qIE_JpPEJwU...
Skipping UR3d2JRuTA4...
Skipping tWQnsO72zzY...
Skipping zmJ0pS8HRdA...
Skipping s4M9DXEj_Uw...
Skipping zo1szuKPj3M...
Skipping Z09_x7GgDnk...
Skipping lNZsT_sHcA8...
Skipping oNTEmxF09qQ...
Skipping WtLYme-Lzms...
Skipping bI6CBnQVHMU...
Skipping QWzaZ5QRJwo...
Skipping 8zrFUVhGWtw...
Skipping ReuCVUwThtU...
Skipping ko8mGEpLITc...
Skipping 5fltGevv4kg...
Skipping OeQdGGr8eRE...
Skipping c_iYv3eGLY4...
Skipping lH78XP8knMA...
Skipping dKyysTb3Phk...
Skipping 5ZqqXHz_xyo...
Skipping 70TnMGufZSs...
Skipping ucqa1MNbi6k...
Skipping tGONxVK-Ri8...
Skipping 0N0n5rkz6P4...
Skipping p4l4ipDHscU...
Skipping 4Vonm8SfMi4...
Skipping pEkzJCcF_9E...
Skipping OOAA97eQcBM...
Skipping CTxJSLWehzY...
Skipping vl30tK6SpTo...
Skipping AJtBYkGtXF8...
Skipping _xfErTiO8Bg...
Skipping vy7glEKvsow...
Skipping 8vLoxtEds88...
Skipping 317cg2Gl4Ng...
Skipping QYhTkwfnnhY...
Skipping 8MZ70B6C4tM...
Skipping 8E2pe2z7ErQ...
Skipping bSOUVorXrUc...
Skipping nl38LpNqtA8...
Skipping nutmH74t_tM...
Skipping hKOxTGb2_Zs...
Skipping VQqq76JuDYE...
Skipping GukaWMHWnTA...
Skipping 5eNa57uL59g...
Skipping med63uGKXmI...
Skipping o5RqwRJsDG0...
Skipping yI7KhSKclTM...
Skipping UjQQsNBPVUY...
Skipping Ou4EIle6Zg4...
Skipping J_4gzHvE7ac...
Skipping PcCgg6zPal0...
Transcribing file: J-IREBNgJo4.mp4
Skipping S-Ml2dpPFIM...
Skipping TpC1CE1XlGM...
Skipping LjyNtv5zc2c...
Skipping 2rVUd9YsGi4...
Skipping L0iWebn_Mq8...
Skipping busgz138Wyo...
Skipping 7T05G1x-srg...
Skipping RTzjGUcig8Y...
Skipping ycj-B3F7xn4...
Skipping lCx7vNuAn0w...
Skipping ZiT0qgfraUw...
Skipping MBcnaRmbANA...
Skipping X6JkQB87cnc...
Skipping JnF6Bmfr5Is...
Skipping dX8oI5Pq4Jg...
Skipping oqPvjRB2r8s...
Skipping MJ4bEiydgD4...
Skipping 7yCvJwFWBlU...
Skipping CJvcg8v9NV8...
Skipping 4JrMccPvQ4c...
Transcribing file: WvypoXABiUk.mp4
Skipping L7qGADzUwx8...
Skipping DG0Z9WEvGDQ...
Skipping Od7PWcMJDtw...
Skipping bpgoteMp36U...
Skipping E6pjj2gVnWA...
Skipping __KlJrj-TcA...
Skipping v1kQdCvqx9M...
Skipping 4YyiojlzF54...
Skipping hUmxWiac1NE...
Skipping iBmz1vo3S60...
Skipping kqFxX0W53sE...
Skipping EI-IEi80c5M...
Skipping Z7bAnZZctx4...
Skipping tHL7uo587Dw...
Skipping Jice5NFZB3A...
Skipping bGIb9LJfAvM...
Skipping clU0e2aJET0...
Skipping ZXVHcBw5dxg...
Skipping rxrRfffOLis...
Skipping mhejiRMAnG4...
Skipping xkzkrlBrovc...
Skipping nlF9ruV_Ihs...
Skipping G10TaIvf7So...
Skipping YWK8yUVc5yk...
Transcribing file: lqut7gpptBo.mp4
Skipping WmrzzR5qKOs...
Skipping bgXH3T9F05w...
Skipping _Jz5W5IuOjI...
Skipping eRtpRlCGDUA...
Skipping VhmcP-ydDEI...
Skipping It9SgQ0-TAo...
Skipping VdhrQYdz4rM...
Skipping fSEtiixgRJI...
Skipping PFj6Be9LKBY...
Skipping V2Me5YtMWgo...
Skipping tsMC_HbKGso...
Skipping BRZp9Heepuk...
Skipping Kxw6kgNXgho...
Skipping CDFcmamgYcs...
Skipping qqVkV0dMEzU...
Skipping hUyWBvmoch0...
Transcribing file: bi2xeMQsGQ4.mp4
Skipping phrzOoTANSE...
Skipping TverEFmJJN8...
Skipping 77Dy4ZLHTC8...
Skipping m5Qusf5L5Ik...
Skipping X7SCBEKD0iI...
Skipping w2G9HCFl9hU...
Skipping 4Ovun19El74...
Skipping dV64tyJ4eaI...
Skipping SAfXHF9LkeY...
Skipping f3kuTkyTQiY...
Skipping -hnjLZjeWHw...
Skipping 0oLDxPD8Lmc...
Skipping DxzL6CSktjk...
Skipping rstUbflFTuE...
Skipping voUTQmj2bSo...
Skipping 28TeG1tm2MU...
Skipping HLacQc-vx1s...
Skipping MJl4__2aZ64...
Skipping fpTEjkDrHGc...
Skipping b_hR3ZarRjc...
Skipping WlZhLQY8drU...
Skipping 2brOwfWSOEE...
Skipping lUP7s9P_fjE...
Skipping qln2cK7V4f4...
Skipping 14OIYdMNHS4...
Skipping 6IsoTmo4vSs...
Skipping 2p0-xmxnx6E...
Skipping iOzh8WNbuCs...
Skipping rEty0ctRs64...
Skipping nf95ib3NGi0...
Skipping a33Zp81B0sw...
Skipping dmnBrbg3fvQ...
Skipping K_wkWEuZ2a0...
Skipping 7OXe25tNWhk...
Skipping _DOFRQZb7vk...
Skipping -V_5WU3hSrg...
Skipping 9V_2tO04ufQ...
Skipping MSCwWgbleGg...
Skipping XE6Q7lPV9O0...
Skipping nKIgff84n3Y...
Skipping Z2-8Nz3IOxs...
Skipping XnqrMnNfupM...
Skipping V0mu0ZVnWfk...
Skipping 1YSbxtaE4cA...
Skipping xO5a7Zpg3Ik...
Skipping CSHJUN9DByk...
Skipping OBwGyIW8uGA...
Skipping FM2T_2cB590...
Skipping pD6RDuRMDv4...
Skipping eZTNTDzYrok...
Skipping AxNvf5wyNNM...
Skipping dtE3ie4LwrQ...
Skipping 5D0L9WMW84c...
Skipping qaY5jYmYIGE...
Skipping DDg7sx66OJY...
Skipping CwbMQx6_5h8...
Skipping JwyjISk0G3o...
Skipping fpSXD3jH4c4...
Skipping iUqEaeP90P4...
Transcribing file: M8ayVeAJvlM.mp4
Skipping J1lYHTz5J6E...
Skipping 8hPhiUaUf8E...
Skipping HvYhbKz-Vw8...
Skipping SwYdwkBlHkI...
Skipping ZCw7I3KsPTM...
Skipping NntHFwr5GHY...
Skipping NxqDxIBmf4A...
Skipping ZxhQs4A1Zfc...
Skipping Sc0fiqpx_Sk...
Skipping Uux9sxPl6Oo...
Skipping o0tt1wryMgo...
Skipping XAocRrqMggk...
Skipping higAKjqYwdY...
Skipping _P31w8E_5Zc...
Skipping xNO24KXAC-4...
Skipping iNVk0Pb8zMw...
Skipping GQBjmOz6_i4...
Skipping LZAXriR9U1o...
Transcribing file: o2Wuj1D_vhY.mp4
Skipping G5k31t3XYxY...
Skipping 5xe03SHh8SE...
Skipping hONwnF8guYs...
Skipping hfFdtToCypo...
Skipping KYaVIzvUKl4...
Skipping 9oRxGvhBeqs...
Skipping TrvSPa8-Oro...
Skipping Lws9_mrweYM...
Skipping 96oGzg4fcMQ...
Skipping BjG5GveRr98...
Skipping bNuQB_DwnXs...
Skipping lXoHyS5ODMI...
Skipping 1NiJonWZggQ...
Skipping XjlrowuzAuY...
Skipping i0HNPHpCvV4...
Skipping tv2Q83lplG0...
Skipping icxKlChdRTU...
Skipping 2VCQIZVR-Hc...
Skipping GCB923quEmI...
Skipping KyMzwu2cs3g...
Skipping -sTezl78Z04...
Skipping v9CPaL6vz7g...
Skipping 9MFJWkxJj7g...
Skipping 5A4EW1yW9ww...
Skipping isZFehOBoEo...
Skipping ZK1G-b0lq70...
Skipping pB8BTqxDJdw...
Skipping HeZUAPpKuBQ...
Skipping -MKt3Eq3-s0...
Skipping 2Db7LTTyTIw...
Skipping e2pJO_dSbnA...
Skipping prT5NJgw1rU...
Skipping j870IDAhxsk...
Skipping aGw24Cq5N-Q...
Skipping -alkOUaAFwo...
Skipping JU_SWOTiR3k...
Skipping BLb1kFmtsLY...
Skipping vQ1uqUsGyis...
Skipping 8slg5Un6wIc...
Skipping w3ZHzZ_Y8xI...
Skipping _oOQ2sc0qQI...
Skipping KRZgRMLNiHU...
Skipping NjxXGpDEAq4...
Skipping CAyRKq_C4eQ...
Skipping F4_KCvcXw5k...
Skipping h99YEcKOfwM...
Skipping cErWebAxY8I...
Skipping R5HJqoLlAZw...
Skipping RTbVw9GZfws...
Skipping zqi0H4PapqI...
Skipping zs6Ezs0H1-A...
Skipping B0zKMQHc8ww...
Skipping pg4vJ_fFw6M...
Skipping Qs8OMOQ-UsI...
Skipping itPKpXpIaL4...
Skipping tNgRKLxf3Yk...
Skipping xMlKdMWpYq4...
Skipping flP2ogyRDMM...
Skipping heJS21BOjGI...
Skipping RZQxHas2yW8...
Skipping AWHS_aIzyHA...
Skipping _hovpXYTsy4...
Skipping z03MiD23HQM...
Skipping ZOIOIsDkKxk...
Skipping mBz2RuQcbMs...
Skipping GRE0avyjU0Q...
Skipping aCCFUG6S2qU...
Skipping w6LFUsW8nbw...
Skipping I2QwS48SEJw...
Skipping EzJkT-wDW5I...
Skipping KSVcWNCOE-c...
Skipping lU2tJGcvsqM...
Skipping F0g5l1Cq17c...
Skipping rMhxQ8D_9l0...
Skipping -uwcwqezKv0...
Skipping lzS666BrwuM...
Skipping D2hgFKbG0YE...
Skipping E3LVDfV8sMg...
Skipping AtxlK58wQfA...
Skipping I5nf6p7LjYE...
Skipping xOq7wfebH1g...
Skipping aeqLAQsIdO0...
Skipping lyi-_kSxptM...
Skipping 0D_WRpi_T8c...
Skipping BUskYTgO4GM...
Skipping IhTwqXTO574...
Skipping u7E1Lgmbioc...
Skipping e_vq0ZNDcb4...
Skipping n3amNPpV-mA...
Skipping q7YDkd9093I...
Skipping O5x7NZGBOzM...
Skipping hZffK2Z1EO0...
Skipping JBBo6OsGVxg...
Skipping _lCqm4a0vug...
Skipping niaphkLP1dI...
Skipping BOdB6ROSLBI...
Skipping T7jX41rjdXE...
Skipping XzCZMARMQxU...
Skipping gSJp82WPkz8...
Skipping f-8OYBROKls...
Skipping qSpTmLhdhuo...
Skipping vRTL1uOHk1U...
Skipping DZbaGC11h8Y...
Skipping vsSRA4zJ6QE...
Skipping I_LG0YmXMsA...
Skipping qCewgdCVzTk...
Skipping qG2X0BuVWJ4...
Transcribing file: 8HpO-zfo8GE.mp4
Skipping TTPm6oJWe5I...
Skipping ruu7XPqeLXM...
Skipping gzu7xZpHd_U...
Skipping AC7GaBv3bYk...
Skipping RAMN0r_zQ_k...
Skipping tXdM9yLoHLk...
Skipping 6mAhZqLnTts...
Skipping XU9IGKlvOrc...
Skipping ZpcjNMUmM9c...
Skipping 5Mx_5BXvWL4...
Skipping Q743ARjIXNU...
Skipping KrdwNrWQeHA...
Skipping 43UWkFfZgsk...
Skipping DHZ136olPY8...
Skipping zA8raNO4Nws...
Skipping ThrqIPEU1dQ...
Skipping -yhWEkXqVR0...
Skipping v7GZ9SOs5sI...
Skipping pgdDDM30ALw...
Skipping N7oppRaQb3M...
Skipping 6_AKq1_d6nw...
Skipping fiy-LYv5ovM...
Skipping Ee0xx-JJhvI...
Skipping iCs7QRx0lQY...
Skipping am1Q2GWds0g...
Skipping NvLJ2VPZUxg...
Skipping E6WAQpRulhA...
Skipping 5QdhJnFcwwg...
Skipping IYh5AV3JzGo...
Skipping 7fTRTG8dpFg...
Skipping 8gKlXtWRbQ8...
Skipping 20pQd6bP1ik...
Skipping r6PUrsEzL0I...
Skipping DZGZar-WKRU...
Skipping Av8V8KESTlI...
Skipping WI9ifHzr0mg...
Skipping 6I4CE4382Mc...
Skipping LfkeViBzeKA...
Skipping oY1F_octlKA...
Skipping 6oZC71KizGU...
Skipping 3iH7QQYx2Xw...
Skipping i7orLHQCOOc...
Skipping kAoQ48ORjn4...
Skipping b8QI5txu7ck...
Skipping INSIBO-cbRw...
Skipping ygcrKeMKxwU...
Skipping U3DpVo7TlDw...
Skipping zTGH37naVM4...
Skipping HuZUX0aEhxA...
Skipping TWkjgNkyi60...
Skipping XSOCNzV1hhM...
Skipping cbDVClciCSs...
Skipping uiWBgpVFl-I...
Skipping 1VNr2AyJ71w...
Skipping rYO3q1rUT_c...
Skipping TP-sYhZMqCE...
Skipping WDTFXjMH-7E...
Skipping nNi-mWj1rpE...
Skipping gby_YKmNnK0...
Skipping 7pjLTGqPf1E...
Transcribing file: JSUv9MAeobY.mp4
Skipping 2dKIcb0rx6Y...
Skipping z2mCrBttkM4...
Skipping 4zp1M48xZKg...
Transcribing file: gvUR2KDfq7U.mp4
Skipping MI2YIVTR7k8...
Skipping 7p9y4RdmRj0...
Skipping JwlmFQ1npeY...
Skipping AwIkdOiOD_E...
Skipping f3GiC2Bg40o...
Skipping k_G-2OTf-tY...
Skipping da3_CGYPmCk...
Skipping zq5-XXoTmbg...
Skipping xp5OMWZyZhk...
Skipping G-PVYT7a17U...
Skipping rD6MWw4tEak...
Skipping 6bbJ0zWz9Ho...
Skipping TaooW-zT4b8...
Skipping 2m9fb5UCkck...
Skipping oe8DZEwyxvU...
Skipping mgk3j14Vi0w...
Skipping UT6KZElzfJY...
Skipping EFGf7n20A-I...
Skipping 9Z-TDPkxhPU...
Skipping U9CMaHDUCQs...
Skipping PL09g2BkX4E...
Skipping JzYb-qFvPT4...
Skipping uNsLUH4kiiE...
Transcribing file: dPeEjkm-YjM.mp4
Skipping fIICl8s1nxs...
Transcribing file: n1GMogKDW1U.mp4
Skipping VFdMKznk8CY...
Skipping qSeYF6EWgDY...
Skipping aYXonJRJfxg...
Skipping tktmAxnLbyA...
Skipping LwlfbIK5LzQ...
Skipping ZVGfHf9M3aY...
Skipping qBMfRt0zY6Y...
Skipping KgOgk6EvikA...
Skipping IAWPAmQWm2c...
Skipping 2fmI42Ba9yI...
Skipping FsiPnAR1J-I...
Skipping QGxLCUUpuwc...
Skipping g_gEKg8FptE...
Skipping v_u-8kJDkWQ...
Skipping TORDtwgBt30...
Skipping LK0yLEEq5lk...
Skipping 0e0cjhRC-RU...
Skipping 2ozwxjvDUcQ...
Skipping t6zuJQdpT1E...
Skipping ArmeleGhEdQ...
Skipping Q1-nz4hHCGI...
Skipping mscZuXzd9TU...
Skipping -kQvHQkIEY0...
Skipping H995h_tDOHI...
Skipping Hyru1bB9Cxk...
Skipping 1gaNg263Gn0...
Skipping q_ovvNLFzsk...
Skipping ONLJqrpkvm0...
Skipping ZHH0odgXBXI...
Skipping YMD62xLGvi4...
Skipping hXYoEbCPzGU...
Skipping ekx2XcYxVxQ...
Skipping evrfTt_Hgug...
Skipping pxBNWvqaEJQ...
Skipping 3Zadt1abGS0...
Skipping C96S4XofXtY...
Skipping fMS-UVrYIzs...
Skipping KUSFrAefiSw...
Skipping lTNyMV9zqtY...
Skipping ktCrc0URpCI...
Skipping 6qPGWi-D5Zg...
Skipping 2q2Tba0sFTE...
Skipping kYqahodYpvM...
Skipping jZpJnBVKAi8...
Skipping 4m2ukTxaHek...
Skipping sm_R7fcczXM...
Transcribing file: A9c_UcCe8eY.mp4
Skipping 6vhFpQTMGu4...
Skipping xTH53UGaD7o...
Skipping nQKEci-Xb4U...
Skipping CVqp0P8N900...
Skipping unB4bkw6KWo...
Skipping lvi85wkwNdk...
Skipping v-Lf89AUZMA...
Skipping ouZB47ZZHLc...
Skipping grda19gbO0k...
Skipping oBTbWBqeUoQ...
Skipping ptA4InSOrmI...
Skipping _Fk2UfqVySg...
Skipping 5LUPajxpIXM...
Skipping 2o-Iq3r_suA...
Skipping TnqE8vO61Bo...
Skipping fH-nadm8vr4...
Skipping --vP_LrXZwo...
Skipping nyLKo7pEkG0...
Skipping XTtbkySHv7k...
Skipping llAeSlANACw...
Skipping bFWTlr1Ohgw...
Skipping 8tRWi8kc3Hs...
Skipping GimcMQ7NFss...
Transcribing file: LyAL3fnkjso.mp4
Skipping ipSqdmRXdB4...
Skipping K-k_2k5YejI...
Transcribing file: 2GcJAnbnqyw.mp4
Skipping LKcFEyco2lQ...
Skipping CqkISnvh0M0...
Skipping VE3ydyjh3Xw...
Skipping l_KPs07Ijzw...
Skipping tX3mfbPnJwM...
Skipping ny8uMUPpo6I...
Skipping 2CXnQNf_ydg...
Skipping GDe76sN-oZ4...
Skipping Zm3a7nKmObE...
Skipping Yq2OdkWlOGc...
Transcribing file: 9HmgTLm-RE0.mp4
Skipping Ia7E8capeyc...
Skipping qUVBTsxOP_8...
Skipping 6vSMOjzKnc8...
Skipping pMqJ3cSeFIo...
Skipping jR5jp7z1RVI...
Skipping WxQ12znMzm8...
Skipping 8f9mADiLltQ...
Transcribing file: CqGRO8mARUM.mp4
Skipping S1Wtt4_1Jlk...
Skipping r4ThknEGQZg...
Skipping BxQN3JSGV2E...
Skipping rKL5k2QTISM...
Skipping owiA5rtIIpI...
Skipping zqBdyuNHRvE...
Skipping 5YYZkA3v5MY...
Skipping CWpMhJmwqJ0...
Skipping DjkAt8qciV0...
Skipping cT-0oVHW6BU...
Skipping DeDu3-fTvSM...
Skipping Xq7f1yHbMSM...
Skipping j_M8a71fh1Q...
Skipping fKvfa0UvRuQ...
Skipping qmZlbWYwavw...
Skipping SNOZ28WuUAY...
Skipping 5eaOlqOQ-vo...
Skipping VQJsNvfwHpI...
Skipping xvTUAtc0Smw...
Transcribing file: yUCzz4S9OUs.mp4
Skipping Q5d1vUz8ek8...
Skipping E6VJXmkgdfc...
Skipping oY63zAdUdVo...
Skipping dupsBo68ho4...
Skipping RnlKvH-Q1Wc...
Skipping ZWglLLppqn0...
Skipping rVgftB2t9p0...
Skipping kkIyKY-1S0c...
Skipping GHHZjf0zT94...
Skipping pHSu97xCazI...
Skipping PW-XuLaagHk...
Skipping VgmgaS_3F6o...
Skipping EDaApuJ4syo...
Skipping tfKWKfagfFs...
Skipping ATJGozjblZU...
Transcribing file: grQqeuYeqEs.mp4
Skipping W3v4H_kYrhk...
Skipping lE_8useBf4c...
Skipping A11SHsRWptY...
Skipping zsMFF9wEKjE...
Skipping ohDBrUEwcHs...
Skipping 1vK4rtprz6w...
Skipping A8qTRBc8Bws...
Skipping x2TZiWnh_20...
Skipping 2YgkwKHJFBw...
Skipping 4aDTpiU4adE...
Skipping 1kpCwFbS2Qs...
Skipping RrkOsRX_drc...
Skipping HPh23I-XZYg...
Skipping -ew-wjLp0UA...
Skipping mtLq8psy-FM...
Skipping 9q2_Sesns-0...
Skipping 3qV1bx3-GVI...
Skipping LV85zcpPbjc...
Skipping gWWSkQrbUos...
Skipping 2iPNkJj8zbo...
Skipping TaRa-OUUf3Q...
Transcribing file: tYNUQJD7jTM.mp4
Skipping Ee__0yuE6Lk...
Skipping ehVwzKzpuEQ...
Skipping GJPz7-mgSpg...
Transcribing file: KqtOjIaCixo.mp4
Transcribing file: 8AErMYTlauc.mp4
Skipping tGavl99_rAM...
Skipping 7-GOF18RdL8...
Skipping -yhKxZqvPtM...
Skipping Gu5vXvzqL8o...
Skipping tlPb6vvE01Q...
Skipping HboGe9K0dAQ...
Transcribing file: PwIxNgb6xIY.mp4
Skipping AoA-IOn73PA...
Skipping DxiBusMaqDE...
Skipping a6gH3MSkhIk...
Skipping x3bdZuzBfKo...
Skipping fnk5clRgOlQ...
Skipping JZiUxz0vpH8...
Skipping l2Xr_uBTiEA...
Skipping jttGx75xBTo...
Skipping kaImmBDEvfU...
Skipping kQcax3Rv4oA...
Skipping OQ84cntD76w...
Skipping DnWVNcJ6Ktk...
Skipping HWK1wmlyHZE...
Skipping 81fWBMyLxz4...
Skipping qKkdL5XRvbE...
Skipping 4lJzIf6rx0U...
Skipping KrBcwdAcYAc...
Skipping fPfm3tay9F4...
Skipping fmqa9xYzWzw...
Skipping 9n6o94ETbh8...
Skipping zfNbC9p5zEI...
Skipping ojU48YlBuaM...
Skipping NIxCPsDFNQM...
Skipping MzRJO4muGhg...
Skipping lmhSv6-T7EQ...
Skipping DD568ClG9gI...
Skipping 0OrtRQyhIC8...
Skipping BVpO-3s9aZA...
Skipping a47ai-jMQRk...
Skipping D-PG-GpJqo4...
Skipping k6CP2KPszas...
Skipping FF9iVqTy-BE...
Skipping yRKR5piAkqs...
Skipping 425oY-q60VU...
Skipping PccO6sCLADM...
Skipping dtfoYMDZBxc...
Skipping D4Cj8J-gdLs...
Skipping nEqgXq3SDuE...
Skipping E6EkE3zj9Ao...
Skipping y6P_FKqXzDA...
Skipping rDQSNOZyyyQ...
Skipping LT4WYX0qxXg...
Skipping xrOdem1ENvM...
Skipping DL2ecIG4-NI...
Skipping LHKFgvUOmNk...
Skipping snEo_H9pZFU...
Skipping jEYvEN9hDLI...
Skipping zVohOKrtGYQ...
Skipping dPI2vFAKoW4...
Skipping g_8ND24tlyw...
Skipping ilG9bIPoWEI...
Skipping xS7kE_0GUFo...
Skipping 3-xjgCWMED0...
Skipping vUrzkWenNfY...
Skipping LBYYcQDDLrc...
Skipping 2cnQ_DGHm1I...
Skipping 9bwkWrghsOI...
Transcribing file: qy1pI4IkwkM.mp4
Skipping xp0DtSViHsc...
Skipping RRMOZTmIIdg...
Skipping 6rLJDJTN_dU...
Transcribing file: XXJxI9lVcqk.mp4
Skipping Ckl8XHhRI3Y...
Skipping M4Rn2WxE350...
Skipping TqH_IhQiuTk...
Skipping 1t2rFGphDpI...
Skipping FgAY9Zfkhf0...
Skipping I6xmfCYYygA...
Skipping u2mk7d6Yf7g...
Skipping C5_p_vua4Y4...
Skipping oh3iZqs-kwE...
Skipping UyH70Hi7TEs...
Skipping cXeqPYhmprM...
Skipping Bd4Sx8Be8EI...
Skipping _vg9f9ijPIk...
Transcribing file: SNGnN2zmonY.mp4
Skipping dinkoJSw5nQ...
Skipping 2mfXd4qr_K0...
Skipping NFaTvXd_Jzk...
Skipping dciTiiRwJZ0...
Skipping rwqShCEDpfQ...
Skipping pwgC95JFqOY...
Skipping xwSOH2C1N3Q...
Transcribing file: D4bI4CgwYTY.mp4
Skipping HflbtKfhW_A...
Skipping pCWKpzx0QmM...
Skipping 0UMM2almwRM...
Skipping zPGB-lBgPxo...
Skipping gtogHkN_VNo...
Skipping MDrQHNqGJMo...
Skipping fomDWeV8i2Q...
Transcribing file: WxVkaWsByTM.mp4
Skipping xKcNKrgoI0Q...
Skipping 6xvVv8vkLPs...
Skipping vxHp3TUoisE...
Skipping jCQMphqGg0Y...
Skipping _Do3O4yx8f8...
Skipping 5am4ZjEZ4wc...
Skipping MHlNe8AYcFk...
Skipping iWR8_jZqZ0k...
Skipping JVC6AW87p8E...
Skipping CoI-rTft9X4...
Skipping jkvHYqPLvyc...
Skipping Dp8vCRo9mGE...
Skipping buKms5BT8kM...
Skipping Gqacej37IrU...
Transcribing file: YR5IA5kz_Gc.mp4
Skipping ZPVx4Z2Z9No...
Skipping D0gjtP6Fwug...
Skipping Qwcmw3DV_Mc...
Skipping qYMF9K2Z2OE...
Skipping Zy1bLs-H8jY...
Skipping 0T61OtYydXc...
Skipping 4-tt9SCieAE...
Skipping HZIsnzBnTKQ...
Skipping q8rsE8QNS70...
Skipping LK7RIMpzy3Y...
Skipping M6K2jXiCyA8...
Skipping X0WAbH4izeE...
Skipping I2kMJBxqfT4...
Skipping fU6S4kp1q1c...
Skipping 5mGTAdWU1b4...
Skipping Q3GI9M0I4us...
Skipping MtWC_ije874...
Skipping FoUqC-5Ycyg...
Skipping o111KF3_y-4...
Skipping nKMOYmQaH8o...
Skipping 9PX8ixofGvw...
Skipping blU9b3cQvoY...
Skipping sJum-iPHqt8...
Skipping bsLEvQVc9lk...
Skipping D8aqD6RUuQE...
Skipping j8BPnSa32Co...
Skipping bUp_Xz5Hb7U...
Skipping p8JGfWUeRRg...
Skipping bj4rMqsUqfg...
Skipping 2iD30kwkZBM...
Skipping J0MPWh15Q9s...
Skipping CCSmD5cSn5I...
Skipping sH2AjUCC294...
Skipping B-SPAcVJAPE...
Skipping XvCTATVHzDM...
Skipping EE3CXz-zEBM...
Skipping rifXAuqEPcE...
Skipping AKrJIVVKnQ8...
Skipping cYwyBM6CFVM...
Skipping EaA-Wry8SsM...
Skipping SdD96oVIkjQ...
Skipping fAqToz-yG5A...
Skipping xh46GXQ46jY...
Skipping 7t1iIl1quEQ...
Transcribing file: V2jOEuZjjrg.mp4
Skipping zI_lwy8KfHI...
Skipping C7Mfp5Ax6d0...
Skipping 0dKI2G16zXs...
Skipping upVyxZXBqvo...
Skipping B0c4aBzkRxU...
Skipping 3IPKhHHaPXI...
Skipping l14AKz8o9G0...
Skipping RDsW3yCwoAI...
Transcribing file: RLEi3xfx8Ts.mp4
Skipping u_ERxKw8J58...
Skipping TXmpgeV35vI...
Skipping BtrwakgLUyM...
Skipping zZIW2M1QITM...
Skipping -ysjSAJh0z8...
Skipping 0o28RI1i5_0...
Skipping vs6h9ndpB6c...
Skipping BvS_m8xKunI...
Skipping V7r3QfDjKE4...
Skipping 90BcpwMEvps...
Skipping b7LQvkW9YPk...
Skipping OKfuHgiZpVw...
Skipping zCrTHXs7me4...
Skipping tKb1il4ZYa0...
Skipping 19obDcmJ1ag...
Skipping vMiBC0LHF-w...
Skipping wWRdidwFY50...
Skipping s_k0FJyb3Eg...
Skipping iqveen9btLI...
Skipping 2V9koPQYy0Y...
Skipping p4XHzkWX7w0...
Skipping albM5pD9XJs...
Skipping sAlyB5E5kOU...
Skipping 71YHr-v9vSE...
Skipping yXAZqb291uQ...
Skipping 4a2Ld_1OZTI...
Skipping _KynQX5GsA4...
Skipping oPWeKXfqVh0...
Skipping QwlFYoE6x0A...
Skipping O-aJREbxoM0...
Skipping Q6FIiPIjx04...
Skipping fFCaMBQpBHY...
Skipping XAqKNsiuLxY...
Skipping teVmVMH-Ano...
Skipping VPBovuhCdsc...
Skipping 83QKEezAcXQ...
Skipping yE7yCoOp-fo...
Skipping BHpkOptp6as...
Skipping s4wxOGNBbbA...
Skipping yVRGIVOfKYU...
Skipping Kipk5QgQKio...
Skipping BTz8OPlmOg8...
Skipping Osni120flXk...
Skipping 8lrdEJAsBlw...
Skipping zbKFqsVnS3A...
Skipping 58nfmCPThVU...
Skipping outbfQcvRyA...
Skipping sGyXvVP7uHc...
Skipping NeUvyRkahvI...
Skipping aNDZgXrokxA...
Skipping HkbWdRTSLno...
Transcribing file: vF8C-nTSP8U.mp4
Skipping IJNhnZyXeS8...
Skipping qf-igYEDohs...
Skipping msnbH5dEnoc...
Skipping 7LMbMld45KY...
Skipping d7p_Enj0aNE...
Skipping vmdMvyv_Km8...
Skipping nYSF6t-cV-4...
Skipping -GGIGsA72WQ...
Transcribing file: -xNDpOGqj-Y.mp4
Skipping w-nKTlpGWLA...
Skipping 2ZP8FnzHlUg...
Skipping w1BXQGEW9Lg...
Skipping fyQVEGrZ_Ss...
Skipping F2wnNt8MHaI...
Transcribing file: RjJEa4R06cU.mp4
Skipping 8Q2aq83WeVY...
Transcribing file: Gx0T8IsCnws.mp4
Skipping fTRAO4wpVIg...
Skipping Go9I9T13vU4...
Skipping NV0d0TI6Xx8...
Skipping hEuHCKhk2cM...
Skipping Xk3umYBnNG0...
Skipping M-mUYXsXlyE...
Skipping KZgd5fi5AgU...
Skipping mXqTs8rTcEg...
Skipping enidpUjcFt0...
Skipping v9FYY6dCUoo...
Skipping Tr2LcOmGM0o...
Skipping PP9dYoN8pTk...
Skipping JTWB9SgdtUA...
Skipping qyC15Sh_XxE...
Skipping 2oaeeQTI0GU...
Skipping w-vw66CZNAo...
Skipping QZ8piT7VHiA...
Skipping wjjxwkpS-Hk...
Skipping smwueWl2diA...
Skipping tJnSPXgZEKY...
Skipping cGBUY-Qz-vU...
Skipping 7LEENnp02Lw...
Skipping Gop9ovwf9go...
Skipping -ytYnzSqpts...
Skipping l-7EHbA256Q...
Skipping QEdoPaqfxXw...
Skipping TkYOD5iXJ54...
Skipping u4LDobHXELw...
Skipping tmJN-RDuuiw...
Skipping pcpUKV4NHRg...
Skipping -Wkqjo3DG14...
Skipping alVZPXGnzI4...
Skipping Q9rMYq0t2I0...
Skipping FTC3PYCt5_0...
Skipping 4egU7w1Nb_4...
Skipping 7Mzv7ooJ3QE...
Skipping 4JhxYDoI1vo...
Skipping bIHiaHtAkjY...
Skipping XYPWtldgOFs...
Skipping -qI0F9kT9Zs...
Skipping Lxxy-RGK-EA...
Skipping GI4VZuLNxLw...
Skipping oSpYs4zhJ5M...
Skipping Ih1goXef0ao...
Skipping kcZofqG0DPI...
Skipping OK1_QQsSrfY...
Skipping c71GN5W72d8...
Skipping E5Fsk-MmTEU...
Skipping XfrJEKLR3OE...
Skipping ewK612M7oSM...
Skipping Rj8CrdAsuzI...
Skipping woGnJ2cNzzg...
Transcribing file: -pSqw_-sm5w.mp4
Skipping wKTrNtlNK_g...
Skipping ZrR85Luzh80...
Skipping 5SkM4SOTX4w...
Skipping 3dFETQGNngg...
Skipping q6SyT3mqUHs...
Skipping 1eL4TTMRN-I...
Skipping -E2m3rKcL24...
Skipping DUOFlppObzg...
Skipping PPf9ew0uraI...
Skipping FV50hzYCBbk...
Skipping P6x93taVeM8...
Skipping orUt_BKHifk...
Skipping VpvSBjdZPas...
Skipping i-IbnVcmxCI...
Skipping Wnmg_zgD59A...
Skipping PIfoEas2zCY...
Skipping CfwQIdSba3U...
Skipping XtS-bhQAoxY...
Skipping rkvYtUcREls...
Skipping 57uglT-AuBg...
Skipping PYGvQ_5Ybjk...
Skipping 4LCAtC1nwZY...
Skipping O09n6loMiYU...
Skipping wo7BwyUJgj8...
Skipping JBZYowX_x0k...
Transcribing file: 3vc_JGXGKAw.mp4
Skipping yV7WLrlzbLk...
Skipping qwo2agtB2hY...
Skipping taIQdMcO7bg...
Skipping bhuYOjWf-ug...
Skipping wUc41OqWohM...
Skipping Irww5EtoZl8...
Skipping 0qI3AwcaKdQ...
Skipping 0NHn9XVaO2Y...
Transcribing file: KTJUdTUr1Ts.mp4
Skipping UB2tk3a5YoQ...
Skipping _esyEEzriZk...
Skipping HMGJBUp0A-o...
Skipping GMh4OzAtT00...
Skipping eodkbhne1pE...
Skipping 2mkVHjN63Hk...
Skipping FHT8XQ_iTZY...
Skipping rbtLi6FDOe8...
Skipping c10odzuN2HQ...
Skipping EyPNNfye5gU...
Skipping 0XMI3OrmKHY...
Skipping 5clOYWsNhhk...
Skipping 6Luvx14q_fU...
Skipping 8VMCsL7hHLc...
Skipping nOZKf69WS5g...
Skipping 3Ij8BW9iRLE...
Skipping DR_oWbpxtTM...
Skipping 051A7zk3MAA...
Skipping maYiKt1W4VU...
Skipping P0hjMfoUpcY...
Skipping PJ1JC6z1VdU...
Skipping Yb0E4WpZ_q8...
Transcribing file: FVpWd0kIo4M.mp4
Skipping RuS0Kkrl7kA...
Skipping KjmuBo8xoCU...
Skipping k-jveV7tFi0...
Transcribing file: UF_onHX-AJI.mp4
Skipping TZFvS7x9kXU...
Skipping 7ifs4AIokxg...
Skipping -WJhluODkxM...
Skipping OC-JJFXiMck...
Skipping uaRMWevkldc...
Skipping CYE7VEzc1XE...
Transcribing file: brl1ONxYh2M.mp4
Skipping CEIyoQVaPXw...
Skipping J0hNbKaIOXY...
Skipping h9y1x7qvWu0...
Skipping 39IbPc_6bWw...
Skipping W5urBg1MB50...
Skipping gDn2j8YYh6w...
Skipping 1b5LQSip9Yk...
Skipping mdetGOwNnJo...
Skipping FYQhMMf9JlA...
Skipping SnFdCG3fnt0...
Skipping PIkL9Pp7c6A...
Skipping -Fh7rotYHwo...
Skipping N4tm0YD1vc0...
Skipping PlOak_Rinag...
Skipping K_Na35KD89M...
Skipping qRu_OgYGMUw...
Skipping r-p7DeOPtgU...
Skipping ekxaCJicQRc...
Skipping f4T0TmoxNnQ...
Skipping o5-k0ql0od4...
Skipping FbCn7hZNT8s...
Skipping ePjOEVkvqG4...
Skipping -2cLzWRNCH0...
Skipping dIZ7mm0ranQ...
Skipping ej1IFzwFipg...
Skipping cIW0w4Z-x-k...
Skipping uZk8j1Lhi6I...
Skipping xMOYQZgVamY...
Skipping EpA7VxIzUY8...
Skipping sX7qkS6Vtjs...
Skipping jm6TDYtzP60...
Skipping a4w8_M5uHag...
Skipping DIwCunD5PCc...
Skipping wsNLMs6nVPA...
Skipping h3HpfDzzz_k...
Skipping TxTmqM1FIhU...
Skipping -b3hJqEBw38...
Skipping aXsDfO6W8_k...
Skipping sXbcNlX3kTQ...
Skipping vt1DXyNaqFk...
Transcribing file: LicWt9gbcXo.mp4
Skipping DjPUrPl12A4...
Skipping l0JHLO80B4E...
Skipping O7rJk9bKZpA...
Skipping 13bXiKufl1E...
Skipping PirEfB13c4E...
Skipping oDh3SO-10AQ...
Skipping vFv135DUIW8...
Skipping Avt1R62hCA8...
Skipping zk3O_PF0408...
Skipping 0wflNdDDbSc...
Skipping kgVAQci-Zis...
Skipping zdzcQ-2UXeM...
Skipping 1JkWGgGYPxQ...
Skipping fUCB5GzzI5o...
Skipping FNKvg9zuNRs...
Transcribing file: Y75-OpJmBWU.mp4
Skipping LIsPequ2nXo...
Skipping hftMbH5LyKU...
Skipping oPAX0a2S1e0...
Skipping 6TGJXv8rj3k...
Skipping inHRltqNWtk...
Skipping ggBdH1aBcvg...
Skipping 0pUIqq2ba6M...
Skipping NAIkDnfqjEg...
Skipping VFkqrrRYK0A...
Skipping MVZzYhjb-lA...
Skipping 9Pg9adwK0-c...
Skipping EZ5tU45Ti_g...
Skipping xT1x2zzJl44...
Skipping 7BRD9IVFu_o...
Skipping uSCBZMbWNIg...
Skipping 2NAZkKoZLpo...
Skipping LeUdQPWLgI0...
Transcribing file: UTGedfNuU48.mp4
Skipping -mQmUJyMHlY...
Skipping Jrz8HmL4_Hg...
Skipping -V7Vjjaeohc...
Skipping VnnmlLB6DtM...
Skipping XExgJgXhPKU...
Skipping WU5SB4476wM...
Skipping 57QZbsnBB-o...
Skipping TRfxae99JoE...
Skipping xnUZKWLh5XM...
Skipping E-juRjYSpZY...
Skipping wwjv4jurRwo...
Skipping 9p8JpdcAG1Q...
Transcribing file: PPpgEkX9x1s.mp4
Skipping pA5w8cMvL3Q...
Skipping NBEekaIQPd4...
Skipping qzN0B4p30O0...
Skipping qOn5o5MepQc...
Skipping VsPCUwDKESE...
Skipping RLUSj3eBAoM...
Skipping wwS8otySCO8...
Skipping 5cpOCO1Yglw...
Skipping T7w64SiSqzg...
Skipping -niCVAfkHXw...
Skipping q0A89wqTVOI...
Skipping qoqK3RQMDiE...
Skipping 7mKJMZiWs8M...
Skipping BOrOcnI1bvA...
Skipping jqoO9KtoXJE...
Skipping nzYUXDpAwKk...
Skipping 5z71_iYeRsA...
Skipping 1rsb_2AX3qw...
Skipping IDmqBTKNNZw...
Skipping tpA2xGQiAlY...
Skipping icA_N1AXyr4...
Skipping NIIBubn7HFU...
Skipping RiBlOG_Mez8...
Skipping bq2hrWcrY6g...
Skipping GtAxSqN3iTs...
Skipping 4DPYSeR2NeY...
Skipping 1bqPPXFS00U...
Skipping SMwFmfomZXo...
Skipping _mbvmoe3dAI...
Skipping evXb_rnR81c...
Skipping 1p5wIwCfUmM...
Skipping GRNSVObmKDw...
Skipping tbfw7cqHng0...
Skipping PhdqaeQQIoI...
Transcribing file: 65VVVi14Rb8.mp4
Skipping bnjiYnza5NQ...
Skipping no7tc2LV3Y4...
Skipping 5lQqweLho9Y...
Skipping uiObMNm_ruA...
Skipping -FehjRm_b60...
Transcribing file: OI7WnlahnCk.mp4
Skipping NNmvuX0BWEU...
Skipping Cnk4RbhQ8kg...
Skipping 6TA46GgJGhg...
Skipping MNGjWVerCFo...
Skipping ZRB9aqIVsIY...
Skipping e8VV9bU0Jh8...
Skipping VjObuXDK1LQ...
Skipping jckM1lCKFnE...
Skipping yH4U0TGG6x8...
Skipping JfQ-wekRB6Q...
Skipping ELP1ylYJxco...
Skipping nsR0PEPiLEc...
Skipping i0TKewA7cZQ...
Skipping CkDkeS5mwkg...
Skipping t2snUtUdtWs...
Skipping Kmo3oc74u9w...
Skipping irTDYTwXSqk...
Skipping Yx-PW4qYEHY...
Skipping YfBWbU4rSxo...
Skipping zjMWa5CxPCg...
Skipping QmM2Q5oGRnw...
Skipping HG4HhtFI_54...
Skipping Ok0JsPsx7Cg...
Skipping asscF9W9tqQ...
Skipping ScdRSxPl-j8...
Skipping V0RcTomj8Y8...
Transcribing file: Sy1kfBmk5L8.mp4
Skipping AlZQoLTsaqo...
Skipping VswQFRLqqos...
Skipping 4JUILCPGtK4...
Skipping 2LwkOWsrIGY...
Transcribing file: XbdGzVtf_cw.mp4
Skipping -vcPuEp-k48...
Skipping dfkjkRYGO_A...
Skipping G8n9VuWkApo...
Transcribing file: 1EQVzFTMsOg.mp4
Skipping o5jXDE2zqp0...
Skipping gsIG4pMd-dM...
Skipping NP1D1MB1mMk...
Skipping 3UoLxv1rsRc...
Skipping G4znn3tal8o...
Skipping pMFMUxIQZMc...
Transcribing file: RJzftSQzy5A.mp4
Skipping 1JfqLkSAvY0...
Skipping IklwQUD2vQo...
Skipping uJ52M1O1WeU...
Skipping e56mxQiDxYk...
Skipping M53_OE2naTs...
Skipping 89tUriuaGzI...
Skipping YWiNfPRNXsQ...
Skipping 0HQySp30C2U...
Skipping Yut8_Lq5dmY...
Skipping v8soeX3iWNA...
Skipping 6arq5QI0KzA...
Skipping OOVxpdOL75g...
Skipping 7HaInmJ8z1Y...
Skipping B28FiNWb5iU...
Skipping OXU6ZMDkM8A...
Skipping PEY_h-q7Hsw...
Skipping I8kiCAetpYc...
Skipping QxUFWzfEqR4...
Skipping HVv-NXFWuuU...
Skipping bdtC48xv00o...
Skipping 5JIUS8uFASU...
Skipping Sj7OVPhQewI...
Skipping Kz5HUUlKHlc...
Skipping 4uy86N72awY...
Skipping zHXvl_3V0Gc...
Skipping K7hr1SOFoXQ...
Skipping tH4xGPBetPc...
Skipping dBkkYImTnUY...
Skipping zIItPqeJy3I...
Skipping j2wgK0kG884...
Skipping 5ReuR7sghB0...
Skipping P6QDiHSm_3o...
Skipping xiDsAGoUOxA...
Skipping _-0-ji3BYfM...
Skipping 7IFPsttWry4...
Skipping tUw9uX6RsIw...
Skipping bbBxWESCZ78...
Skipping Q06WOLF4Uqc...
Transcribing file: K8WsioPGd0k.mp4
Skipping FurAOY9Z0Ko...
Transcribing file: fUtqDCI5liM.mp4
Skipping K7uw2SKNuz4...
Skipping dn_7UL0EQqA...
Skipping dKtI2-iEywY...
Transcribing file: NyQQRRG-ebY.mp4
Skipping lSr2afXh6xE...
Skipping 66NQa52g1G8...
Skipping P_9g6fkf7FE...
Skipping B2LFVh1m5dQ...
Transcribing file: lrccaY_csaY.mp4
Skipping A1iITpffUgU...
Skipping iDm9GhKmOOk...
Skipping NkEhdnXpCJ4...
Skipping Cv370wx9iug...
Skipping Mm7J5agmzE8...
Skipping mN2CJ59B1WU...
Skipping LPW3AkjRDkY...
Skipping TxGjC-unTlg...
Skipping NlOCQg_3wc8...
Skipping naTuHoUK-UU...
Skipping 6v_KC9mZydI...
Skipping IXwLy32EIGE...
Skipping cD-BH9eobMs...
Skipping uwkPuhOCHkc...
Skipping e_1Ky8YpuKM...
Skipping oxJ3W7chNJM...
Skipping 1wBcaYIcGS4...
Skipping OOMKlIUHKNY...
Skipping jVsFLMQBLLw...
Skipping gFjIkq2TqlI...
Skipping N_9-ewwdsFI...
Skipping 0MbPOlxKwtA...
Skipping CTCDuJucbAo...
Skipping ZoUbuEuwCBg...
Skipping TWVG90ztSYI...
Skipping mzFJA61VgKs...
Skipping FsDnJpTmlWQ...
Skipping 3Eyq93SqnNc...
Skipping cPAxbV3_9Sw...
Skipping ZTrfesm_H5Y...
Skipping c31gnELd2DU...
Skipping z-yn9I0YwtY...
Skipping VMvUN80AIQs...
Skipping Zn24xCYtfTk...
Skipping eZBOhpxxMaA...
Skipping cyjlLbjjzLU...
Transcribing file: zufyvx_T4aQ.mp4
Skipping 2_AVu1W56qg...
Skipping OjYhAzk8MYs...
Transcribing file: nIJ6w7ezTtU.mp4
Skipping yDrrjWDsbiI...
Skipping xla7xLKWJCs...
Skipping 9jl08ZTmAq0...
Skipping 5jOkQea9u60...
Skipping 31OQjXpgZKI...
Skipping 7Fb-RQL1l-Y...
Skipping cydns9FBmkI...
Skipping oOm9h9trr0o...
Skipping 4N42YPw2Xjo...
Skipping YszAGsqOdOQ...
Skipping YyKxICl14Pw...
Skipping ZSpReycfeKQ...
Transcribing file: Hw6Oh4l4zWo.mp4
Skipping 2oOLshfSPeA...
Skipping 65h7fuucNsg...
Transcribing file: sKN7ZB02G9E.mp4
Skipping beeZoADGL-w...
Skipping NpLyAvlowtA...
Skipping TK86lRpx1iA...
Skipping xd-KJAaKqPo...
Skipping FcR_IseDL54...
Transcribing file: w-JEtbawc3U.mp4
Skipping EqJ0o-feeZ0...
Skipping CYehAVo4pxk...
Skipping p1pVPuiFKdU...
Transcribing file: JildWmg6hgc.mp4
Skipping MvgIgPv0DUQ...
Skipping 0QqIeHlQXVI...
Skipping V1kPFqp8TWI...
Skipping pibnm8Mz2Ac...
Skipping PQbHJa6FmRI...
Skipping 4iHetKRd4xE...
Skipping Qmm46xgetUY...
Skipping UJ7b5CPExEA...
Skipping BZ8LhxPZZhA...
Skipping Pv-N3zjRnOY...
Skipping 0LdS3n3Fx1k...
Skipping IATO9z8Dj3k...
Skipping L5OkO1JlylI...
Skipping IdTrvrwVd4E...
Skipping dQGBJwuHMzQ...
Skipping Ltp-btgLscM...
Skipping xi0u0brceiQ...
Skipping PaNJDHmafJk...
Skipping A7NaVsDM2dk...
Transcribing file: fAIdBikhRzU.mp4
Skipping mrEcSybzaW4...
Skipping ZqNQ2RXWm4I...
Skipping QUT1_No5Dak...
Skipping Fr85baH1ZII...
Skipping PDNUFICCJzM...
Skipping 3KgLuOjbyT8...
Skipping yWmTWy8raGU...
Skipping UwoXNJXpPSU...
Skipping meVTXCCoTCU...
Transcribing file: 82wv9VluzyA.mp4
Skipping g3ccIAdm-e0...
Skipping 2WSdl8Bgdhs...
Skipping ZLxWwqV3n6k...
Skipping n7_WdcKyDjI...
Skipping IN0dWg_FKHY...
Skipping MPLHDFwqGhI...
Skipping NuNeKHbWuw8...
Skipping PXgF5nPkRy4...
Skipping JSeIxyhA5tI...
Skipping sw2Cg8XroqU...
Skipping BmOStlfgy7E...
Skipping allNrz1gVxs...
Skipping 5Yj54pwuVoQ...
Skipping Uft6NP7rgLs...
Skipping nxyLQwqeYkI...
Skipping wgWjA8Odswk...
Skipping KQEzh9Ri6YM...
Skipping GdKwj8XS61E...
Skipping Dz_d3m-7l_I...
Skipping mS5RTgPiR4k...
Skipping oLGKSqJez1g...
Skipping Bf8rawvBZqE...
Skipping -0BNev8b8CM...
Skipping Gv4wyqhCwJQ...
Skipping AaJsOpD_u4Y...
Skipping xLmfqCu1vgA...
Skipping 5aNq8BQ06TU...
Skipping Cn-A8L-XLvo...
Skipping KQPZH6u4LtA...
Skipping dDzTXEQJYJk...
Skipping Uw9OCFE-n2c...
Skipping ZYd3zSKD9hs...
Skipping r2cQRHQvk5I...
Skipping CoquNKQ4d5A...
Skipping BzFelZnSxBU...
Skipping M5cdWTalL4w...
Skipping D4_r-5B6nvU...
Skipping YQTYJ4QBmy0...
Skipping zcJll5oN3Uc...
Skipping y8dXGLocojU...
Skipping EvVpRp2nx90...
Skipping ih4X28CBxz0...
Skipping CKM7UyM0Kcw...
Skipping FZIeRyTq6T8...
Skipping bADLEuKGu8w...
Transcribing file: ZvMj_xZowBA.mp4
Skipping FHZl8M16MLk...
Skipping yhQwxU9UdFg...
Skipping a1WNmES1j5Y...
Skipping _0FNNp2nsBo...
Skipping 7EUsg6VKMIw...
Skipping VF0fhjk54f4...
Skipping RG28p7CXx7E...
Skipping C6M2AbDNGOE...
Skipping OJfMalFVQpI...
Skipping eExNnVkpIsM...
Skipping ThzDfsH3OxY...
Skipping gz1ow2MDMUw...
Skipping -IsXiyratbo...
Skipping x5jIts1SVdk...
Skipping XD11OUfnyXM...
Skipping Pd9jyFcPZ5Y...
Skipping nOzea5B7W1U...
Skipping 1HiBLQCqpcY...
Skipping 3xCEAwXgSRA...
Skipping JoimqGNSGXg...
Skipping kQbAmCyfSIo...
Skipping awEBifnANHk...
Skipping T3M7P9jbaoo...
Skipping slRetiAY1Kw...
Skipping f1H4VDa9OQI...
Transcribing file: J3t4WoYppC0.mp4
Transcribing file: 5M5EAVATFB8.mp4
Skipping 35p74c3f978...
Skipping nM78EoMiBbM...
Skipping kBjmYWZ7JIw...
Skipping reIM-JjsCvE...
Skipping yKmEkvnlbBs...
Transcribing file: XrPQuSmdStA.mp4
Skipping xd7CvCZUnbU...
Skipping ygblfqUNvC0...
Skipping We-gMRrNwNY...
Skipping 4XdbutKiLj8...
Skipping -Fmmi_iGIlc...
Skipping aCnZW6no12s...
Skipping TzVAdZIfPYA...
Skipping I5rOd1nOK1w...
Skipping LYKB8LF8ejE...
Skipping 6-nlfAzOVbQ...
Skipping U4eR_eUttPE...
Skipping oQRSpriX9T0...
Skipping KYMs-gKWAFQ...
Skipping y5HGNvBeJnk...
Skipping JuGUk08DNiw...
Skipping 8pxBSdzPRkw...
Transcribing file: UM3LTmyv_yM.mp4
Skipping 3pfuGCvml6I...
Skipping Pk6pp-89q_0...
Skipping YqhCQOC0alc...
Skipping bIGQMDeCo0A...
Skipping R1F0h_0E5Sc...
Skipping I_mfaD9wZ5o...
Skipping QvyKuAteOto...
Transcribing file: jeTERZOo_uc.mp4
Skipping sn7JUlb4Gp8...
Skipping 2wK455dURDg...
Transcribing file: wK13-ooJ1yw.mp4
Skipping -UUS4QXXV3s...
Skipping j2F5nbNNOSI...
Skipping Arw_qzO4GM8...
Skipping qSTO8k5EgCw...
Skipping EOXmGEKwzsc...
Skipping IcyFf-zvkqc...
Skipping XXFpWP6hVjY...
Skipping FuSbXtQPvg0...
Skipping GQtNRrK9S2s...
Skipping 8WhBRKSo7Ow...
Skipping KvvT0PD3hUE...
Skipping 5lrz7rJn4cE...
Skipping ZXnqZY3NoF4...
Skipping 9ysofS9WFTk...
Skipping -HO1iToFbx0...
Skipping _Wn6Kr4eSbc...
Skipping yAxTqO_hmck...
Skipping Cxw5brN3J7s...
Skipping IrEH0P0zt_E...
Skipping RBuOtelbYss...
Skipping dXWXhyY61Xg...
Skipping mT4oik4POTc...
Skipping AxzsD8_zUGI...
Skipping wE8Im2Svaeg...
Skipping PTab96mxbdk...
Skipping B70ixxv_Pb8...
Skipping TGtW_fR2zdA...
Skipping cXv2POSN6iM...
Skipping ho1ExbG4elg...
Skipping MF41HcW8qgc...
Skipping PeF1Vzbo4vg...
Transcribing file: 7sUhacvXPbc.mp4
Skipping V48Sq5G8Y2Q...
Skipping n3RcMpXqgDs...
Transcribing file: CdrmPNhGhiU.mp4
Skipping wDzthvjoH4w...
Skipping x3JEq5TpPHc...
Skipping wKNy3uRuhQ8...
Skipping ZX9AkkVdGWU...
Skipping IdgWnFyDfRI...
Skipping loiMTmoYT_k...
Skipping zQGeKJ9EEZU...
Skipping Q3u98Gz2d4g...
Skipping PvZLF9Lph4Y...
Skipping pEU5dBjvLLU...
Skipping Xs43b-vvWe8...
Skipping s5GGsrazJIc...
Skipping j2EWP9ke1Qo...
Skipping otBNapiwhKs...
Skipping 1a_qKXruRHY...
Skipping lvCALDe7CSU...
Skipping Q_Yt6QMTZmU...
Skipping sEX4YTbNYBQ...
Skipping vXnzMt7UZZc...
Skipping dPWx7Yv4vlM...
Skipping diSkE3YLA1I...
Transcribing file: 0Plzm-YVK1k.mp4
Skipping xNfFKjLskzs...
Skipping G-xqE9fhEaE...
Skipping z5BMi7e4gww...
Skipping L_UYXXzJ-lQ...
Skipping Xg27iMXwdV0...
Skipping 8snYdXgijic...
Skipping DQaxmDshytA...
Skipping 9WodVxIxsWE...
Skipping TECT7T3_OIQ...
Skipping CHSpBsug6WM...
Skipping 5YDSMEmELZo...
Skipping 3Ei164DyooQ...
Skipping gdEErSFJ5M8...
Skipping 1lGSEF1QcyE...
Skipping LK8iOiqzohE...
Skipping ENIVklHU2ws...
Transcribing file: nPzM1H6IbK4.mp4
Skipping JNQEPrS2YSI...
Skipping PC0SwkpfgMw...
Skipping DYLWxZaVQR8...
Skipping T31IOVLYfQk...
Transcribing file: mHgn-pRgWGQ.mp4
Skipping v899OGwjgkE...
Skipping Ex2wfyAsHT4...
Skipping -jKpGW4qD6A...
Skipping FTY-fgTkBoc...
Transcribing file: 2CqGnC1gP1M.mp4
Skipping ztfHncV_L_A...
Skipping bEkJr-vujf0...
Skipping 3hYJRD-PWXc...
Skipping xXqkUu-E4us...
Skipping kZ0UXEAs-1E...
Skipping CsTZxSVGxUI...
Skipping -nfefNevHCE...
Skipping 4TOf7i16E4E...
Skipping b2okeTG_E0g...
Skipping -9NbedNizN8...
Transcribing file: WuZhDt8AAZo.mp4
Skipping Y7bscFjswmQ...
Skipping MNP0SMIY0nI...
Skipping 6tKC_cDC2Vk...
Skipping NKcBv-31b0I...
Skipping 4UNOWFJH_aQ...
Skipping x2VuMMBx5aE...
Skipping rryitHhGwgM...
Skipping cr5CzUyXrPc...
Transcribing file: fJDAVXwIOsM.mp4
Skipping -P037QOXrXc...
Skipping DxQQ18UJ3kQ...
Skipping dSQYgjUZ0mA...
Transcribing file: 994cDHV6UwI.mp4
Skipping LYNpYfnJIoE...
Skipping 3DrIsRIsSKk...
Skipping W5A6cwxYMSM...
Skipping Aj06W0azS68...
Skipping NBGBr_nS9L8...
Skipping lsLWkj5FHaY...
Skipping zpsXvxLGn4g...
Skipping 5BVUeFbq6ao...
Skipping t0to0I4MgNg...
Skipping FLRJ_F3itCw...
Skipping pS1eipMOpNk...
Skipping jYJ2kT_9baI...
Skipping HZ__DIBS2Mk...
Skipping 4CjyqPlwbOI...
Skipping xowi2s40GMs...
Skipping BAtQ0LtWzz4...
Skipping eNddeQ2DM00...
Skipping rq4Y6pBVjxM...
Skipping lb5d93R0B4M...
Skipping sJ3W-2GsuyA...
Skipping DoSw77GpwRo...
Skipping -VsvDZOKPM8...
Skipping ZzItEthwX6I...
Skipping KjVVtXYaP0s...
Skipping LibhVHWPUs8...
Skipping 2ZWp7YWgbJs...
Skipping VPOYAmtv2z8...
Skipping NHHoZFVmUT0...
Skipping lZb3FEBvRdk...
Skipping 8N9SYjJG5hc...
Skipping lVTymkhgpoc...
Skipping tt0M4OdnrOE...
Transcribing file: h5tFnIlrYdE.mp4
Skipping xV28HQK4OEM...
Skipping TFnjxdCzpAs...
Skipping TrvJ1R2XmVU...
Skipping uCfaOFzNVVI...
Skipping s26s6VcVHio...
Skipping 3LameMxAu0k...
Skipping WeO6lkW4_Hk...
Skipping -U8S8Pa6OXE...
Skipping CTt1b0tVA5I...
Skipping zwqMQEG1Wdk...
Skipping 1ATibe4aTSU...
Transcribing file: 7DVuDZrWIoo.mp4
Skipping _3FJ24A0k-U...
Skipping EzrdxJsXMlg...
Skipping cDSqBhtwDlw...
Skipping CWa8D3YMMxc...
Skipping TcmCO_0iVE0...
Skipping JdXVQKdhB4c...
Skipping MNGae9HhA0A...
Skipping PU18CnqZOeo...
Skipping cKI2qaQBCGQ...
Skipping AwIg5PcOyAQ...
Skipping lbaJRLGW-Xo...
Transcribing file: WbjaZPO7iuc.mp4
Skipping w-RVZlU5akM...
Skipping zCYTgUV4FUc...
Skipping _vWVMGtX0Ew...
Skipping oVz-BNSs_2U...
Skipping nn19K7VB0VM...
Skipping hB_KQuQFKCU...
Transcribing file: 8rjlMcpVAs4.mp4
Skipping qTo6HcCZPOc...
Skipping _8Y72awCby4...
Skipping K9sO9WCTjKA...
Transcribing file: FcfnqMm9IsI.mp4
Skipping eco6KL_qtK0...
Skipping smj1FPipKrc...
Skipping lmENHIe1vBI...
Skipping i8Nq4dE-dnw...
Skipping pM7tHNLlFH8...
Skipping h7yTKbOJjwg...
Transcribing file: DGa-3HY38W4.mp4
Skipping E0KJjRYS4G4...
Skipping 3fZU8MPC3p0...
Skipping bvLLu4PlUng...
Skipping VZsHFormuGg...
Transcribing file: cM4cMIoyd9E.mp4
Skipping LBaB8tcl7eM...
Skipping gPjtlJLPYj4...
Skipping KbskOspIpc4...
Transcribing file: N7O6QPogoRA.mp4
Skipping awE8mdc13ls...
Skipping eOulwXmYUzc...
Skipping hLUZ6HLcztg...
Skipping LIVtbMszuuY...
Skipping _UJW13G7n-A...
Skipping 7haoZvDaI2M...
Skipping Z1SlCPZC7tA...
Skipping AJlS7Vg_-N0...
Skipping cJiKmYMQTrw...
Skipping VHA_E3YTfDk...
Skipping BbxjeajhEAI...

kipping awE8mdc13ls...
Skipping eOulwXmYUzc...
Skipping hLUZ6HLcztg...
Skipping LIVtbMszuuY...
Skipping _UJW13G7n-A...
Skipping 7haoZvDaI2M...
Skipping Z1SlCPZC7tA...
Skipping AJlS7Vg_-N0...
Skipping cJiKmYMQTrw...
Skipping VHA_E3YTfDk...
Skipping BbxjeajhEAI...

