Beginning transcription...
Beginning transcription...
Beginning transcription...
Beginning transcription...
Beginning transcription...
Beginning transcription...
Transcribing file: 0XfFNPedsxE.mp4
Transcribing file: vhkJcth8rBQ.mp4
Transcribing file: R8ScnMiKzNw.mp4
Transcribing file: bitA0S5sp38.mp4
Transcribing file: 0Zf94roIhn0.mp4
Transcribing file: 3GAeM0Qpd7w.mp4
Transcribing file: wu7PjKawjwI.mp4
Skipping OOVxpdOL75g...
Transcribing file: BZpkzEVp7iE.mp4
Transcribing file: cvzHcPP_mLg.mp4
Transcribing file: aGMtfa7arkc.mp4
Skipping 7HaInmJ8z1Y...
Transcribing file: GG4WKfZyz-E.mp4
Skipping B28FiNWb5iU...
Transcribing file: 9rXdkxDNegM.mp4
Transcribing file: KLAQJdB8jXY.mp4
Transcribing file: WGJrx8ONn-c.mp4
Transcribing file: JzkjgdjxlHA.mp4
Transcribing file: Y0xVy4okE1o.mp4
Skipping OXU6ZMDkM8A...
Transcribing file: T7BRytbenm4.mp4
Transcribing file: WKrANHuWM8E.mp4
Skipping PEY_h-q7Hsw...
Transcribing file: jvL5BOXYaP4.mp4
Transcribing file: 7gei4BANtnk.mp4
Transcribing file: Tjc--PMHXos.mp4
Transcribing file: bCB1Gr7bUsI.mp4
Transcribing file: 9_xSxGHNy_E.mp4
Transcribing file: PiH4eVCtz00.mp4
Transcribing file: iwa-LG7pTC4.mp4
Transcribing file: 8JWRvYence0.mp4
Transcribing file: C_bU1HRpQ3A.mp4
Skipping I8kiCAetpYc...
Transcribing file: 7Dt4-elD_pw.mp4
Transcribing file: 62IkIsFUZko.mp4
Transcribing file: R4G4AiuWOSk.mp4
Transcribing file: 48ZuVCH6vv0.mp4
Transcribing file: TWs7XaImBhw.mp4
Transcribing file: E5FPbDRMLEE.mp4
Transcribing file: 9kk1DEF6oN8.mp4
Skipping QxUFWzfEqR4...
Skipping HVv-NXFWuuU...
Transcribing file: c2w7xBv4-WY.mp4
Transcribing file: E6t7YhtVrtw.mp4
Transcribing file: IdRcE_QaH5k.mp4
Skipping bdtC48xv00o...
Transcribing file: psh76blOUPc.mp4
Transcribing file: BQMpPDuqQIY.mp4
Transcribing file: ObyTBJbHaXc.mp4
Transcribing file: f32a8B4-ESg.mp4
Transcribing file: FU7DBlgGWY4.mp4
Skipping 5JIUS8uFASU...
Transcribing file: jdeS8Z3-fKg.mp4
Transcribing file: 3DmfQ72BsnY.mp4
Skipping Sj7OVPhQewI...
Skipping Kz5HUUlKHlc...
Skipping 4uy86N72awY...
Transcribing file: V90Hk4a8WDQ.mp4
Transcribing file: eCPkMWzkgvc.mp4
Transcribing file: BV6-PsToR6w.mp4
Skipping zHXvl_3V0Gc...
Transcribing file: 8_-PGVEq6ho.mp4
Transcribing file: 5ZcKPWeyxh4.mp4
Transcribing file: JTxq1Gx3odQ.mp4
Skipping K7hr1SOFoXQ...
Transcribing file: AlJAPkglYA8.mp4
Transcribing file: pS4S1pWq0_M.mp4
Transcribing file: yp36OYJ19e8.mp4
Skipping tH4xGPBetPc...
Skipping dBkkYImTnUY...
Transcribing file: c725bJSLQb8.mp4
Transcribing file: OEYLDvesXqI.mp4
Transcribing file: 6cigL0mgrtQ.mp4
Transcribing file: wJxM3POU92w.mp4
Transcribing file: lcTdGjc6Fuw.mp4
Skipping zIItPqeJy3I...
Skipping j2wgK0kG884...
Transcribing file: UEOi_VB6viw.mp4
Skipping 5ReuR7sghB0...
Transcribing file: gHVA_FyXvPk.mp4
Skipping P6QDiHSm_3o...
Transcribing file: 4XraLIgNfTc.mp4
Transcribing file: GxcLnbe5UgI.mp4
Transcribing file: 68x1H9aVTbs.mp4
Skipping xiDsAGoUOxA...
Transcribing file: 6hvaAQpMQmc.mp4
Transcribing file: 59oRZEDHDgw.mp4
Skipping _-0-ji3BYfM...
Transcribing file: NxVVqu1wciU.mp4
Transcribing file: _YcO2jorBG4.mp4
Transcribing file: UjoClde3Dq8.mp4
Transcribing file: lRPzX5i3pMM.mp4
Transcribing file: mybbw-jR5Rc.mp4
Transcribing file: 6m70MZiYkE8.mp4
Transcribing file: _zX2pe0g3_o.mp4
Skipping 7IFPsttWry4...
Skipping tUw9uX6RsIw...
Skipping bbBxWESCZ78...
Transcribing file: LlY2ROUtNVc.mp4

Transcribing file: PK2aEBnJS88.mp4
Skipping Kmo3oc74u9w...
Transcribing file: yWSBCuNCJWA.mp4
Transcribing file: 3332xhJhM3g.mp4
Skipping irTDYTwXSqk...
Transcribing file: 1B12PYzzC8g.mp4
Skipping Yx-PW4qYEHY...
Transcribing file: pM_y9eNC1HM.mp4
Transcribing file: eSFzNVgUf5U.mp4
Transcribing file: kFdvZ0J6XOI.mp4
Transcribing file: INVHRMehj1Q.mp4
Transcribing file: 7p1zpRbcLbM.mp4
Transcribing file: UEJCpwGT4o8.mp4
Transcribing file: i0pvLoxahlY.mp4
Transcribing file: haxczXeMMgY.mp4
Transcribing file: nrP72QViJ1E.mp4
Skipping YfBWbU4rSxo...
Transcribing file: dPWb8s3eu_A.mp4
Transcribing file: vToFPi-3XdE.mp4
Transcribing file: JKT7cSFf2ic.mp4
Transcribing file: oQGT8ZYjCsM.mp4
Transcribing file: bVBS3urkD_I.mp4
Transcribing file: 9Zr_bsV5uI0.mp4
Skipping zjMWa5CxPCg...
Transcribing file: RwL_-N0kDAQ.mp4
Transcribing file: AYEo2udXM80.mp4
Transcribing file: c6hnMGEM2yY.mp4
Skipping QmM2Q5oGRnw...
Transcribing file: gLdEkWEOFn8.mp4
Transcribing file: 5n452vfBX8U.mp4
Transcribing file: AmjvmRX5jHI.mp4
Transcribing file: sbyuwd1nDVo.mp4
Transcribing file: u2EtDAKlyyg.mp4
Transcribing file: g77X8QY1ptc.mp4
Transcribing file: OPLCdIa-_CQ.mp4
Transcribing file: VjwvOLLe6JA.mp4
Transcribing file: 6anV5PLXbyE.mp4
Transcribing file: wi5qlgoAdbs.mp4
Transcribing file: LsN4gLe0oOY.mp4
Transcribing file: ryhJl_F_zaM.mp4
Skipping HG4HhtFI_54...
Transcribing file: TmUkF8YQpiU.mp4
Skipping Ok0JsPsx7Cg...
Skipping asscF9W9tqQ...
Transcribing file: 1WQPvImxPWU.mp4
Transcribing file: VZErgnP7i98.mp4
Transcribing file: Q6kfgPThDn8.mp4
Skipping ScdRSxPl-j8...
Transcribing file: j1UwZ_o6vgs.mp4
Transcribing file: aYtFJn0L6io.mp4
Transcribing file: quOoM0938n8.mp4
Transcribing file: UWwg14RqZBE.mp4
Transcribing file: Z_WAs6xczTA.mp4
Transcribing file: XZ6wlFb2XjA.mp4
Transcribing file: xtCmZwnSADs.mp4
Transcribing file: yLbSaZJg1v0.mp4
Skipping V0RcTomj8Y8...
Transcribing file: RWfzhrNCU5g.mp4
Transcribing file: -W4q3VsX4aY.mp4
Transcribing file: B5mRk8DAobc.mp4
Transcribing file: fj8dJmOaRyg.mp4
Skipping Sy1kfBmk5L8...
Transcribing file: _96hrnsNlVw.mp4
Skipping AlZQoLTsaqo...
Transcribing file: b3YSIsKaQF8.mp4
Transcribing file: 1Xoq1ogNmX8.mp4
Transcribing file: ES4oyTMV7vU.mp4
Transcribing file: 0iAZa5bHQj0.mp4
Transcribing file: hR4DiU8wcVk.mp4
Transcribing file: MnvcvVn59a0.mp4
Transcribing file: qectmrxIl8I.mp4
Transcribing file: XtsN-4M0iRQ.mp4
Transcribing file: IwuzTfWYbw8.mp4
Transcribing file: HVAGxHQ0GL4.mp4
Transcribing file: GBp39cnR-UU.mp4
Transcribing file: -oscUu0f7Do.mp4
Transcribing file: Z21tkXFLIe8.mp4
Transcribing file: TJRV7jfYano.mp4
Transcribing file: z7M2Jfy_Mj4.mp4
Transcribing file: yRsa_8ndqO4.mp4
Transcribing file: oKN5usrd7eU.mp4
Transcribing file: ziM6AXAlf80.mp4
Transcribing file: nC4NaKqco6Y.mp4
Transcribing file: tnlbDZoT9E0.mp4
Transcribing file: cIet0NQRgug.mp4
Transcribing file: AtXKSQ8zt54.mp4
Skipping VswQFRLqqos...
Transcribing file: M6tMTuiC1nU.mp4
Transcribing file: HowtzMPydeM.mp4
Transcribing file: EuAZ3vtCW3o.mp4
Transcribing file: EPYy_g8NzmI.mp4
Transcribing file: e_aorQ-baww.mp4
Skipping 4JUILCPGtK4...
Transcribing file: QszMgOWU4ts.mp4
Skipping 2LwkOWsrIGY...
Transcribing file: HneCGtBhVVA.mp4
Transcribing file: fs5Z_Zwjek4.mp4
Transcribing file: FDoiGCgm1gc.mp4
Skipping XbdGzVtf_cw...
Skipping -vcPuEp-k48...

Transcribing file: uqbdQXvwR-U.mp4
Transcribing file: MBxRNS5CpzU.mp4
Transcribing file: UFv-JCQqWqo.mp4
Transcribing file: TJ8ua_EWBIc.mp4
Transcribing file: AK7zsELUKxg.mp4
Transcribing file: XTPRwpr16jg.mp4
Skipping yDrrjWDsbiI...
Transcribing file: 1queJOn6Ghs.mp4
Transcribing file: QR7hhTEL6eg.mp4
Transcribing file: tmX0_tLZINs.mp4
Transcribing file: 4f6YdxlV2XM.mp4
Transcribing file: kxAEiHCErSA.mp4
Skipping xla7xLKWJCs...
Transcribing file: L6mlq0KH20k.mp4
Transcribing file: 0r8WrmE1fwg.mp4
Skipping 9jl08ZTmAq0...
Transcribing file: y9EBsD1BfXQ.mp4
Transcribing file: Et9UwZPPlOA.mp4
Transcribing file: 0OdQVB-akww.mp4
Transcribing file: FeGvZLPccXo.mp4
Transcribing file: 1o4Lf9kh6oI.mp4
Skipping 5jOkQea9u60...
Skipping 31OQjXpgZKI...
Skipping 7Fb-RQL1l-Y...
Transcribing file: PbxO5NNRKYU.mp4
Skipping cydns9FBmkI...
Transcribing file: OhMa9mjj0fk.mp4
Transcribing file: 7pafixynoZo.mp4
Transcribing file: TbvDpagakbw.mp4
Transcribing file: oirGEeV7Q5c.mp4
Transcribing file: 1YWTfrgJOKY.mp4
Transcribing file: HwCVngb5RTg.mp4
Transcribing file: _7ft4v_B2dg.mp4
Transcribing file: wXFzjpMKrMw.mp4
Transcribing file: -XZbe4xgBz4.mp4
Transcribing file: LxWXh6eyMWY.mp4
Transcribing file: L_z5QfaxYAc.mp4
Transcribing file: 9v2ZU4Pg22w.mp4
Transcribing file: bc8ARzfg_VY.mp4
Skipping oOm9h9trr0o...
Transcribing file: z9k5vsXJ2PM.mp4
Transcribing file: SdtIEmwo8j4.mp4
Transcribing file: 3ZptcDA-aw4.mp4
Transcribing file: cd9UMxd0D38.mp4
Skipping 4N42YPw2Xjo...
Skipping YszAGsqOdOQ...
Skipping YyKxICl14Pw...
Transcribing file: ALOg5IY-4g0.mp4
Skipping ZSpReycfeKQ...
Transcribing file: g_bNRoNAXm8.mp4
Transcribing file: eoECZmFyLVQ.mp4
Transcribing file: HXjLA5veyfs.mp4
Skipping Hw6Oh4l4zWo...
Transcribing file: 8UIiIit1K-8.mp4
Transcribing file: e35SQccvJg0.mp4
Transcribing file: GuCROW3eKYA.mp4
Transcribing file: 5ISFuDeqZpU.mp4
Transcribing file: NDyPoVWq3hE.mp4
Transcribing file: ec4p2YcTpcw.mp4
Skipping 2oOLshfSPeA...
Transcribing file: E1tvaWrqE-Q.mp4
Transcribing file: Ph7UWbYUazI.mp4
Transcribing file: 7Q5iJ0asrz0.mp4
Skipping 65h7fuucNsg...
Transcribing file: bL2Y_JZtopY.mp4
Skipping sKN7ZB02G9E...
Transcribing file: T2fmjrxV-5s.mp4
Transcribing file: MLI5yeEDxdk.mp4
Transcribing file: RwUxv9WdJfk.mp4
Transcribing file: mVGepYEsQy8.mp4
Transcribing file: DhGV9QaNNQw.mp4
Skipping beeZoADGL-w...
Skipping NpLyAvlowtA...
Skipping TK86lRpx1iA...
Skipping xd-KJAaKqPo...
Transcribing file: hIfszXItGJo.mp4
Transcribing file: fruy1fraT_E.mp4
Transcribing file: kMYJpRwGttw.mp4
Skipping FcR_IseDL54...
Transcribing file: 0H4uUTF-rq8.mp4
Transcribing file: x1_BBUpSvrg.mp4
Skipping w-JEtbawc3U...
Transcribing file: EnSAY7nWo8U.mp4
Skipping EqJ0o-feeZ0...
Transcribing file: _doR7WEdIok.mp4
Transcribing file: 6j2hSbPH0PM.mp4
Transcribing file: gYSr3nbKktk.mp4
Transcribing file: f1AZu0WP7zE.mp4
Transcribing file: oMHtS6ZKdvk.mp4
Transcribing file: wsE0SiNJ4bg.mp4
Transcribing file: VjZCgV8ysss.mp4
Transcribing file: 2zEeOLFf-m4.mp4
Transcribing file: GqU7XQKTxTM.mp4
Skipping CYehAVo4pxk...
Transcribing file: _cjzD4c773U.mp4
Skipping p1pVPuiFKdU...
Transcribing file: uAtfI5OWE_4.mp4
Transcribing file: dlp_MgVJCYc.mp4
Skipping JildWmg6hgc...
Transcribing file: r1N0ZaXq0FQ.mp4

Transcribing file: 3Ss8SeGcZSQ.mp4
Transcribing file: vhZnBlADAjo.mp4
Skipping vFv135DUIW8...
Transcribing file: V_DDh4aXmdI.mp4
Transcribing file: WtH7hNKyOD8.mp4
Transcribing file: LvFJm_N6uB8.mp4
Transcribing file: U5cOUebj4-w.mp4
Transcribing file: S5EH2SuWs7o.mp4
Skipping Avt1R62hCA8...
Transcribing file: h3f1daARBPY.mp4
Transcribing file: WyJfjPjhrH4.mp4
Transcribing file: IYEyC0lAKFk.mp4
Skipping zk3O_PF0408...
Transcribing file: M79urWuh9d0.mp4
Skipping 0wflNdDDbSc...
Transcribing file: NjPtTlPZIRs.mp4
Transcribing file: DdsHhc48v5A.mp4
Skipping kgVAQci-Zis...
Skipping zdzcQ-2UXeM...
Transcribing file: 3zNij-aGpVw.mp4
Transcribing file: du2I7YeSZlQ.mp4
Skipping 1JkWGgGYPxQ...
Transcribing file: DNPJA2hxIKE.mp4
Transcribing file: NhIZSQqPtfQ.mp4
Transcribing file: FY8ONJsLiQs.mp4
Transcribing file: qzjz2pxX5EU.mp4
Skipping fUCB5GzzI5o...
Skipping FNKvg9zuNRs...
Transcribing file: UK8eY9ku8cs.mp4
Transcribing file: oDobD2Zgw0E.mp4
Skipping Y75-OpJmBWU...
Transcribing file: UX5HgmIqxaI.mp4
Skipping LIsPequ2nXo...
Transcribing file: eNeR0Q85iJk.mp4
Transcribing file: NG1AG96_HMc.mp4
Skipping hftMbH5LyKU...
Transcribing file: __YYU0KfNuo.mp4
Skipping oPAX0a2S1e0...
Transcribing file: 8IUO_I9xuL4.mp4
Transcribing file: V6FVOh_6Ctw.mp4
Transcribing file: UMXAMyK8yfs.mp4
Transcribing file: By9_TXbcCZk.mp4
Transcribing file: ThEB5kSNQr4.mp4
Skipping 6TGJXv8rj3k...
Transcribing file: dOQ626z7E8I.mp4
Transcribing file: OKXHxDtEw3U.mp4
Transcribing file: dCGmldoob8M.mp4
Transcribing file: UVL8NXigTkI.mp4
Transcribing file: _csyW_uFV4A.mp4
Transcribing file: zrQ-3nnQIxk.mp4
Transcribing file: KgygJJCvT1E.mp4
Transcribing file: G1NQYZlmX_Y.mp4
Transcribing file: ZFwVCbMYh-s.mp4
Transcribing file: x9EINniuea0.mp4
Transcribing file: DdroBbSxl_4.mp4
Transcribing file: D7ke3Zr_WbQ.mp4
Skipping inHRltqNWtk...
Transcribing file: w-YH9xW7txM.mp4
Transcribing file: CmAHeJvkzn0.mp4
Skipping ggBdH1aBcvg...
Skipping 0pUIqq2ba6M...
Transcribing file: UfrgMxf2Dvo.mp4
Transcribing file: Hj6KBI2nNeY.mp4
Transcribing file: Bu9Gd-XEDfY.mp4
Transcribing file: 3uc1jCZ7pxA.mp4
Transcribing file: uWlsYs2UsY0.mp4
Transcribing file: bPi-e2yHQlw.mp4
Transcribing file: WCD6iOQuetw.mp4
Transcribing file: CsF5Reg8vmQ.mp4
Transcribing file: 4b9IBKWMMiI.mp4
Skipping NAIkDnfqjEg...
Transcribing file: 9XTeU1S1S_8.mp4
Transcribing file: N9ksKIUItok.mp4
Transcribing file: 07a348wTVaQ.mp4
Transcribing file: jMZ6aYXgVnM.mp4
Transcribing file: vYtTyytcvNw.mp4
Transcribing file: zfgcU3iEMWY.mp4
Transcribing file: eSHO8kHOAR8.mp4
Transcribing file: me1lNYdL7Ik.mp4
Transcribing file: zaGAn8UioXE.mp4
Skipping VFkqrrRYK0A...
Transcribing file: -df9iycJBXw.mp4
Transcribing file: 89ogPIuIIRM.mp4
Transcribing file: RrFX1chJETM.mp4
Transcribing file: yEg0EX2g57E.mp4
Transcribing file: YlH_uORyxHg.mp4
Transcribing file: 3gkNRZ0J2dg.mp4
Transcribing file: eamCawll6H4.mp4
Skipping MVZzYhjb-lA...
Skipping 9Pg9adwK0-c...
Transcribing file: wVk3_KtRpzE.mp4
Transcribing file: uWWVNq5GHp4.mp4
Skipping EZ5tU45Ti_g...
Transcribing file: K7U66-xZDBM.mp4
Transcribing file: nZ2v_S94tcM.mp4
Transcribing file: Uf7amDTSKt0.mp4
Transcribing file: 0FpTjBrBVDk.mp4
Transcribing file: IhFvUhh4XUg.mp4
Transcribing file: GSAHov2oNTw.mp4
Transcribing file: aUeI7llvvCY.mp4

Skipping jqoO9KtoXJE...
Transcribing file: OFKI7KPfH6o.mp4
Transcribing file: yFddweNVr38.mp4
Skipping nzYUXDpAwKk...
Transcribing file: 0CvdZL1meUU.mp4
Transcribing file: ZLGKGgtxjp0.mp4
Transcribing file: hkP0Q1Rkq-E.mp4
Transcribing file: ISgU77l_79A.mp4
Skipping 5z71_iYeRsA...
Transcribing file: Na7iuKVr7Zk.mp4
Transcribing file: ovxPDqZMo8k.mp4
Transcribing file: dvLfp5Bu3xs.mp4
Transcribing file: Kw6iqUbT2C4.mp4
Transcribing file: nSsCuDRcBks.mp4
Skipping 1rsb_2AX3qw...
Transcribing file: GFIhkuB6yJw.mp4
Transcribing file: LUYbgHjA84A.mp4
Transcribing file: GMyj6rM00qY.mp4
Transcribing file: 5WzJdcJ3wlw.mp4
Transcribing file: UMNlv_ik63s.mp4
Transcribing file: mu4ijEAUIDk.mp4
Transcribing file: 8xG_RXSoTiQ.mp4
Skipping IDmqBTKNNZw...
Transcribing file: NsxLZUKm--s.mp4
Transcribing file: R2KVePuMZ-s.mp4
Transcribing file: GfguLZBb2ok.mp4
Transcribing file: Lm4p_ZfZGhk.mp4
Transcribing file: 5NfReLiGVWc.mp4
Transcribing file: rWHUxjYi3VY.mp4
Transcribing file: _3rZbJcR1bg.mp4
Transcribing file: wzy9ddsZvzE.mp4
Transcribing file: uhMleFNPqT4.mp4
Transcribing file: GxJWZ3pILv4.mp4
Skipping tpA2xGQiAlY...
Skipping icA_N1AXyr4...
Transcribing file: ezcRUiaa3us.mp4
Transcribing file: 2sTDi7QNchI.mp4
Transcribing file: pKGPOoPgiWQ.mp4
Transcribing file: K105xluiB8s.mp4
Skipping NIIBubn7HFU...
Transcribing file: dSd-G_o3NGI.mp4
Transcribing file: KnH8zqV4hXM.mp4
Transcribing file: TEKf9wWy-70.mp4
Skipping RiBlOG_Mez8...
Transcribing file: BwewhRGR2MY.mp4
Transcribing file: IMpEIOKdNJo.mp4
Skipping bq2hrWcrY6g...
Transcribing file: 0lDgEcr4-oM.mp4
Transcribing file: 5jvHW7-zOME.mp4
Transcribing file: NMnYFZ6qqR0.mp4
Skipping GtAxSqN3iTs...
Transcribing file: iUV0s4yqw_c.mp4
Transcribing file: lJ3tki0FQ6k.mp4
Skipping 4DPYSeR2NeY...
Skipping 1bqPPXFS00U...
Transcribing file: Q921rJAOGVY.mp4
Transcribing file: COgLak-nlOo.mp4
Transcribing file: aC81uJmMzPA.mp4
Transcribing file: erBn9qrHE9w.mp4
Transcribing file: fKHFjjE2k9g.mp4
Transcribing file: MdrVb-sL0sA.mp4
Transcribing file: Ch7X6smgTZg.mp4
Transcribing file: kNYv2huvl-c.mp4
Transcribing file: wpfQeYhwSXg.mp4
Skipping SMwFmfomZXo...
Transcribing file: tMpUnni9TcY.mp4
Transcribing file: O8QPJq2Jhok.mp4
Transcribing file: mMPwne0YPzA.mp4
Transcribing file: Bc7dwpYOpUY.mp4
Transcribing file: cd47VNlMAFE.mp4
Transcribing file: rqr_2NEivFs.mp4
Transcribing file: taPUEMnY8w8.mp4
Transcribing file: RM5exGU4YEI.mp4
Transcribing file: pCklPidvvOY.mp4
Skipping _mbvmoe3dAI...
Transcribing file: gOU4sBP5gZ0.mp4
Transcribing file: L2hJGOdaLkU.mp4
Transcribing file: hUOMqwa9_uc.mp4
Skipping evXb_rnR81c...
Transcribing file: oFlsjRXbnSk.mp4
Skipping 1p5wIwCfUmM...
Transcribing file: N17qB_l80FM.mp4
Transcribing file: SRg5urko_DY.mp4
Transcribing file: l2oVYuzBrmM.mp4
Skipping GRNSVObmKDw...
Transcribing file: 84qtAVbhMNE.mp4
Skipping tbfw7cqHng0...
Transcribing file: VRv7v87ax9Y.mp4
Transcribing file: _69567_ON_Y.mp4
Skipping PhdqaeQQIoI...
Transcribing file: amN7mmQ_zyM.mp4
Transcribing file: qGjYNM37QxI.mp4
Skipping 65VVVi14Rb8...
Transcribing file: a9N7bzldt3A.mp4
Transcribing file: fHdEIZbBIqI.mp4
Skipping bnjiYnza5NQ...
Skipping no7tc2LV3Y4...
Transcribing file: tXYOLG0W61c.mp4
Transcribing file: vYtNoM48KXQ.mp4
Transcribing file: OuakxTpEmkg.mp4

Transcribing file: 2Va-Q2YibSg.mp4
Transcribing file: vR_vnOtCbW0.mp4
Skipping 5lQqweLho9Y...
Transcribing file: kohU2gTuKvY.mp4
Transcribing file: 7NqUvpDBYZ0.mp4
Transcribing file: fH-yaOiuzxA.mp4
Transcribing file: 2sdNnp6uKxc.mp4
Transcribing file: 9j1eyrp8PZU.mp4
Transcribing file: 8rCg9JzrtRM.mp4
Transcribing file: nZ20h8NxFh0.mp4
Skipping uiObMNm_ruA...
Transcribing file: Z3lz0MvgZ6U.mp4
Transcribing file: nK6KmQ_WENA.mp4
Transcribing file: DDb4OxXlq6Y.mp4
Transcribing file: eobM1VZsGz8.mp4
Transcribing file: G5yX3CXBiYY.mp4
Skipping -FehjRm_b60...
Transcribing file: XzfFFNG5mnQ.mp4
Skipping OI7WnlahnCk...
Transcribing file: Yv8B4SL_jOs.mp4
Transcribing file: CNpUM7c5cCY.mp4
Transcribing file: S98pQHCLcfw.mp4
Transcribing file: tiLQfCNkf7w.mp4
Transcribing file: D6oAubTuHBc.mp4
Transcribing file: i5anHCL0mbU.mp4
Skipping NNmvuX0BWEU...
Transcribing file: znlIW5WzD-o.mp4
Transcribing file: X9LB-6DCSeM.mp4
Transcribing file: TMSBHDdbb6g.mp4
Transcribing file: kpA537juLRY.mp4
Skipping Cnk4RbhQ8kg...
Transcribing file: pJpdpCmGBf0.mp4
Transcribing file: 4LNtssf0KOw.mp4
Transcribing file: DSVCRIt-T0Y.mp4
Skipping 6TA46GgJGhg...
Transcribing file: OUlsTuG39O0.mp4
Transcribing file: OQdGspFcakg.mp4
Transcribing file: IFILbcv85qE.mp4
Transcribing file: QjUzywVvc6E.mp4
Skipping MNGjWVerCFo...
Transcribing file: GNj1sA7x9zU.mp4
Transcribing file: YHJaL_ei4Tw.mp4
Transcribing file: spieipvpY7w.mp4
Transcribing file: PS5-hETo0RQ.mp4
Transcribing file: R0XDeqQ30a0.mp4
Transcribing file: z_wJ_9Pvakc.mp4
Transcribing file: ffIUHdqYl-M.mp4
Transcribing file: Ej34fD0E4xM.mp4
Transcribing file: RNO1nk_rl4I.mp4
Transcribing file: S0x4RxuNAno.mp4
Transcribing file: BIeeqa7zKTQ.mp4
Transcribing file: JgeVk41bTVI.mp4
Transcribing file: SJoB-vCrEPk.mp4
Transcribing file: -S4qrdDxpEE.mp4
Transcribing file: mD6ziURwvn4.mp4
Transcribing file: WnoM3OVPyYc.mp4
Transcribing file: uyQO4-JD2uE.mp4
Transcribing file: gu8d91z6ggU.mp4
Skipping ZRB9aqIVsIY...
Transcribing file: IRbrQ-G4SZM.mp4
Transcribing file: f9HTmER6x_Y.mp4
Transcribing file: MhqFyJtkOM0.mp4
Transcribing file: Azl1IsC3RS8.mp4
Transcribing file: 8mf4d42rezY.mp4
Transcribing file: JPZw1Va9mzw.mp4
Skipping e8VV9bU0Jh8...
Transcribing file: ljlYfF7IvNU.mp4
Skipping VjObuXDK1LQ...
Transcribing file: ERsUXt9GDLg.mp4
Transcribing file: ueWeXCCdZsY.mp4
Transcribing file: Lhms4XAbC3o.mp4
Transcribing file: xhw-c9I8Exo.mp4
Transcribing file: Xt1kI6t8cjI.mp4
Transcribing file: k7hYdQJ868E.mp4
Transcribing file: JqzqUssX2Ks.mp4
Skipping jckM1lCKFnE...
Transcribing file: CW7fOI1jaws.mp4
Transcribing file: SxCahdj52_E.mp4
Transcribing file: Eiui3KOXQDQ.mp4
Skipping yH4U0TGG6x8...
Transcribing file: RXg5axbAtUI.mp4
Transcribing file: 8I_LfawKd6Y.mp4
Transcribing file: kU6305BlV80.mp4
Transcribing file: XbzhpAkXA8s.mp4
Skipping JfQ-wekRB6Q...
Transcribing file: 0oOajYxYZLo.mp4
Transcribing file: RtpbUKN8f0I.mp4
Skipping ELP1ylYJxco...
Transcribing file: HLbwOkAf-iw.mp4
Transcribing file: 0cm1aFzLn6E.mp4
Transcribing file: 9xobsrwXS7Y.mp4
Skipping nsR0PEPiLEc...
Transcribing file: 1JfUqAA9VpY.mp4
Transcribing file: hweOONMrG_0.mp4
Skipping i0TKewA7cZQ...
Skipping CkDkeS5mwkg...
Transcribing file: ZBKY87eex0s.mp4
Skipping t2snUtUdtWs...
Transcribing file: _jyMZq6X4Aw.mp4
Transcribing file: tN8yYTVz1F8.mp4

Transcribing file: EHPfvVcCa90.mp4
Transcribing file: 1e6-R6Vvtog.mp4
Transcribing file: SXYtBT4YCCU.mp4
Transcribing file: GSiAHRt-CxE.mp4
Transcribing file: l38H5H7pAVs.mp4
Transcribing file: RyGx6EMVRFs.mp4
Transcribing file: ODMPShYPdSM.mp4
Transcribing file: UbYJIEJ_bEU.mp4
Transcribing file: lNM5dZlnlmA.mp4
Skipping xT1x2zzJl44...
Transcribing file: 5m3FbmyELos.mp4
Skipping 7BRD9IVFu_o...
Transcribing file: XHls2HEFudw.mp4
Transcribing file: FL64-eN2r0U.mp4
Transcribing file: KwFfqlXAmIU.mp4
Transcribing file: QyBO6P52HIc.mp4
Transcribing file: 6DZ4h3-AAwk.mp4
Transcribing file: ZsLr6XaOQag.mp4
Transcribing file: ixeUTB-epkQ.mp4
Transcribing file: In4BVJUn89I.mp4
Transcribing file: woRHTsbd6JQ.mp4
Transcribing file: duZgc-TgtAc.mp4
Transcribing file: LHirFXrlH7Q.mp4
Skipping uSCBZMbWNIg...
Transcribing file: CrZ18IhAftI.mp4
Transcribing file: KtkSTLFu0yc.mp4
Skipping 2NAZkKoZLpo...
Transcribing file: 8DrFh6RadCc.mp4
Transcribing file: JI37Zf4Ssw8.mp4
Transcribing file: wknw1Kmffk4.mp4
Transcribing file: S3Nc4nThpGU.mp4
Transcribing file: 8gVmnM91atM.mp4
Skipping LeUdQPWLgI0...
Transcribing file: eEuTFv-4gCA.mp4
Transcribing file: jSNVKGpAg4o.mp4
Transcribing file: ZCbYfuTyMhU.mp4
Transcribing file: PpBXw5PJ2xY.mp4
Transcribing file: F1-WUXJbZlw.mp4
Transcribing file: 0OB2q2GR77M.mp4
Transcribing file: r0Ji6a1arbc.mp4
Skipping UTGedfNuU48...
Transcribing file: KxO6oYnV5PM.mp4
Transcribing file: y0md8kdFgx0.mp4
Transcribing file: AcIwnRsoRXI.mp4
Transcribing file: BfgwC6xCAOc.mp4
Skipping -mQmUJyMHlY...
Skipping Jrz8HmL4_Hg...
Transcribing file: V-yivyJ6HSc.mp4
Transcribing file: 8Cda6QTnfbY.mp4
Transcribing file: aGTIdZTQ26Q.mp4
Transcribing file: Vu6b3lM8xmY.mp4
Transcribing file: AH-NA77Mq38.mp4
Skipping -V7Vjjaeohc...
Transcribing file: AB-dfi_0TsQ.mp4
Transcribing file: WN0zKSEKZSM.mp4
Transcribing file: zN0ewz7m3cM.mp4
Transcribing file: kxTJgKzBqjk.mp4
Transcribing file: XQVRlwXnS5k.mp4
Transcribing file: mvoQQsUeaKs.mp4
Transcribing file: E0NhZ9_iypQ.mp4
Transcribing file: sy78vtz8RkY.mp4
Transcribing file: UOnbxiywzZU.mp4
Skipping VnnmlLB6DtM...
Skipping XExgJgXhPKU...
Transcribing file: Ze4SxeHwFr4.mp4
Transcribing file: 1s_lRsRYgok.mp4
Transcribing file: 4vXJ5EG0Pl4.mp4
Transcribing file: zN1dArenRig.mp4
Transcribing file: czLxPUFOmhw.mp4
Transcribing file: p81EeuGFzho.mp4
Transcribing file: LG79i_0M5-E.mp4
Transcribing file: iba9F1Cz3Gw.mp4
Transcribing file: y74LyyUmRV8.mp4
Transcribing file: ZF2s1WkkZOQ.mp4
Skipping WU5SB4476wM...
Transcribing file: MGU6lDyTAf0.mp4
Transcribing file: J4-8pn6JNbs.mp4
Transcribing file: UBC34l4ddxg.mp4
Transcribing file: -xY_BIxz7RU.mp4
Transcribing file: bcnAlURV_nw.mp4
Transcribing file: PoA305dIWYU.mp4
Transcribing file: Ea1Gt4Ak9HM.mp4
Transcribing file: ny2tyrubF0s.mp4
Transcribing file: 7INpBeWgasU.mp4
Transcribing file: zG0tNSj5B_4.mp4
Transcribing file: bglKP_SmTrw.mp4
Transcribing file: hYDlaX-s5gU.mp4
Skipping 57QZbsnBB-o...
Transcribing file: pVin_Q_w51I.mp4
Transcribing file: bGXPDkQjUlo.mp4
Transcribing file: HmRT2sLg-gM.mp4
Transcribing file: YEjEH58qwqs.mp4
Transcribing file: 5KaDbLShc28.mp4
Transcribing file: 0Z8Ub_J2tcE.mp4
Transcribing file: yXmW5GPNHhA.mp4
Transcribing file: WuT4bhgPBWA.mp4
Transcribing file: q3P9OFbju_4.mp4
Transcribing file: G5cepECvDuQ.mp4
Transcribing file: 9Mkl-2GVVWo.mp4
Transcribing file: vOBA-DHE3vA.mp4

Transcribing file: EpLoBHP3gsw.mp4
Transcribing file: x8tHwQ9Qwzk.mp4
Transcribing file: yLMkgamrw08.mp4
Transcribing file: JyH99PMdNFI.mp4
Transcribing file: UapG4A0PoKM.mp4
Transcribing file: DMLH5fqwRdU.mp4
Transcribing file: Vg2t8Eco4G8.mp4
Transcribing file: Ot3o6nb0-Y8.mp4
Transcribing file: Y41a5b-S-Nw.mp4
Transcribing file: Ivddj1zY8sg.mp4
Transcribing file: y9zNoXntplM.mp4
Transcribing file: 2RCZuCIxL8A.mp4
Transcribing file: JixDaIoJrAI.mp4
Transcribing file: LX8lcqnQA2w.mp4
Transcribing file: u5KS3t65mJM.mp4
Transcribing file: knjWRLbgNxs.mp4
Transcribing file: 6ylwIM4FhIA.mp4
Transcribing file: bHpZnp0dGD8.mp4
Transcribing file: GGO553JEME8.mp4
Skipping cJiKmYMQTrw...
Transcribing file: eGPK1H8ew6U.mp4
Skipping VHA_E3YTfDk...
Transcribing file: 8DJeS8hqlOY.mp4
Transcribing file: BqMXuO1uV70.mp4
Transcribing file: _S0GlIapPPA.mp4
Transcribing file: z50urImKRjQ.mp4
Transcribing file: I3vWn0PSwCM.mp4
Skipping BbxjeajhEAI...

Skipping K-k_2k5YejI...
Transcribing file: ukoxwAUOZNw.mp4
Skipping 2GcJAnbnqyw...
Transcribing file: D1gCKfj1me4.mp4
Skipping LKcFEyco2lQ...
Transcribing file: wc_wdE9C-L4.mp4
Transcribing file: JQkPKZCovvk.mp4
Skipping CqkISnvh0M0...
Transcribing file: jOXsTm5MT3E.mp4
Transcribing file: rpEotp_2oqM.mp4
Transcribing file: gU4se_wcScc.mp4
Transcribing file: Bc4ecvD_rMM.mp4
Transcribing file: A50P11nWh58.mp4
Skipping VE3ydyjh3Xw...
Transcribing file: k5AESootppc.mp4
Transcribing file: 2OpNvVntS68.mp4
Transcribing file: mVxDCqNoRC8.mp4
Transcribing file: PeDv3LnrUbE.mp4
Transcribing file: jcuE29siVx4.mp4
Transcribing file: FWk_NyCJU1Q.mp4
Transcribing file: 11rcjGbx494.mp4
Transcribing file: ojmdtqRLSjw.mp4
Transcribing file: 6scUcWc0fdM.mp4
Transcribing file: Pmg5pL9LMcg.mp4
Transcribing file: EzESv3N2yqs.mp4
Transcribing file: QALxEt6OFpc.mp4
Transcribing file: xKV-NTbX0qc.mp4
Transcribing file: ck21nlI8L9A.mp4
Transcribing file: IJznT0YP9QI.mp4
Transcribing file: GCXzseyap2Q.mp4
Transcribing file: g7ACB2yCOgI.mp4
Skipping l_KPs07Ijzw...
Transcribing file: XPkunjq3feY.mp4
Transcribing file: FLaXudtnfFA.mp4
Transcribing file: TtwwmmEfOmA.mp4
Skipping tX3mfbPnJwM...
Transcribing file: WZanh0n_COU.mp4
Transcribing file: SViwoLp0UZg.mp4
Transcribing file: 4RpvVRiWuPU.mp4
Skipping ny8uMUPpo6I...
Transcribing file: nlqv8koTLRw.mp4
Transcribing file: ATOiDDzwu3o.mp4
Transcribing file: s7eu_oYQPJg.mp4
Transcribing file: Sl5m94UugmM.mp4
Skipping 2CXnQNf_ydg...
Skipping GDe76sN-oZ4...
Skipping Zm3a7nKmObE...
Transcribing file: zIfx3SEDhhU.mp4
Transcribing file: y9w2gkhxdKU.mp4
Transcribing file: G5W7hlyesGo.mp4
Transcribing file: iF-BYkjLigs.mp4
Transcribing file: ZQ7vSYHgjQA.mp4
Transcribing file: cFYLAO2AwDo.mp4
Skipping Yq2OdkWlOGc...
Transcribing file: P6jCzyAXSC8.mp4
Transcribing file: OB6xzU_dpDg.mp4
Transcribing file: 6YqO6XCLOgM.mp4
Skipping 9HmgTLm-RE0...
Transcribing file: Le6TL43ZPxo.mp4
Skipping Ia7E8capeyc...
Transcribing file: w23X5_ohzh0.mp4
Transcribing file: 9btnzZH698o.mp4
Skipping qUVBTsxOP_8...
Transcribing file: mXz70klcWfQ.mp4
Transcribing file: iyRoE_vNYNQ.mp4
Transcribing file: 9h_8ccnmnPw.mp4
Skipping 6vSMOjzKnc8...
Skipping pMqJ3cSeFIo...
Transcribing file: mmhEYXeckJA.mp4
Transcribing file: zzVS4soCak8.mp4
Transcribing file: UaEKIlnQ0vY.mp4
Transcribing file: _QCbPn6wTGY.mp4
Transcribing file: IsggOR71ejo.mp4
Transcribing file: H86GIK8lJ9I.mp4
Skipping jR5jp7z1RVI...
Transcribing file: 2yEpXeBVVg4.mp4
Skipping WxQ12znMzm8...
Transcribing file: jt4OJpqhVac.mp4
Transcribing file: G2wv3eNafR0.mp4
Transcribing file: qsqpAVcGPlo.mp4
Transcribing file: bIc51VuEPng.mp4
Transcribing file: Ts95cZzcnZw.mp4
Transcribing file: a0OZi44FLtM.mp4
Transcribing file: kY5lGrol82c.mp4
Transcribing file: vx-xWKE0eyU.mp4
Transcribing file: UzfaPj2-foI.mp4
Transcribing file: sCGWv_EfGqM.mp4
Transcribing file: ibbcVUV7Tk0.mp4
Transcribing file: sf8zcAOYB-I.mp4
Skipping 8f9mADiLltQ...
Skipping CqGRO8mARUM...
Transcribing file: C6mrzE-4S8M.mp4
Transcribing file: xkRwJbiF_vk.mp4
Transcribing file: o3SPiDVYfXY.mp4
Transcribing file: ETo9Lm_XjZU.mp4
Transcribing file: F5d7YSsj5m0.mp4
Transcribing file: tjYEFvsUeq0.mp4
Skipping S1Wtt4_1Jlk...
Transcribing file: qIpQy69O9ZQ.mp4
Transcribing file: lYtgMHDwZyw.mp4

Transcribing file: FSFBPtRO4HU.mp4
Transcribing file: Y-ozeEoBkYk.mp4
Transcribing file: 6SMMHkxEqiM.mp4
Transcribing file: vBfoQzpItIE.mp4
Transcribing file: nHlrGhejl00.mp4
Transcribing file: jk2QqHdBwUo.mp4
Skipping QUT1_No5Dak...
Transcribing file: 2WU4KNXFqkM.mp4
Transcribing file: bBsuPSaSKw0.mp4
Transcribing file: lhMFzshzLpU.mp4
Transcribing file: eH0bgoLJoHo.mp4
Transcribing file: baUYFnFN0hI.mp4
Transcribing file: UaK17UuMUIM.mp4
Skipping Fr85baH1ZII...
Transcribing file: HachwkjOUJA.mp4
Transcribing file: ecq87j11tMo.mp4
Transcribing file: S5Xi4Dn9Y6Q.mp4
Skipping PDNUFICCJzM...
Transcribing file: y1eXnlzXdBE.mp4
Transcribing file: qmrMdEd0kPA.mp4
Skipping 3KgLuOjbyT8...
Skipping yWmTWy8raGU...
Transcribing file: R59DZFyYAEM.mp4
Transcribing file: cYkx0HIwJz8.mp4
Transcribing file: 2Uz_91rogCM.mp4
Transcribing file: 5uFMyaf_m5w.mp4
Skipping UwoXNJXpPSU...
Transcribing file: Q1Qwzw1DsxQ.mp4
Transcribing file: HE89JWKMROI.mp4
Transcribing file: 39P0sBwC0Q0.mp4
Transcribing file: na6E2oKFf-E.mp4
Transcribing file: umbAJlHhrsU.mp4
Skipping meVTXCCoTCU...
Skipping 82wv9VluzyA...
Skipping g3ccIAdm-e0...
Skipping 2WSdl8Bgdhs...
Transcribing file: 1b_HPtKfUR8.mp4
Skipping ZLxWwqV3n6k...
Transcribing file: 63fNsbZegTc.mp4
Transcribing file: yMA9_RBDO-w.mp4
Transcribing file: 0XHXmkVDBVE.mp4
Transcribing file: CgG7XLK4RA0.mp4
Transcribing file: fvJpRF6CuGI.mp4
Transcribing file: Yocja_N5s1I.mp4
Transcribing file: WXMQOhljPXA.mp4
Transcribing file: AV-I3BoKQ9Y.mp4
Transcribing file: v7zXfQEgSb8.mp4
Transcribing file: 5IIfwCjyqxQ.mp4
Skipping n7_WdcKyDjI...
Transcribing file: KPYZA4FbCe0.mp4
Skipping IN0dWg_FKHY...
Transcribing file: HKACnboXJSw.mp4
Transcribing file: fOwPGvm2p2M.mp4
Transcribing file: RXNjGkJe7fY.mp4
Skipping MPLHDFwqGhI...
Transcribing file: Rf_knQPKKl8.mp4
Skipping NuNeKHbWuw8...
Transcribing file: aSQjTIrAwZQ.mp4
Skipping PXgF5nPkRy4...
Transcribing file: k27cyhubYyo.mp4
Transcribing file: LgsOYs8rp_Y.mp4
Transcribing file: hoZcbRHYZ0I.mp4
Transcribing file: aWSRzCSjyv0.mp4
Transcribing file: Yzdabta1nAA.mp4
Transcribing file: JxdXcqBy2CM.mp4
Transcribing file: cwZXdGPxUmg.mp4
Transcribing file: Dyx5tgukbCY.mp4
Transcribing file: kFa9v2rIB0w.mp4
Transcribing file: myVcct1mZM4.mp4
Skipping JSeIxyhA5tI...
Transcribing file: 07G7RV8cnZU.mp4
Transcribing file: 4AYdFKjMLNE.mp4
Transcribing file: QOLU8ZO1tfU.mp4
Transcribing file: LDDCHZ3DQIc.mp4
Skipping sw2Cg8XroqU...
Skipping BmOStlfgy7E...
Skipping allNrz1gVxs...
Transcribing file: s6T6UfdyuJQ.mp4
Skipping 5Yj54pwuVoQ...
Skipping Uft6NP7rgLs...
Skipping nxyLQwqeYkI...
Transcribing file: lZBI3-8cKL4.mp4
Transcribing file: sHQxKDBWoFk.mp4
Transcribing file: JcuzAwIHOSg.mp4
Transcribing file: ivQLm3SshZY.mp4
Skipping wgWjA8Odswk...
Transcribing file: OA4eIYkYhwI.mp4
Transcribing file: WbKqFBlw1kg.mp4
Transcribing file: WvPj8DTeaxI.mp4
Transcribing file: LcNpBX4cPVI.mp4
Transcribing file: 24QfgFKJifw.mp4
Transcribing file: BnKDeVqUfh4.mp4
Transcribing file: 7kG2kdnFhrA.mp4
Skipping KQEzh9Ri6YM...
Transcribing file: ELoJGhSJEwI.mp4
Transcribing file: h8mmoymw5c4.mp4
Transcribing file: bBA6y7k4F4M.mp4
Skipping GdKwj8XS61E...
Transcribing file: pSuUhr6e4Sc.mp4

Skipping 6v_KC9mZydI...
Transcribing file: FSWi3mVwnys.mp4
Transcribing file: tZ1NFsAMlIA.mp4
Transcribing file: _F1uPjAsNHo.mp4
Skipping IXwLy32EIGE...
Transcribing file: PPqyL3RqqYA.mp4
Skipping cD-BH9eobMs...
Skipping uwkPuhOCHkc...
Transcribing file: pVWuaAIXRKY.mp4
Skipping e_1Ky8YpuKM...
Transcribing file: cHrqRX8w2jE.mp4
Skipping oxJ3W7chNJM...
Skipping 1wBcaYIcGS4...
Transcribing file: qlI7AqzoWb0.mp4
Transcribing file: gt348b2hFWo.mp4
Transcribing file: jbKT8ejSiE0.mp4
Transcribing file: x5hvFmA8SUs.mp4
Transcribing file: wTcETzb05Wc.mp4
Transcribing file: SqxAGB6oIeY.mp4
Transcribing file: l3XBq2_Q-cw.mp4
Transcribing file: pLjbENhhm7E.mp4
Transcribing file: y1AdCERnb_0.mp4
Skipping OOMKlIUHKNY...
Transcribing file: Y_GdUXABlXw.mp4
Transcribing file: 20VI0p-yzyg.mp4
Skipping jVsFLMQBLLw...
Transcribing file: tUb6n2XMvDs.mp4
Transcribing file: 1GXDe7OiKZo.mp4
Skipping gFjIkq2TqlI...
Transcribing file: ZYg3BexpRoY.mp4
Transcribing file: msaA75Z2js0.mp4
Transcribing file: hMeEi9toXC8.mp4
Skipping N_9-ewwdsFI...
Skipping 0MbPOlxKwtA...
Skipping CTCDuJucbAo...
Skipping ZoUbuEuwCBg...
Transcribing file: Zr0sUBPQhco.mp4
Transcribing file: m5t7aR5cSZc.mp4
Transcribing file: ty4Fe1niL50.mp4
Transcribing file: i7MFqBgc8VE.mp4
Skipping TWVG90ztSYI...
Skipping mzFJA61VgKs...
Transcribing file: xxjIDA2JjTA.mp4
Skipping FsDnJpTmlWQ...
Transcribing file: -9GN51-mg_k.mp4
Transcribing file: P7gNto62zwU.mp4
Transcribing file: 0RPfZZhrs4Q.mp4
Transcribing file: 79s_PJ0E2CQ.mp4
Transcribing file: KJM4olE1lwc.mp4
Skipping 3Eyq93SqnNc...
Transcribing file: Ol0zBB3C8FE.mp4
Skipping cPAxbV3_9Sw...
Transcribing file: X0YSPC1Zc1E.mp4
Transcribing file: 3QLYFg4NIN8.mp4
Transcribing file: 24YSOWBh6nE.mp4
Transcribing file: xHmgqiZs_rw.mp4
Transcribing file: 5tX4vOAR53k.mp4
Transcribing file: LETiFcGzKL8.mp4
Transcribing file: BaLxdLJ2l9U.mp4
Transcribing file: R5ufp4jR7dc.mp4
Transcribing file: LPyo4OQk8ew.mp4
Skipping ZTrfesm_H5Y...
Skipping c31gnELd2DU...
Transcribing file: vaUbIjIdFHU.mp4
Skipping z-yn9I0YwtY...
Transcribing file: 6usFEkGAsro.mp4
Transcribing file: DcHKOC64KnE.mp4
Transcribing file: 5hQ12br3tVs.mp4
Transcribing file: mrHybPomosI.mp4
Transcribing file: zDtPnn_2ZN8.mp4
Transcribing file: LPUqqLaTkQk.mp4
Transcribing file: 35x5KLxNh3k.mp4
Skipping VMvUN80AIQs...
Transcribing file: ZsI66nNQmrA.mp4
Transcribing file: 9y_rpoaMn-w.mp4
Transcribing file: bjocpz5DhXE.mp4
Transcribing file: Dd3zvUV9Y3M.mp4
Skipping Zn24xCYtfTk...
Transcribing file: 3QaDthXK77A.mp4
Transcribing file: NZsny2Lhl28.mp4
Transcribing file: -vzc33vjtWA.mp4
Skipping eZBOhpxxMaA...
Transcribing file: dbKi7qcAhRg.mp4
Skipping cyjlLbjjzLU...
Transcribing file: 2oiut_NXoi0.mp4
Transcribing file: CBL2TgEE4ag.mp4
Skipping zufyvx_T4aQ...
Transcribing file: dbQJqLUdadU.mp4
Transcribing file: AxxKKsOnDSo.mp4
Transcribing file: _yXPJdK8Pe0.mp4
Transcribing file: A_RxI3ktObs.mp4
Transcribing file: QpWchukRihg.mp4
Transcribing file: D2cCFJfnzAw.mp4
Transcribing file: LCPnXvyzev8.mp4
Transcribing file: rrDOkKA0Yfo.mp4
Skipping 2_AVu1W56qg...
Transcribing file: WfEMiscVdQ8.mp4
Transcribing file: hbzWHLHqays.mp4
Skipping OjYhAzk8MYs...
Skipping nIJ6w7ezTtU...

Transcribing file: K_pEzc0ujp4.mp4
Transcribing file: 8omrQIX8R1g.mp4
Transcribing file: UTSdQ_15lgE.mp4
Transcribing file: pJq14mYsOmo.mp4
Transcribing file: b9iEHa8PFTk.mp4
Skipping EzrdxJsXMlg...
Transcribing file: AwxMqDFsNow.mp4
Skipping cDSqBhtwDlw...
Skipping CWa8D3YMMxc...
Transcribing file: nLGphuNOXs4.mp4
Skipping TcmCO_0iVE0...
Transcribing file: RPVqNYJ2dds.mp4
Transcribing file: yJVIzcOicps.mp4
Transcribing file: pW58RWOzPoY.mp4
Transcribing file: i-FAsTKcqK0.mp4
Transcribing file: Zkk1t6Vy-zY.mp4
Transcribing file: kBJnOXhYM6U.mp4
Transcribing file: cRoevvVgjH0.mp4
Transcribing file: LWuYT3Y1ZKc.mp4
Transcribing file: 1E4VMO5hIX8.mp4
Transcribing file: xJVFl9eug6A.mp4
Transcribing file: _6rNic4R_H4.mp4
Skipping JdXVQKdhB4c...
Transcribing file: fcaHIn3AKPk.mp4
Transcribing file: Y8m6J7wI1w4.mp4
Skipping MNGae9HhA0A...
Transcribing file: d1Ik8D3Xizw.mp4
Transcribing file: TJChDjg4UDg.mp4
Transcribing file: _4f52yoExJE.mp4
Transcribing file: fxFvwpe12Cg.mp4
Transcribing file: 45WZr3UfwHM.mp4
Transcribing file: Nej_EbFt8tA.mp4
Transcribing file: B4GNVo2oqh4.mp4
Skipping PU18CnqZOeo...
Transcribing file: qC1N9PZSExk.mp4
Skipping cKI2qaQBCGQ...
Transcribing file: PtlyEP3HGyc.mp4
Skipping AwIg5PcOyAQ...
Transcribing file: CCnU-ntApI0.mp4
Skipping lbaJRLGW-Xo...
Skipping WbjaZPO7iuc...
Skipping w-RVZlU5akM...
Transcribing file: pY_9TxAg95M.mp4
Skipping zCYTgUV4FUc...
Transcribing file: ABixP51JuSE.mp4
Transcribing file: PJWRLUMsASQ.mp4
Skipping _vWVMGtX0Ew...
Skipping oVz-BNSs_2U...
Transcribing file: idjYt_7Q3Fo.mp4
Transcribing file: qa9iCEynsUc.mp4
Transcribing file: hT3g7bNSO9A.mp4
Transcribing file: BrK7nAQAhZ0.mp4
Skipping nn19K7VB0VM...
Transcribing file: DCbmoJu6yO0.mp4
Transcribing file: v0RqnhNL3YE.mp4
Transcribing file: Bc1UJZTcHkc.mp4
Transcribing file: CW84FdsnULA.mp4
Transcribing file: WSetIP3mcaY.mp4
Transcribing file: 6sE54gru6oo.mp4
Transcribing file: aZj_NkMTKtw.mp4
Transcribing file: RkHGhPYL5oo.mp4
Transcribing file: xJ2qfvdatks.mp4
Skipping hB_KQuQFKCU...
Transcribing file: SRcgHlsMgYU.mp4
Transcribing file: Za053bwoaBc.mp4
Transcribing file: lLHe4ECs5jY.mp4
Skipping 8rjlMcpVAs4...
Transcribing file: xt1bKB0VATA.mp4
Transcribing file: dkI8cdv2qJE.mp4
Skipping qTo6HcCZPOc...
Skipping _8Y72awCby4...
Transcribing file: I0JFO7oaYNU.mp4
Skipping K9sO9WCTjKA...
Skipping FcfnqMm9IsI...
Transcribing file: Z-THJIzR4yk.mp4
Transcribing file: 2Sr4CgRYQ7E.mp4
Transcribing file: KsRzu7jY_hI.mp4
Transcribing file: HCVHCjrf-Ms.mp4
Transcribing file: Vnt2yAZ2c6Q.mp4
Transcribing file: yjNHjAZPs9Y.mp4
Transcribing file: zCne8hB5ljs.mp4
Transcribing file: ljcYXEUc0UY.mp4
Transcribing file: lSYZY49zRTI.mp4
Transcribing file: HdzskAEH7lk.mp4
Transcribing file: Iq5v-Fs0EHg.mp4
Transcribing file: H2gL6KC_W44.mp4
Transcribing file: q5j6DFICiOw.mp4
Transcribing file: lGh8T9u6kBU.mp4
Transcribing file: 9Mb90E-jxPY.mp4
Transcribing file: yMM9fG9S6kM.mp4
Transcribing file: _AEB_uhfSrc.mp4
Transcribing file: aNBY06paEn4.mp4
Skipping eco6KL_qtK0...
Skipping smj1FPipKrc...
Transcribing file: IK95RJIguaA.mp4
Skipping lmENHIe1vBI...
Skipping i8Nq4dE-dnw...
Transcribing file: 6bLuu-XHzUg.mp4
Transcribing file: JhRqrGQCK-Q.mp4
Skipping pM7tHNLlFH8...

Transcribing file: v2ZOd0UfXV0.mp4
Transcribing file: M1Rz1CCAN1c.mp4
Transcribing file: qNTOq1uEObc.mp4
Transcribing file: op1PdGkjc5s.mp4
Transcribing file: THmomOg7BWo.mp4
Transcribing file: VaTkzYv8sMo.mp4
Transcribing file: oNQjTOt2Yts.mp4
Transcribing file: 4KHnsnNr2oI.mp4
Transcribing file: xDGhUP4VVzU.mp4
Transcribing file: 1mA1ci6pKSg.mp4
Skipping 3DrIsRIsSKk...
Transcribing file: 64ICAEU5YkQ.mp4
Transcribing file: usMqxHU2nxs.mp4
Skipping W5A6cwxYMSM...
Transcribing file: RYn_yUUpwSQ.mp4
Transcribing file: RbNAnk6l8G8.mp4
Skipping Aj06W0azS68...
Transcribing file: xYxJvK11uSc.mp4
Transcribing file: IvRLVTZzH5M.mp4
Transcribing file: fYSyvztVIwc.mp4
Skipping NBGBr_nS9L8...
Skipping lsLWkj5FHaY...
Transcribing file: RVJbKPW3Crs.mp4
Skipping zpsXvxLGn4g...
Transcribing file: _24pOffJqEg.mp4
Transcribing file: CedYtQvSJV0.mp4
Skipping 5BVUeFbq6ao...
Transcribing file: 8e18ijwjdV4.mp4
Transcribing file: HaFOEay5oTY.mp4
Transcribing file: LTbLpwvTSxM.mp4
Skipping t0to0I4MgNg...
Skipping FLRJ_F3itCw...
Transcribing file: 3GRpVlBcGpY.mp4
Transcribing file: P_r3sKM1XTA.mp4
Transcribing file: LdSJ4tk44To.mp4
Transcribing file: 8BXHu_yXVQk.mp4
Transcribing file: ofarrldULwA.mp4
Skipping pS1eipMOpNk...
Transcribing file: 3rwiWDTLgkk.mp4
Transcribing file: ha2hIRtd550.mp4
Skipping jYJ2kT_9baI...
Transcribing file: owppK-GHPTU.mp4
Transcribing file: C6nKk38BGvQ.mp4
Skipping HZ__DIBS2Mk...
Transcribing file: UuQZDtZUf9k.mp4
Transcribing file: RTfikUoXiv8.mp4
Skipping 4CjyqPlwbOI...
Skipping xowi2s40GMs...
Transcribing file: 4yI6Zw_Koek.mp4
Transcribing file: Hhci-HXZNhc.mp4
Skipping BAtQ0LtWzz4...
Skipping eNddeQ2DM00...
Transcribing file: WLW0yxZMNJo.mp4
Transcribing file: zGVCYQoaWvs.mp4
Transcribing file: q2alcIYuRtk.mp4
Transcribing file: RcTMSUwt5DI.mp4
Transcribing file: aunmD28Vlgw.mp4
Skipping rq4Y6pBVjxM...
Transcribing file: bpwUhnt_6pA.mp4
Transcribing file: J4qnZvQK4cg.mp4
Skipping lb5d93R0B4M...
Transcribing file: ho5Qa-3KXdc.mp4
Transcribing file: UtxBUAo0txU.mp4
Skipping sJ3W-2GsuyA...
Transcribing file: ZTZ1mZcxe5Y.mp4
Transcribing file: 3Gcld0uEBRM.mp4
Skipping DoSw77GpwRo...
Transcribing file: ljiG2VtCkfE.mp4
Transcribing file: -u4LfXOF7BI.mp4
Transcribing file: Fo5bXDG6Lak.mp4
Transcribing file: 1wXJnFNeOwo.mp4
Skipping -VsvDZOKPM8...
Transcribing file: 27CCdOjmFhQ.mp4
Transcribing file: Vp0xeavp5sU.mp4
Transcribing file: DLvI2qJ49oE.mp4
Skipping ZzItEthwX6I...
Transcribing file: dsF9rV8osjI.mp4
Transcribing file: 6h-CDxhWKzg.mp4
Transcribing file: JYa0twBM_L4.mp4
Transcribing file: e7ja_3ljCL0.mp4
Transcribing file: JEiARIMTVps.mp4
Transcribing file: johle3Ki3dQ.mp4
Transcribing file: 55OpQ7pFnO4.mp4
Transcribing file: lb-9s13K9cQ.mp4
Transcribing file: _OeLJiVTLf0.mp4
Transcribing file: 6bSllBozQXg.mp4
Transcribing file: nL9e1wZjpVA.mp4
Transcribing file: lH_UldOb61A.mp4
Transcribing file: DaqKTv8nl2w.mp4
Skipping KjVVtXYaP0s...
Transcribing file: YkEdR0V6VY0.mp4
Skipping LibhVHWPUs8...
Transcribing file: zk0V0kLKFGc.mp4
Transcribing file: DvVe96fc4eg.mp4
Transcribing file: -v_OGORq2uI.mp4
Transcribing file: fxsBGgnr5bk.mp4
Transcribing file: 5SoRAgrpq0I.mp4
Transcribing file: 0ZKjdgfaKdE.mp4
Transcribing file: yXuKZZpXtWc.mp4
Skipping 2ZWp7YWgbJs...

Transcribing file: BngPcUomvXc.mp4
Skipping LK8iOiqzohE...
Transcribing file: JXShKdOgBZE.mp4
Transcribing file: kPv30NVIQdE.mp4
Transcribing file: Y3Vb_NQd9DY.mp4
Transcribing file: OdRG3AYunE0.mp4
Skipping ENIVklHU2ws...
Transcribing file: tsrBSD7l7i4.mp4
Skipping nPzM1H6IbK4...
Transcribing file: OkUeL3tsksM.mp4
Transcribing file: Ic3QQwNfFOg.mp4
Skipping JNQEPrS2YSI...
Transcribing file: NuPuXahXZZs.mp4
Skipping PC0SwkpfgMw...
Transcribing file: AN9Azk0BaKM.mp4
Skipping DYLWxZaVQR8...
Transcribing file: XSCcdUPKUaA.mp4
Skipping T31IOVLYfQk...
Transcribing file: qgG3jag-H6M.mp4
Transcribing file: QNeviTks3e0.mp4
Transcribing file: g1qBa9Sj7lM.mp4
Transcribing file: cJe5DWT4i5E.mp4
Transcribing file: pu19No6CbbA.mp4
Transcribing file: BHoG5zhPj7Y.mp4
Transcribing file: yQJNF3wFm-U.mp4
Transcribing file: _D7JqL9dya0.mp4
Transcribing file: 8wo2gAePRqU.mp4
Skipping mHgn-pRgWGQ...
Transcribing file: VUMu0i1tgYY.mp4
Transcribing file: -r1WS1KLDQY.mp4
Transcribing file: gxe4d9MaUpw.mp4
Transcribing file: xxIkG-4QM0g.mp4
Skipping v899OGwjgkE...
Transcribing file: ev78UDreJ3g.mp4
Transcribing file: eKL2r_Rcpqg.mp4
Transcribing file: 4mimTMVvJPM.mp4
Transcribing file: vQB48dTDk9o.mp4
Skipping Ex2wfyAsHT4...
Transcribing file: xKcC_ePJfi8.mp4
Transcribing file: 8KtSHJQPTRw.mp4
Transcribing file: wUhGC3Kf4jc.mp4
Transcribing file: tNj3nwR_P1w.mp4
Transcribing file: D_-iaC2dTRM.mp4
Transcribing file: 6v9oxI-evNI.mp4
Transcribing file: d99W2nSAaDM.mp4
Transcribing file: xFeoaRk-54Y.mp4
Transcribing file: W_OihXJkzsI.mp4
Skipping -jKpGW4qD6A...
Transcribing file: bdVrhzl0-1I.mp4
Transcribing file: WeDvNscRRPE.mp4
Transcribing file: CxSKlcA-tOk.mp4
Transcribing file: 6wyhR68lo2M.mp4
Transcribing file: NyN44W2qgWA.mp4
Transcribing file: OpUlN7ndC5U.mp4
Transcribing file: lfyIZrC7nYM.mp4
Skipping FTY-fgTkBoc...
Transcribing file: efkYxlvHOQI.mp4
Skipping 2CqGnC1gP1M...
Skipping ztfHncV_L_A...
Transcribing file: 655sZV1kZZI.mp4
Skipping bEkJr-vujf0...
Transcribing file: 9RZssOqEMR0.mp4
Transcribing file: H5Gz4kxX4a0.mp4
Transcribing file: HK-VqxfTbLw.mp4
Transcribing file: rX-yxIGW82M.mp4
Skipping 3hYJRD-PWXc...
Skipping xXqkUu-E4us...
Transcribing file: B2y1XR5UYGo.mp4
Transcribing file: zducVWyAEwk.mp4
Transcribing file: iVsOJ4e04iU.mp4
Transcribing file: sVkellNjQSc.mp4
Skipping kZ0UXEAs-1E...
Transcribing file: Mh4qJr1IMNU.mp4
Transcribing file: GorSpFFaKg8.mp4
Transcribing file: r_elgaL_v6A.mp4
Transcribing file: joHjm1O1tDs.mp4
Transcribing file: R9PxpeSfNeY.mp4
Transcribing file: uIlos3bRPFY.mp4
Transcribing file: vc_DynzW_fA.mp4
Transcribing file: hrg4qGTr1do.mp4
Skipping CsTZxSVGxUI...
Transcribing file: vhmeXFe8Nss.mp4
Transcribing file: -yiME0aF5WU.mp4
Transcribing file: NKcABwym_Gk.mp4
Transcribing file: 5Qq-huVbY9M.mp4
Transcribing file: vtTDuTK_s6Y.mp4
Transcribing file: SOweWohlpjc.mp4
Transcribing file: 8zzyTT-NiNw.mp4
Transcribing file: 7vxCkdCs884.mp4
Transcribing file: sCcgtTTXnKU.mp4
Transcribing file: czyT0MW0yOw.mp4
Transcribing file: dbEtcjNxGVQ.mp4
Transcribing file: Dg842hOWGNI.mp4
Skipping -nfefNevHCE...
Transcribing file: 02z56He5W98.mp4
Transcribing file: 2hZejqu71HQ.mp4
Transcribing file: Q0Go2IdzBVg.mp4
Transcribing file: Jg_OcYf7FB0.mp4
Transcribing file: hYUh_A7ce8A.mp4
Skipping 4TOf7i16E4E...

Transcribing file: jdKLd8St3bM.mp4
Skipping b2okeTG_E0g...
Skipping -9NbedNizN8...
Transcribing file: M2ozo2wBVQg.mp4
Transcribing file: DIddyKk0Vzk.mp4
Transcribing file: Z7gTY7axz8c.mp4
Skipping WuZhDt8AAZo...
Transcribing file: L_yKBWioHso.mp4
Transcribing file: seyKpywhxbY.mp4
Transcribing file: q7EvPd-VgiA.mp4
Transcribing file: lTd7JxlHWHM.mp4
Transcribing file: 6hLSp-mnpOs.mp4
Transcribing file: YYg4FRcD1ok.mp4
Transcribing file: CAgj1ioa03c.mp4
Transcribing file: HifPEeBQKNM.mp4
Skipping Y7bscFjswmQ...
Transcribing file: rabBYSTuG88.mp4
Transcribing file: Xm82oGXaWtY.mp4
Transcribing file: _-8gAfTYktg.mp4
Transcribing file: Jo37XgXzWgE.mp4
Transcribing file: RWNdlFKzXQM.mp4
Transcribing file: FkVMBboeQ70.mp4
Transcribing file: E2_kRmS6y8A.mp4
Transcribing file: XnEgajcOus4.mp4
Transcribing file: 6JtCi0R3nhU.mp4
Transcribing file: axf1k7aBSBA.mp4
Skipping MNP0SMIY0nI...
Transcribing file: fAwXhUG3RHU.mp4
Transcribing file: RscNyLFGQKw.mp4
Transcribing file: 75u1cZkQ-QU.mp4
Transcribing file: gLZOLnteLdU.mp4
Transcribing file: pM136dTd1tM.mp4
Skipping 6tKC_cDC2Vk...
Skipping NKcBv-31b0I...
Transcribing file: MbthFGcEqfo.mp4
Transcribing file: X80q0NP3GbM.mp4
Skipping 4UNOWFJH_aQ...
Skipping x2VuMMBx5aE...
Transcribing file: H7Yk0iTZchQ.mp4
Transcribing file: B2tILH8MVAo.mp4
Transcribing file: XqJKbD2KDMc.mp4
Transcribing file: IPeI5oYcd94.mp4
Transcribing file: u7rby-zJ0aI.mp4
Transcribing file: 0G1jrXcMUV0.mp4
Transcribing file: UcsvyjQAGV0.mp4
Transcribing file: pwhlLOxUpQM.mp4
Transcribing file: Vhke4G6N_oE.mp4
Transcribing file: Lcc9MlHzdxM.mp4
Transcribing file: ScLeXDF8cBA.mp4
Transcribing file: DKy3O98W8AQ.mp4
Transcribing file: D8qUfyAPwcY.mp4
Transcribing file: x1vnarKI1q8.mp4
Transcribing file: yE1bIApov24.mp4
Transcribing file: 21D_Jtvbu2Y.mp4
Skipping rryitHhGwgM...
Transcribing file: 7gwISO4f1AA.mp4
Transcribing file: ew_OZmns1ms.mp4
Skipping cr5CzUyXrPc...
Transcribing file: MG6aKc0y7D0.mp4
Transcribing file: iYCfW42Tek0.mp4
Skipping fJDAVXwIOsM...
Transcribing file: NQ-KiXDi1G8.mp4
Transcribing file: jpw8_IywnIo.mp4
Transcribing file: rsOhtherDAg.mp4
Transcribing file: ZQl46dQANVI.mp4
Transcribing file: f-MKKrfbPT8.mp4
Transcribing file: KlVjLMXq29w.mp4
Transcribing file: c0Hubk2DGzo.mp4
Transcribing file: V_nH4F4emr0.mp4
Transcribing file: qDfTkCRDNn4.mp4
Transcribing file: Q22LWX_F12c.mp4
Transcribing file: Pm91F4czDzg.mp4
Transcribing file: Q5qIWfSNY8Y.mp4
Skipping -P037QOXrXc...
Transcribing file: AVSs-EkYTCo.mp4
Skipping DxQQ18UJ3kQ...
Transcribing file: eh3C5vQU1pE.mp4
Transcribing file: k__-EXVpmOw.mp4
Transcribing file: F7kMGUDDhTQ.mp4
Transcribing file: i9Fntglw0nU.mp4
Transcribing file: D7AizPrWJLQ.mp4
Transcribing file: rboewQNMpdU.mp4
Transcribing file: g_s7ql5IBQQ.mp4
Transcribing file: 2hHo6G2fy50.mp4
Skipping dSQYgjUZ0mA...
Transcribing file: pKbpMgace5I.mp4
Skipping 994cDHV6UwI...
Transcribing file: g7gRBM5Gx6w.mp4
Transcribing file: d_FbEQfEzJg.mp4
Transcribing file: 25YbiwCjuVw.mp4
Transcribing file: bQAwmXBB7hY.mp4
Transcribing file: jpuODeamG5o.mp4
Transcribing file: drzr7ZJ0B14.mp4
Transcribing file: Zj-WmnOha_Q.mp4
Skipping LYNpYfnJIoE...
Transcribing file: MYiE8sqvnek.mp4
Transcribing file: A3a0eCvD_Nc.mp4
Transcribing file: FCZOnhdsTN4.mp4
Transcribing file: WzlQPEnCDHw.mp4
Transcribing file: ZhGHzvdsN9g.mp4

Transcribing file: uSSNfNP4268.mp4
Skipping AxzsD8_zUGI...
Transcribing file: 9qAHUiebOM8.mp4
Transcribing file: GLllZ-qiXJA.mp4
Transcribing file: uBX2Oy38S24.mp4
Skipping wE8Im2Svaeg...
Skipping PTab96mxbdk...
Transcribing file: 4gJz-xvMYrk.mp4
Transcribing file: u3Z2puWMZiE.mp4
Transcribing file: X1wfqwAS7Fk.mp4
Transcribing file: 6W7noEpKLFM.mp4
Transcribing file: iegjfQmxanw.mp4
Transcribing file: pBh1v69cSLs.mp4
Transcribing file: GegEh6-16Wg.mp4
Transcribing file: RorvazVNeQE.mp4
Transcribing file: zQ2Wvjbk64s.mp4
Skipping B70ixxv_Pb8...
Transcribing file: BMXNIsfwwzg.mp4
Transcribing file: V63So5DUT6I.mp4
Transcribing file: k005aQT--wI.mp4
Transcribing file: D_hl5LEBIms.mp4
Transcribing file: cNtznAXqYw4.mp4
Transcribing file: ru43FqMZjnQ.mp4
Skipping TGtW_fR2zdA...
Transcribing file: 7UMlacnlhgc.mp4
Transcribing file: n2s4eY_oGHU.mp4
Transcribing file: HQbvrDZXiiU.mp4
Transcribing file: etqQ2dzGP5Q.mp4
Transcribing file: IgNmK14Aisw.mp4
Transcribing file: GucOPRrg7bk.mp4
Skipping cXv2POSN6iM...
Transcribing file: PzjCV1mevxw.mp4
Transcribing file: 4CbbyINrX_0.mp4
Skipping ho1ExbG4elg...
Transcribing file: -UAQ0AcY6Zw.mp4
Transcribing file: ZJt0ngB2mco.mp4
Skipping MF41HcW8qgc...
Transcribing file: OnLflnfasIk.mp4
Transcribing file: nRFIR-2Og-o.mp4
Transcribing file: WrkPePTaKrY.mp4
Transcribing file: M94_s8lf8wE.mp4
Transcribing file: A0epmwZFh3Y.mp4
Skipping PeF1Vzbo4vg...
Skipping 7sUhacvXPbc...
Skipping V48Sq5G8Y2Q...
Transcribing file: XDM2hXVDm-0.mp4
Transcribing file: Dw6pLasScX8.mp4
Transcribing file: TBP9NsYQT00.mp4
Transcribing file: 16Ob_289FgU.mp4
Transcribing file: NlS_dTDsHHQ.mp4
Transcribing file: tWgDqBryR30.mp4
Skipping n3RcMpXqgDs...
Skipping CdrmPNhGhiU...
Transcribing file: 60FlvIvi8uw.mp4
Transcribing file: LjriqqErc4g.mp4
Transcribing file: OR-5kXgWgJM.mp4
Transcribing file: 2v-XCuPGei4.mp4
Skipping wDzthvjoH4w...
Transcribing file: Va3Q-3os08A.mp4
Transcribing file: zLZF8kjd97o.mp4
Transcribing file: N2sq00QCxbw.mp4
Transcribing file: rRRSOtnK368.mp4
Transcribing file: ta6nI4AT3wc.mp4
Transcribing file: GntTeigtVrY.mp4
Transcribing file: CexsdEcFs6M.mp4
Transcribing file: OiNXpXfE7Fs.mp4
Transcribing file: nxSNySWanL0.mp4
Skipping x3JEq5TpPHc...
Transcribing file: WHiv1OvXGcI.mp4
Skipping wKNy3uRuhQ8...
Transcribing file: zY4aDGYGmLY.mp4
Transcribing file: MgLMSzjI7hs.mp4
Skipping ZX9AkkVdGWU...
Transcribing file: 34U7CaUzTMM.mp4
Transcribing file: cJcl1254qSc.mp4
Transcribing file: styFEtaoNbA.mp4
Skipping IdgWnFyDfRI...
Transcribing file: 6lBgKazdGnU.mp4
Transcribing file: t_K-bNRK7dY.mp4
Transcribing file: E0iMQvSvzjQ.mp4
Transcribing file: VgN5lnPTW0U.mp4
Transcribing file: 3TamwdrJLvk.mp4
Transcribing file: 2sjfKOV0TRA.mp4
Transcribing file: Xp8Dyc9IHf0.mp4
Transcribing file: fEaj9iSLsrY.mp4
Transcribing file: 3t5WWwKF6Ic.mp4
Skipping loiMTmoYT_k...
Transcribing file: eK0YpcQJndQ.mp4
Transcribing file: cjk8sAnaaVw.mp4
Skipping zQGeKJ9EEZU...
Skipping Q3u98Gz2d4g...
Skipping PvZLF9Lph4Y...
Transcribing file: SWB40jZvvC8.mp4
Transcribing file: 49VmFOUBPP0.mp4
Transcribing file: fRlUhUWS0Hk.mp4
Skipping pEU5dBjvLLU...
Transcribing file: a1cp13At15A.mp4
Transcribing file: 3_Wt0O9--34.mp4
Transcribing file: tT81QA4BY6k.mp4
Skipping Xs43b-vvWe8...

Transcribing file: 6rCpY7gMO7o.mp4
Transcribing file: bRhmg8bY8A8.mp4
Transcribing file: wQOIQ-9vxAc.mp4
Transcribing file: -KEd_pwQ-Vg.mp4
Transcribing file: P_8CGcw2yDo.mp4
Transcribing file: DOgOMLG-Zyg.mp4
Transcribing file: r_0oCsiIZNk.mp4
Transcribing file: WXO__kDFwA8.mp4
Transcribing file: B9AQy3YTd18.mp4
Transcribing file: zT8RCAwOZsk.mp4
Transcribing file: OzGudoy7keA.mp4
Transcribing file: nNP4o1wE6Vo.mp4
Transcribing file: 7gpZQj_q0V0.mp4
Transcribing file: XTFvpbCM5YQ.mp4
Transcribing file: rJcfnNrpJLs.mp4
Transcribing file: Vh53ltDAOGA.mp4
Transcribing file: NzHBCj3jUQY.mp4
Transcribing file: 0EoOkDkmu24.mp4
Transcribing file: VUsL004ZzKQ.mp4
Transcribing file: q4aTfUN-TAI.mp4
Skipping XrPQuSmdStA...
Transcribing file: _4MZp9uLJ9U.mp4
Transcribing file: Az64r1q2ZGo.mp4
Skipping xd7CvCZUnbU...
Transcribing file: wWxpd2h-lmA.mp4
Transcribing file: Odk16Ox2ymE.mp4
Transcribing file: 7SKeCqxcMsY.mp4
Transcribing file: z3pijd3enf0.mp4
Transcribing file: YjKO3-7Efaw.mp4
Transcribing file: bE6crpvS8ak.mp4
Transcribing file: OYNgKP9oIVQ.mp4
Transcribing file: Pf74rrn1uLk.mp4
Transcribing file: gDqpHooUNok.mp4
Transcribing file: qClDbwbEOB8.mp4
Transcribing file: oFZYdUPfZBM.mp4
Transcribing file: EORZgX2yxjU.mp4
Transcribing file: Ltf5BM2dDms.mp4
Transcribing file: NL66ck1aHPc.mp4
Transcribing file: 8iCqB1W2sz0.mp4
Transcribing file: 7rdqRYLCjQg.mp4
Transcribing file: lDwUCsdk3Lk.mp4
Skipping ygblfqUNvC0...
Transcribing file: mktbOo6LLDg.mp4
Transcribing file: wZF-FXAeYNs.mp4
Transcribing file: vmDH9BCYsSY.mp4
Transcribing file: 5HUn4tQtbeI.mp4
Transcribing file: 7zsbFyN9aGs.mp4
Transcribing file: AsaqcCpNMDw.mp4
Transcribing file: NoMzqVGYEZ4.mp4
Skipping We-gMRrNwNY...
Skipping 4XdbutKiLj8...
Transcribing file: mLOL0R4sC5U.mp4
Transcribing file: Og-kqUCpwcg.mp4
Transcribing file: Py46atyX7Wk.mp4
Transcribing file: 5WiM_QkMC9o.mp4
Transcribing file: dZAg8GtRg6E.mp4
Transcribing file: kjpyR-mwFWk.mp4
Transcribing file: ZF5lE6rA6IM.mp4
Transcribing file: ShHBHJLquZQ.mp4
Transcribing file: A5mItuAejvs.mp4
Transcribing file: wc1PCXyYeSI.mp4
Transcribing file: 9M3oP_OaHZw.mp4
Transcribing file: 2_Ck1bDgwE0.mp4
Transcribing file: q2R9ah9qldI.mp4
Transcribing file: JOT_UfZQPCA.mp4
Transcribing file: 8hdQbCLnpmw.mp4
Skipping -Fmmi_iGIlc...
Transcribing file: JNRLwykcYBQ.mp4
Transcribing file: uLEJTVDxKCg.mp4
Transcribing file: fOyMtf4Y9A8.mp4
Transcribing file: Pgs59l-v9L8.mp4
Skipping aCnZW6no12s...
Transcribing file: vKjIrkY-vAc.mp4
Transcribing file: ORYNGO1-fJ0.mp4
Transcribing file: fA9N7IBuIno.mp4
Transcribing file: EHT-Muhms9c.mp4
Transcribing file: Uwu5CmTlXXQ.mp4
Skipping TzVAdZIfPYA...
Transcribing file: ppYAafX53Eg.mp4
Skipping I5rOd1nOK1w...
Transcribing file: 3UxlWMOereQ.mp4
Skipping LYKB8LF8ejE...
Transcribing file: TcjVq_VeIBQ.mp4
Skipping 6-nlfAzOVbQ...
Transcribing file: _9SdZXTircA.mp4
Transcribing file: 76UYTgGAd9g.mp4
Transcribing file: MkhMkKIppZQ.mp4
Transcribing file: 7AKirDI6dLs.mp4
Skipping U4eR_eUttPE...
Transcribing file: x67WGt9mJJE.mp4
Transcribing file: AXL7YQofQ1Q.mp4
Transcribing file: dAysL-5FvhQ.mp4
Transcribing file: 0IJX1rCgSYg.mp4
Transcribing file: kIlNvhFdWYI.mp4
Transcribing file: fvaXqwhFmyo.mp4
Transcribing file: n12Q7R-Utss.mp4
Transcribing file: uxT2NdR9Pzg.mp4
Transcribing file: 34UKKHYmeG4.mp4
Transcribing file: Dmh28Tylaqo.mp4

Transcribing file: Ay4PnpPZLZ8.mp4
Skipping oQRSpriX9T0...
Transcribing file: -mUeNy0rweM.mp4
Transcribing file: amcrvumTgPQ.mp4
Transcribing file: SBrsdGWNhxU.mp4
Transcribing file: -95EAfZiPoQ.mp4
Transcribing file: aqkDXGeoKbo.mp4
Transcribing file: OmAL7qnQspQ.mp4
Transcribing file: xjZMmXM8aUo.mp4
Transcribing file: 176KRnEO1EI.mp4
Skipping KYMs-gKWAFQ...
Transcribing file: _hmSvHs7ZCw.mp4
Transcribing file: -OIl4s3_-nk.mp4
Transcribing file: bMaqwrelms4.mp4
Skipping y5HGNvBeJnk...
Skipping JuGUk08DNiw...
Transcribing file: Z6ClewHKLyQ.mp4
Transcribing file: FODx5UJILFA.mp4
Transcribing file: yUY_mm6Mo00.mp4
Transcribing file: -Mt-oygoBGI.mp4
Transcribing file: UjP0DaSNBxw.mp4
Transcribing file: V1XEvP5MSa4.mp4
Skipping 8pxBSdzPRkw...
Transcribing file: jUHz1LwxpG4.mp4
Skipping UM3LTmyv_yM...
Transcribing file: DcfciY7Ko14.mp4
Transcribing file: 5kUKVY1chgc.mp4
Transcribing file: lO9SFFkQyoA.mp4
Transcribing file: hvtEFvE2EFs.mp4
Transcribing file: -63S1RLq4Zg.mp4
Transcribing file: 1Bn-hZbpOcU.mp4
Transcribing file: IJN0XObHV84.mp4
Skipping 3pfuGCvml6I...
Transcribing file: gtTCUcvAvUY.mp4
Transcribing file: 2aHOL7AElAU.mp4
Transcribing file: ObV6TGlUhtI.mp4
Transcribing file: JOngGyW3imU.mp4
Transcribing file: b552u-q1Z3k.mp4
Transcribing file: _bJ-OvDEsKI.mp4
Transcribing file: DDDd15EU2LQ.mp4
Transcribing file: mtZf4F3cR0g.mp4
Transcribing file: YpRiPuIcuSk.mp4
Transcribing file: IJnGbiewMtw.mp4
Transcribing file: UFLjwrPTzAc.mp4
Transcribing file: 1HtBMfbJ_nY.mp4
Transcribing file: wz-mtxp8lJA.mp4
Transcribing file: GGBFvI_xGYQ.mp4
Transcribing file: IOUb5FGzQ1w.mp4
Transcribing file: ohX1jIlH_kI.mp4
Transcribing file: c1xoMKGwjUc.mp4
Transcribing file: TIBTNUJek-M.mp4
Transcribing file: evV05QeSjAw.mp4
Transcribing file: ro18wMT3sgI.mp4
Skipping Pk6pp-89q_0...
Skipping YqhCQOC0alc...
Transcribing file: 7bjJPgQLpis.mp4
Transcribing file: 7tB7wFU7yyM.mp4
Transcribing file: hJH7wPZfHTU.mp4
Transcribing file: FR0kTBpVob8.mp4
Transcribing file: 7GWbOWJuAa4.mp4
Skipping bIGQMDeCo0A...
Transcribing file: mPScfyb8eio.mp4
Transcribing file: f3wNcoBr_7w.mp4
Transcribing file: 8NkpZWYlHz4.mp4
Transcribing file: eHbWKGe1Uv0.mp4
Transcribing file: Ch_nwGghW7Q.mp4
Skipping R1F0h_0E5Sc...
Skipping I_mfaD9wZ5o...
Transcribing file: zotlqKO5AkI.mp4
Transcribing file: LzFU1p7o_qI.mp4
Transcribing file: Fs-2MxEqYkQ.mp4
Transcribing file: MhFUnXq90cM.mp4
Transcribing file: nMfRRkUhNOY.mp4
Transcribing file: Wk8fIsxD0rw.mp4
Transcribing file: tIjpu03J0rw.mp4
Transcribing file: CLcO2VOq58s.mp4
Transcribing file: tJ0d-01LYsc.mp4
Transcribing file: dniaE2fk_5Y.mp4
Transcribing file: hzw4ZXVxBvI.mp4
Transcribing file: RYp24IOiM0c.mp4
Transcribing file: zX5C3HEyEOo.mp4
Transcribing file: jNMDxRQcbFU.mp4
Transcribing file: GL_yLRDL24I.mp4
Transcribing file: 7YUiDvYbkw8.mp4
Skipping QvyKuAteOto...
Transcribing file: hTvprfiPnww.mp4
Transcribing file: skWVZT_U0PU.mp4
Transcribing file: QgBRcw_1E78.mp4
Transcribing file: 4HLho4vcJac.mp4
Transcribing file: N-hB9RchmmE.mp4
Skipping jeTERZOo_uc...
Transcribing file: E1WYueq3KT0.mp4
Transcribing file: O2iyuoBZ-oY.mp4
Transcribing file: XqCizW0tN-4.mp4
Transcribing file: hOrr5lok-aE.mp4
Transcribing file: VlHreDmX8UA.mp4
Transcribing file: e0yAWX_W4IA.mp4
Transcribing file: lyQae3zAR1U.mp4
Skipping sn7JUlb4Gp8...
Transcribing file: z-h_YTIgDZA.mp4

Transcribing file: Lw3y7S8nFXI.mp4
Transcribing file: SGopvvk3PoI.mp4
Transcribing file: mkEsLdNKlPM.mp4
Skipping CoquNKQ4d5A...
Transcribing file: ipgUdBJL1e8.mp4
Skipping BzFelZnSxBU...
Transcribing file: _YmkWODcqbA.mp4
Skipping M5cdWTalL4w...
Transcribing file: ydPW2PyEXHg.mp4
Transcribing file: CIG9KmnlfOw.mp4
Transcribing file: K4BrEERmNvA.mp4
Transcribing file: Gz0MAWpR7DM.mp4
Transcribing file: ejWfm6oPa50.mp4
Skipping D4_r-5B6nvU...
Transcribing file: 9s4q_0Iw5N8.mp4
Transcribing file: G_OVNba9OJY.mp4
Transcribing file: -JUE3s-uyo4.mp4
Transcribing file: oL7WNCXKI6I.mp4
Transcribing file: AHx27-1Qjxw.mp4
Transcribing file: 0aeiV8y5OyY.mp4
Transcribing file: 4qp_Exs8OFg.mp4
Transcribing file: I5pMO9HxAXw.mp4
Skipping YQTYJ4QBmy0...
Transcribing file: KmrfXDSO5gw.mp4
Transcribing file: KyLkOMcLyLg.mp4
Transcribing file: 0h9q7UyIEIk.mp4
Skipping zcJll5oN3Uc...
Skipping y8dXGLocojU...
Transcribing file: qTkp-9o9hH0.mp4
Transcribing file: Wd0YyvBqpwM.mp4
Transcribing file: QWIdfpOKo48.mp4
Transcribing file: HeGs2XrTEDg.mp4
Transcribing file: 1DR42ATbJW4.mp4
Transcribing file: 4kBJfDlHSZs.mp4
Transcribing file: AO_6pUXEhVk.mp4
Skipping EvVpRp2nx90...
Transcribing file: cTq1LncwcGQ.mp4
Transcribing file: cCDgDoTdX2I.mp4
Transcribing file: F6utsu0yYmM.mp4
Skipping ih4X28CBxz0...
Transcribing file: qcvvcMfTWsY.mp4
Transcribing file: xiPUQHbI_Uw.mp4
Transcribing file: v3lFfRBZkxY.mp4
Skipping CKM7UyM0Kcw...
Transcribing file: 26qTgXJKMAE.mp4
Transcribing file: 3IzOea8Op_I.mp4
Transcribing file: TYmu3mmVVJc.mp4
Transcribing file: NW3y0yV2s3E.mp4
Skipping FZIeRyTq6T8...
Transcribing file: n5eVVjarphE.mp4
Transcribing file: 5d2Mft72CXg.mp4
Transcribing file: pvX5k6d2Fmk.mp4
Transcribing file: A-6BYHoCuLs.mp4
Transcribing file: jLNlRvhYa-A.mp4
Skipping bADLEuKGu8w...
Skipping ZvMj_xZowBA...
Transcribing file: FQdNVi9mVAA.mp4
Transcribing file: -NZIvvhGlR0.mp4
Transcribing file: VNBbfagxIJo.mp4
Transcribing file: jxIbVWZGlG4.mp4
Transcribing file: 8csUin2jJBM.mp4
Transcribing file: Gc3YrH8ZfKQ.mp4
Transcribing file: iy5WD8GW-h0.mp4
Transcribing file: _mseNLNSDhU.mp4
Skipping FHZl8M16MLk...
Skipping yhQwxU9UdFg...
Skipping a1WNmES1j5Y...
Skipping _0FNNp2nsBo...
Transcribing file: hcS_m7-IqFE.mp4
Transcribing file: Aea_u7lTIgA.mp4
Transcribing file: 8XVzmLPdZBQ.mp4
Transcribing file: 7u-99i6uTsk.mp4
Transcribing file: F7z70uM3R-0.mp4
Transcribing file: 0p8vwpF97cw.mp4
Skipping 7EUsg6VKMIw...
Transcribing file: M1RaMhZa62E.mp4
Transcribing file: r3iMOm5WFvo.mp4
Transcribing file: g6a7-eSeWik.mp4
Transcribing file: aeKhJseXBnA.mp4
Transcribing file: vk68yqoFIW8.mp4
Transcribing file: PYNoC2VAMro.mp4
Skipping VF0fhjk54f4...
Transcribing file: G_8ORxqhS5s.mp4
Skipping RG28p7CXx7E...
Transcribing file: jTs7N01sbQs.mp4
Transcribing file: MONrAYHrrZo.mp4
Transcribing file: 3GQNj-Itrr0.mp4
Transcribing file: 0LkMfrw7aRQ.mp4
Skipping C6M2AbDNGOE...
Transcribing file: MELayuDQUpk.mp4
Skipping OJfMalFVQpI...
Transcribing file: rwWP4tePCRc.mp4
Skipping eExNnVkpIsM...
Transcribing file: hJq1YCGJF6o.mp4
Transcribing file: t6Umev4fChk.mp4
Transcribing file: rZfZq3FUN04.mp4
Skipping ThzDfsH3OxY...
Transcribing file: 3f9PImz7nUY.mp4
Transcribing file: BSa4itGniLo.mp4
Transcribing file: CDKN-nLl_CM.mp4

Transcribing file: e_HFTsAKMOg.mp4
Transcribing file: gjykKZNMVQY.mp4
Transcribing file: pq0ertgJn-M.mp4
Skipping 2wK455dURDg...
Transcribing file: P2cS3LlmDyc.mp4
Transcribing file: ex1dUZrRRBA.mp4
Skipping wK13-ooJ1yw...
Transcribing file: yHdNDhYHVzk.mp4
Transcribing file: l_GdVRILdb8.mp4
Skipping -UUS4QXXV3s...
Transcribing file: FCrOxX7uHPY.mp4
Transcribing file: NOmasdE8efc.mp4
Skipping j2F5nbNNOSI...
Transcribing file: MPBDnAwXT_M.mp4
Transcribing file: hMUhLp4-Y84.mp4
Transcribing file: h4yM1qN7f84.mp4
Transcribing file: dkt180AwkqM.mp4
Transcribing file: P03MDbFuIp8.mp4
Transcribing file: mJrgwhqmthg.mp4
Transcribing file: AZHoak_rTwk.mp4
Transcribing file: 4MHQ6jk3WGg.mp4
Skipping Arw_qzO4GM8...
Transcribing file: gMua6elTmHg.mp4
Transcribing file: UhWtSZuxG0c.mp4
Skipping qSTO8k5EgCw...
Transcribing file: iBi5fng9TzI.mp4
Transcribing file: 1Q2u0Km3jxw.mp4
Transcribing file: XSJRyT_okgs.mp4
Transcribing file: MflAL0x4jds.mp4
Transcribing file: XYxp72NfZow.mp4
Transcribing file: Rq0RUqEfu2g.mp4
Skipping EOXmGEKwzsc...
Transcribing file: Bhicgy-kKeY.mp4
Transcribing file: 7j1lMs7fcIQ.mp4
Transcribing file: eiIyzxhhqhQ.mp4
Skipping IcyFf-zvkqc...
Transcribing file: 6pTjWrPZFyI.mp4
Skipping XXFpWP6hVjY...
Transcribing file: sLuCfOesV_k.mp4
Transcribing file: 6FuXuO_pu6k.mp4
Transcribing file: zI-wmMlUtV8.mp4
Transcribing file: hZbjSYlbkD0.mp4
Transcribing file: KfCu2QUoL2Q.mp4
Transcribing file: 1qFMqiW7oYM.mp4
Transcribing file: B_ebMtsGSb0.mp4
Skipping FuSbXtQPvg0...
Transcribing file: c7r4wpfU3lI.mp4
Skipping GQtNRrK9S2s...
Transcribing file: k5zW92Yn5rY.mp4
Skipping 8WhBRKSo7Ow...
Transcribing file: jWR3epRrYXI.mp4
Transcribing file: WHuIHCxQFQM.mp4
Transcribing file: uHVUqIdlUpw.mp4
Transcribing file: eyh7UHmKLUY.mp4
Transcribing file: x01MWDQi3gc.mp4
Transcribing file: mwoGOmtB0HQ.mp4
Skipping KvvT0PD3hUE...
Transcribing file: 5q-yqLYYRIs.mp4
Transcribing file: 4tRJqLyapsc.mp4
Transcribing file: uEjQeMuCTh8.mp4
Transcribing file: tn1ufBGEfUM.mp4
Transcribing file: 4dMj6NKLGRM.mp4
Skipping 5lrz7rJn4cE...
Skipping ZXnqZY3NoF4...
Transcribing file: 47n6lbfDX7g.mp4
Transcribing file: ZgetLhiKJ7o.mp4
Transcribing file: H7lMZQWKt4E.mp4
Transcribing file: Xjomo3-H-G8.mp4
Transcribing file: ribyU-VXcpQ.mp4
Transcribing file: Qu0wv-aUepg.mp4
Transcribing file: VOBxV1pnPSk.mp4
Transcribing file: ne-BV4xsQLM.mp4
Skipping 9ysofS9WFTk...
Transcribing file: vui8UBIxOHw.mp4
Transcribing file: URmc0d5uhPY.mp4
Skipping -HO1iToFbx0...
Transcribing file: _PayQsLSebM.mp4
Transcribing file: 2LtfEz2jimA.mp4
Transcribing file: KKA7cVdfPnU.mp4
Transcribing file: bYdMx3uPuHU.mp4
Skipping _Wn6Kr4eSbc...
Transcribing file: 33cAGNVVxgI.mp4
Skipping yAxTqO_hmck...
Transcribing file: R92T7u1YIbk.mp4
Transcribing file: FU1KsSQVBdg.mp4
Skipping Cxw5brN3J7s...
Transcribing file: 0h5wFVBmU1s.mp4
Skipping IrEH0P0zt_E...
Transcribing file: zhW_hzE5SUE.mp4
Transcribing file: bmONamGtpYo.mp4
Transcribing file: W34cbVN7zUk.mp4
Transcribing file: dN1tgL9QWsE.mp4
Skipping RBuOtelbYss...
Skipping dXWXhyY61Xg...
Skipping mT4oik4POTc...
Transcribing file: N9jXUlQiqtA.mp4
Transcribing file: eX5O_xVdS9Y.mp4
Transcribing file: AeT9Xd6I7o8.mp4
Transcribing file: OLvZHmE_smk.mp4
Transcribing file: PVv0OCt3EeI.mp4

Skipping dfkjkRYGO_A...
Transcribing file: fiK8kCw-3g8.mp4
Transcribing file: xr6pOZjpTPw.mp4
Transcribing file: 2MLAMIlGWT0.mp4
Transcribing file: GKMsRs9PMys.mp4
Transcribing file: wppxzI5AMR0.mp4
Transcribing file: Rybg8Nf6-2c.mp4
Transcribing file: KljS-WMFxUw.mp4
Transcribing file: 3NeHmBg7cmA.mp4
Transcribing file: V1A4u7GU6OM.mp4
Transcribing file: p69Hc7GXY_g.mp4
Transcribing file: hS4qgwT9RuI.mp4
Transcribing file: EUfpzrRTUYQ.mp4
Skipping G8n9VuWkApo...
Transcribing file: iUIKZ--ZmBk.mp4
Transcribing file: OXaVzBf50aA.mp4
Transcribing file: uWxCeZgjuck.mp4
Transcribing file: BOuP0LpKyf8.mp4
Skipping 1EQVzFTMsOg...
Transcribing file: 1rj4OdF7Rew.mp4
Transcribing file: IOKUNEG-hDc.mp4
Transcribing file: pcAu6-948RA.mp4
Transcribing file: UXR9QKwtxlA.mp4
Skipping o5jXDE2zqp0...
Transcribing file: Umzxkj4ZOb4.mp4
Transcribing file: IJ8cca0JfyQ.mp4
Transcribing file: dPslJESjzhY.mp4
Transcribing file: XpgW93gsm98.mp4
Transcribing file: 69zAxH0rUyQ.mp4
Skipping gsIG4pMd-dM...
Transcribing file: hqj7ttoO03s.mp4
Transcribing file: Epv9wXOym-I.mp4
Transcribing file: vahV8oyGTjI.mp4
Transcribing file: DMct5FRPT2g.mp4
Skipping NP1D1MB1mMk...
Transcribing file: DPOiTN7zUQg.mp4
Transcribing file: QaPRuApQZaw.mp4
Transcribing file: VKFMx4uEA_A.mp4
Transcribing file: _B1N_AMz01g.mp4
Transcribing file: uLfqWz-daeE.mp4
Transcribing file: zgdIQyM__w4.mp4
Skipping 3UoLxv1rsRc...
Skipping G4znn3tal8o...
Transcribing file: A-cG-NmFpWY.mp4
Skipping pMFMUxIQZMc...
Skipping RJzftSQzy5A...
Transcribing file: BdikYRLEiBI.mp4
Transcribing file: KxUqkmpysh4.mp4
Transcribing file: p8GNmm_zgOM.mp4
Transcribing file: Y3C_J_RLZ2c.mp4
Transcribing file: cjt0bGEslJc.mp4
Skipping 1JfqLkSAvY0...
Transcribing file: J0AmBfbAY3k.mp4
Transcribing file: x-Z60FnFE04.mp4
Transcribing file: lZY9YnUO3Kg.mp4
Skipping IklwQUD2vQo...
Transcribing file: nM64mBaXGNc.mp4
Transcribing file: 3zzLYv60KPU.mp4
Skipping uJ52M1O1WeU...
Transcribing file: 1EaN4txz5PY.mp4
Skipping e56mxQiDxYk...
Transcribing file: 57Q_auBxfLA.mp4
Transcribing file: 5wWia0YTADY.mp4
Transcribing file: la2W7mp1agc.mp4
Skipping M53_OE2naTs...
Transcribing file: 0zI7EfW-iFU.mp4
Transcribing file: T9KL_U3gY_A.mp4
Transcribing file: rVaSGMEr6NE.mp4
Transcribing file: FbU7HJpRz2Q.mp4
Transcribing file: AoMVMzpnSWU.mp4
Transcribing file: _QVw7GhGHN4.mp4
Transcribing file: b-ckoC-7wuo.mp4
Skipping 89tUriuaGzI...
Transcribing file: tcGICG-aPLg.mp4
Transcribing file: zhCLPEZ3WwY.mp4
Skipping YWiNfPRNXsQ...
Transcribing file: J5Ip7dL9XE8.mp4
Transcribing file: 7YrYKL2abhw.mp4
Transcribing file: AsvsU0ZR2FQ.mp4
Transcribing file: 825dKbWlmIY.mp4
Transcribing file: Oo7DpNPR-tM.mp4
Transcribing file: OtkaADcPjfY.mp4
Skipping 0HQySp30C2U...
Skipping Yut8_Lq5dmY...
Transcribing file: I2KFniGuIDU.mp4
Skipping v8soeX3iWNA...
Transcribing file: focAHWWY_QI.mp4
Transcribing file: xJlfsgQwGe8.mp4
Transcribing file: feFfw99fddA.mp4
Transcribing file: vRK1oDZ3GuM.mp4
Transcribing file: IkIoMv21Ujo.mp4
Skipping 6arq5QI0KzA...
Transcribing file: TQ65u-vJaEQ.mp4
Transcribing file: cjUH-7dHMvQ.mp4
Transcribing file: uRdditCil3A.mp4
Transcribing file: eZ6kuYoqF6Y.mp4
Transcribing file: 7dYKJf43HVY.mp4
Transcribing file: 4GY3tp88K5w.mp4
Transcribing file: vk9x9l9lRW4.mp4
Transcribing file: icadUjAZl2g.mp4

Transcribing file: QRIGEkZAwo0.mp4
Skipping h7yTKbOJjwg...
Transcribing file: aAIH6yLgI68.mp4
Transcribing file: zOa2LwpGAqg.mp4
Transcribing file: i43x0SKQ-Ww.mp4
Transcribing file: PVkMJ3jsR8g.mp4
Transcribing file: 0wyKowjstSY.mp4
Transcribing file: 735mVTlAZmw.mp4
Transcribing file: J94TqEEPp1I.mp4
Transcribing file: nXlsW-cwN2o.mp4
Transcribing file: 1gKMKKWx17E.mp4
Transcribing file: tCPIc6y_Ubo.mp4
Transcribing file: BYpkUgK8NhY.mp4
Transcribing file: I4HdpWC663k.mp4
Transcribing file: 5qfAT0GqcXs.mp4
Transcribing file: ghSVM5jQB-Q.mp4
Transcribing file: hnJwRY44Srk.mp4
Transcribing file: nzux7VqYqUw.mp4
Skipping DGa-3HY38W4...
Transcribing file: qfL4O7NZCHM.mp4
Transcribing file: aFkavt6CoTs.mp4
Transcribing file: S6bDlE_VUsw.mp4
Skipping E0KJjRYS4G4...
Transcribing file: KAHqG7q1sME.mp4
Skipping 3fZU8MPC3p0...
Transcribing file: hgygWPrr4cQ.mp4
Transcribing file: egXpXdMKBPk.mp4
Transcribing file: Usse6N3hgBU.mp4
Transcribing file: hgul0TdGnZk.mp4
Skipping bvLLu4PlUng...
Transcribing file: ADDPeTreY4E.mp4
Transcribing file: _besT93XBpg.mp4
Transcribing file: x_h34tdEX3U.mp4
Transcribing file: ftP0PGFs7qc.mp4
Transcribing file: by8x2Qixtc8.mp4
Transcribing file: g_7JvZ9oFr4.mp4
Skipping VZsHFormuGg...
Transcribing file: nrkHuq22xio.mp4
Skipping cM4cMIoyd9E...
Transcribing file: goitjhEW5Dc.mp4
Transcribing file: LHf-uZlRWw8.mp4
Transcribing file: 0VyUGuXLu5M.mp4
Transcribing file: 4ODBlMzT9QE.mp4
Transcribing file: UA6Ap_Sf1Aw.mp4
Transcribing file: MMHvuF3anBE.mp4
Transcribing file: qGFtFOGa0ls.mp4
Transcribing file: 9Kx9VrBwqts.mp4
Transcribing file: tuOCLlpNYdM.mp4
Skipping LBaB8tcl7eM...
Transcribing file: aup_1XkdOew.mp4
Transcribing file: 9zzOVimQcVw.mp4
Transcribing file: zjWAxN-LAbs.mp4
Transcribing file: m86Nl7i5_SA.mp4
Skipping gPjtlJLPYj4...
Transcribing file: XBshPO9MbWw.mp4
Skipping KbskOspIpc4...
Transcribing file: 5qEruhfWioY.mp4
Skipping N7O6QPogoRA...
Transcribing file: nJ24Qfp1PqU.mp4
Transcribing file: ledUJLxp1SI.mp4
Skipping awE8mdc13ls...
Transcribing file: -LzLIEVH4G8.mp4
Transcribing file: SL_5MvuVmxE.mp4
Transcribing file: z77yzPHQqQE.mp4
Transcribing file: T1DH0M38yXU.mp4
Transcribing file: 3Uq6yB3FS_I.mp4
Skipping eOulwXmYUzc...
Transcribing file: x0MMAOBwpJs.mp4
Skipping hLUZ6HLcztg...
Transcribing file: 6v9wKERq2fY.mp4
Transcribing file: AkLZ_AL56UM.mp4
Transcribing file: yKvGPy65Ht8.mp4
Transcribing file: O9YDlcKG4rA.mp4
Transcribing file: cUbo5Oo_8MA.mp4
Transcribing file: GmyIKYJW1Ng.mp4
Transcribing file: QhQ8tYheyek.mp4
Transcribing file: ZU4e8UBiIbA.mp4
Transcribing file: 9XejBRrpL8A.mp4
Transcribing file: S6_ftWnB9dU.mp4
Transcribing file: wx5MlYERvL0.mp4
Transcribing file: tryPJn40Z3o.mp4
Transcribing file: dscA2QOuO_c.mp4
Skipping LIVtbMszuuY...
Transcribing file: L9qyKCAWQj0.mp4
Transcribing file: LnMA7Rj6r98.mp4
Transcribing file: GgW2J3HV5cU.mp4
Transcribing file: Y1FaVW1nCuc.mp4
Transcribing file: OZB3HKDmAlQ.mp4
Skipping _UJW13G7n-A...
Transcribing file: JIux7-tEYO0.mp4
Transcribing file: H0DaZUn58_s.mp4
Transcribing file: F1w_2zOe2yo.mp4
Transcribing file: wmMc1PM8x7M.mp4
Transcribing file: weC96d79REw.mp4
Transcribing file: I1Kpu8IvyUQ.mp4
Skipping 7haoZvDaI2M...
Transcribing file: ulojEMtlh6s.mp4
Skipping Z1SlCPZC7tA...
Skipping AJlS7Vg_-N0...
Transcribing file: 3SwG3JXPIgA.mp4

Skipping s5GGsrazJIc...
Transcribing file: RuJCzvM3Qeo.mp4
Transcribing file: O2vObnwMWho.mp4
Skipping j2EWP9ke1Qo...
Skipping otBNapiwhKs...
Transcribing file: DJQZRhc8JlY.mp4
Transcribing file: Qq_4RNNzXAU.mp4
Transcribing file: jqfUnCiB-80.mp4
Transcribing file: L213_3Pznkc.mp4
Skipping 1a_qKXruRHY...
Transcribing file: TToUW2TZKU0.mp4
Skipping lvCALDe7CSU...
Transcribing file: n0hnLqzm-44.mp4
Transcribing file: RobJ_JblN9k.mp4
Transcribing file: Vf5-Bw7tnys.mp4
Transcribing file: -r8ROxXGXKw.mp4
Transcribing file: Ss2SOfhH0E4.mp4
Transcribing file: YgQdb9wSBVs.mp4
Transcribing file: -Ggagi_6kO4.mp4
Transcribing file: OE73E0nIHJ8.mp4
Transcribing file: zEX1PxkoKNA.mp4
Transcribing file: OO7mQyKn6Aw.mp4
Transcribing file: 084W7-AiaOc.mp4
Transcribing file: Acxggfi6lUE.mp4
Skipping Q_Yt6QMTZmU...
Transcribing file: BhyWcH_l82U.mp4
Transcribing file: j2aC_CV52us.mp4
Transcribing file: M8iBHxOPbjs.mp4
Transcribing file: YPOXnS39Ufg.mp4
Transcribing file: 0vavEDjUjFg.mp4
Transcribing file: EM7ns7bs_64.mp4
Skipping sEX4YTbNYBQ...
Transcribing file: 1f5FRzFUYqk.mp4
Transcribing file: LjrY4fLdVBc.mp4
Transcribing file: D4fDM2Jc4cA.mp4
Transcribing file: 6AXgETtSINM.mp4
Skipping vXnzMt7UZZc...
Transcribing file: Cx2k-gB2b0Q.mp4
Transcribing file: 9PpV9s1hcE4.mp4
Transcribing file: _3L99YKgM-M.mp4
Transcribing file: DYqqPbbLgpI.mp4
Transcribing file: TwxLAqInUiw.mp4
Transcribing file: p67-a8Owu2o.mp4
Skipping dPWx7Yv4vlM...
Transcribing file: 3mOdD97vOXw.mp4
Skipping diSkE3YLA1I...
Transcribing file: Adhx4xMIjQQ.mp4
Transcribing file: Lxc-AD__4X4.mp4
Transcribing file: ZIMPZU5aW-Y.mp4
Skipping 0Plzm-YVK1k...
Skipping xNfFKjLskzs...
Transcribing file: 9abGnpCE1A8.mp4
Transcribing file: 02IwkIuuld8.mp4
Skipping G-xqE9fhEaE...
Skipping z5BMi7e4gww...
Transcribing file: kva4mzj3CBc.mp4
Transcribing file: WW2-j_Wxn2M.mp4
Transcribing file: 5znpmioa47g.mp4
Transcribing file: 3Y5OQL6Z8Ks.mp4
Transcribing file: PKrygBVOzDs.mp4
Transcribing file: NpkBJyNxKwg.mp4
Transcribing file: dJ1tckyBwMQ.mp4
Transcribing file: XWLq_Pd13-s.mp4
Transcribing file: HJmNEi8nGxQ.mp4
Transcribing file: NKM6fayS4NE.mp4
Transcribing file: ejM-iRCc7rM.mp4
Skipping L_UYXXzJ-lQ...
Transcribing file: aNr29zwk5tU.mp4
Skipping Xg27iMXwdV0...
Transcribing file: UA470SwBxSo.mp4
Skipping 8snYdXgijic...
Transcribing file: EPALm25ogGI.mp4
Transcribing file: QJAffOsWcao.mp4
Transcribing file: b3E38LJeDZ8.mp4
Skipping DQaxmDshytA...
Transcribing file: SgFKfVfghpg.mp4
Transcribing file: yEFyBj_ESWM.mp4
Transcribing file: NPbVCFze2K4.mp4
Transcribing file: IsbrhCr64cI.mp4
Transcribing file: zQ-gPG8acmc.mp4
Skipping 9WodVxIxsWE...
Skipping TECT7T3_OIQ...
Transcribing file: sAKkjD3nEv0.mp4
Skipping CHSpBsug6WM...
Transcribing file: AlqEFfvFtkc.mp4
Transcribing file: ljP87TWxqQ4.mp4
Skipping 5YDSMEmELZo...
Transcribing file: Lg7VUd7F6wk.mp4
Transcribing file: HTElnrMaAco.mp4
Transcribing file: c_Tg0L2ldWI.mp4
Skipping 3Ei164DyooQ...
Skipping gdEErSFJ5M8...
Transcribing file: H6VLFOnvUxA.mp4
Transcribing file: ynPKTPb4vbM.mp4
Transcribing file: FxbXRwYsZ-g.mp4
Transcribing file: _9EfFXHgswc.mp4
Transcribing file: hBptd4_dTfs.mp4
Transcribing file: NPPJduRZjm4.mp4
Transcribing file: S_GvmY9mnmY.mp4
Skipping 1lGSEF1QcyE...

Transcribing file: eqpAWsET7es.mp4
Transcribing file: SX8vqgSEUeo.mp4
Transcribing file: DlaNe34yPmE.mp4
Transcribing file: s9iCSAIHqt8.mp4
Skipping Dz_d3m-7l_I...
Transcribing file: 6M6vP8-SbU0.mp4
Transcribing file: 1Tfe79tpar8.mp4
Transcribing file: n_yJqwPAS_0.mp4
Transcribing file: yT41LUcRde8.mp4
Transcribing file: 7T-CIn_mQOQ.mp4
Transcribing file: LQ4Jf5Wmeag.mp4
Transcribing file: _3CKGjIxYGU.mp4
Transcribing file: YqSS6oE_Pw4.mp4
Transcribing file: lRPpXc03onk.mp4
Transcribing file: h0N2d6djKE4.mp4
Transcribing file: j9mDYDFzFrE.mp4
Transcribing file: Cfnm7uQFzd8.mp4
Skipping mS5RTgPiR4k...
Transcribing file: fVPws2OE8P8.mp4
Skipping oLGKSqJez1g...
Skipping Bf8rawvBZqE...
Transcribing file: xXJeAhO9gPs.mp4
Transcribing file: yjK4pkaQ-gY.mp4
Transcribing file: fjB7zTbu4U8.mp4
Transcribing file: U9nyL4TVcyk.mp4
Skipping -0BNev8b8CM...
Transcribing file: BXzz5b7kVQM.mp4
Transcribing file: T8qZVsPK1ko.mp4
Transcribing file: U7PY7qrAAfA.mp4
Transcribing file: RPjEszQGnes.mp4
Transcribing file: iIyD_X9Fh6k.mp4
Transcribing file: eY5yiRWhUW8.mp4
Transcribing file: yNlZL2Ej5bc.mp4
Transcribing file: q_VE3-ZTpU0.mp4
Transcribing file: QTijujOOFL4.mp4
Transcribing file: ONj5ukU9HIg.mp4
Transcribing file: 9VwlicTZDLQ.mp4
Transcribing file: AP7D5Kq7eXY.mp4
Transcribing file: gDQAjdc9los.mp4
Transcribing file: 9E4NYv9IJGA.mp4
Transcribing file: hWO262znZQY.mp4
Transcribing file: Nc-vViewSRo.mp4
Transcribing file: 3cvnLKsNCvY.mp4
Transcribing file: pmsOnV07Pxo.mp4
Transcribing file: ddzOmo0cFw0.mp4
Transcribing file: M3SGScaShhw.mp4
Transcribing file: biesSfRdk58.mp4
Transcribing file: lO5slTOeg4w.mp4
Transcribing file: m0M1s-U_kOs.mp4
Transcribing file: C3mDV-9A3OU.mp4
Transcribing file: Jru4GkItxkQ.mp4
Transcribing file: nKOwAEulNZ0.mp4
Transcribing file: ciJP3IZSbPA.mp4
Transcribing file: 4z1DldvNtns.mp4
Transcribing file: xStiHl26iAs.mp4
Transcribing file: SX9A9OqLSqs.mp4
Transcribing file: sCzoJ_7tkIU.mp4
Transcribing file: 7-Tyz7fGeZo.mp4
Transcribing file: ftXB8vl0uOc.mp4
Transcribing file: LOzxLv0Kv70.mp4
Transcribing file: RRUPVuXTEu0.mp4
Transcribing file: 8ZexzAj_WEg.mp4
Transcribing file: aPIDKe4Kf_s.mp4
Transcribing file: kKhtfXW-Vas.mp4
Transcribing file: a0bucytMzwc.mp4
Skipping Gv4wyqhCwJQ...
Transcribing file: hdDNuIhwFOI.mp4
Transcribing file: fveDO7vstyQ.mp4
Transcribing file: twfmmeVDD4k.mp4
Skipping AaJsOpD_u4Y...
Transcribing file: Luu6GQtSpPo.mp4
Skipping xLmfqCu1vgA...
Transcribing file: _zm9qg4rxLo.mp4
Transcribing file: Tr9rzRQwVIQ.mp4
Skipping 5aNq8BQ06TU...
Transcribing file: ruCiad1JnBk.mp4
Transcribing file: _LC0zfTcs_A.mp4
Transcribing file: pMlJTv1Ttdc.mp4
Transcribing file: Z2spXkcRf-0.mp4
Transcribing file: _lbzcvYEpgA.mp4
Transcribing file: FaBV4E5P9Hw.mp4
Transcribing file: modCYu5m3ug.mp4
Skipping Cn-A8L-XLvo...
Skipping KQPZH6u4LtA...
Transcribing file: _W6F7wZWjBc.mp4
Skipping dDzTXEQJYJk...
Transcribing file: 70GdTMnb5Ng.mp4
Transcribing file: pMdvx4dKHp4.mp4
Transcribing file: EHuVW4zRWA8.mp4
Skipping Uw9OCFE-n2c...
Transcribing file: GVKM_rmMADM.mp4
Skipping ZYd3zSKD9hs...
Transcribing file: JyhLKqCdX5c.mp4
Transcribing file: rShHQqp82mE.mp4
Transcribing file: oHnrYj0BRW0.mp4
Transcribing file: cjx1YO1E74c.mp4
Transcribing file: jA9NGlqwqLY.mp4
Transcribing file: 6Q0Tv2l4m1E.mp4
Transcribing file: QZzvm3Ad-s4.mp4
Skipping r2cQRHQvk5I...

Transcribing file: qChSVmOZ4aA.mp4
Transcribing file: gljx7Zc4A6w.mp4
Transcribing file: AV1YhTG7LWo.mp4
Transcribing file: duZfCoYcQhY.mp4
Transcribing file: kt4vW6G9HK8.mp4
Transcribing file: cEq2_6oG9lc.mp4
Transcribing file: jlunVwyjeI4.mp4
Skipping gz1ow2MDMUw...
Transcribing file: 47RDlXzyJTM.mp4
Transcribing file: _rXCEpBUoTQ.mp4
Transcribing file: ykrrNMRs32I.mp4
Transcribing file: f2QmYbxOx9Q.mp4
Transcribing file: AfL81EPhtK8.mp4
Transcribing file: BJZfci2Srds.mp4
Transcribing file: ooGV2TFoXvU.mp4
Skipping -IsXiyratbo...
Transcribing file: EO8HSPd7tVs.mp4
Transcribing file: UXonUBL1n8M.mp4
Transcribing file: kFqfDC0y4x4.mp4
Transcribing file: PSOfswPjYus.mp4
Transcribing file: 55ygjn0oALs.mp4
Transcribing file: O_HQPiwJJ4M.mp4
Transcribing file: jhcwtDEC_sw.mp4
Transcribing file: mjoELbZiNc0.mp4
Transcribing file: lXhebT_WP44.mp4
Transcribing file: HI8Hc1BbnFc.mp4
Transcribing file: 7zsxKorNlu8.mp4
Transcribing file: sni4OT0mqQo.mp4
Transcribing file: U5KZPMk78yY.mp4
Transcribing file: JafgRGwOT40.mp4
Skipping x5jIts1SVdk...
Transcribing file: MCEma9EwR4g.mp4
Skipping XD11OUfnyXM...
Transcribing file: _qRoxHvR0L8.mp4
Transcribing file: _XiyFhTY5FQ.mp4
Transcribing file: g4i0qxvMWkA.mp4
Transcribing file: O_FaT5mLj9k.mp4
Transcribing file: Up4DVzGBTRQ.mp4
Transcribing file: KDnmfisNubY.mp4
Transcribing file: Rmq4HwSPMJA.mp4
Skipping Pd9jyFcPZ5Y...
Transcribing file: zONwVQBvz_s.mp4
Transcribing file: mSlHiNmn3Ls.mp4
Transcribing file: tj6oF1x1gUU.mp4
Transcribing file: MpqtXTWUuiY.mp4
Skipping nOzea5B7W1U...
Transcribing file: k7Cf-gS_ac8.mp4
Skipping 1HiBLQCqpcY...
Transcribing file: 5HgTgpqtwns.mp4
Skipping 3xCEAwXgSRA...
Skipping JoimqGNSGXg...
Skipping kQbAmCyfSIo...
Transcribing file: 7Gg-Q_2Aqho.mp4
Transcribing file: zrCPls-7IT0.mp4
Transcribing file: ZYGKjEeFFf4.mp4
Transcribing file: B6k9REDygtU.mp4
Skipping awEBifnANHk...
Transcribing file: vAmglTjpDfw.mp4
Skipping T3M7P9jbaoo...
Transcribing file: nDYTA-eqGOQ.mp4
Skipping slRetiAY1Kw...
Transcribing file: qEOLXYev2lw.mp4
Transcribing file: 6VOqNVt_cmM.mp4
Transcribing file: vLBpeevBhLE.mp4
Transcribing file: xH8--32FU6w.mp4
Transcribing file: Cm94kMVC-To.mp4
Transcribing file: RhMx4PBCUkQ.mp4
Transcribing file: PyHVsxW0mek.mp4
Transcribing file: KmvYOEvvWh4.mp4
Transcribing file: CJZ-qGIuiWk.mp4
Skipping f1H4VDa9OQI...
Transcribing file: jpCe9UHx1jQ.mp4
Transcribing file: qMmDlSlTr60.mp4
Transcribing file: q3ltLvasR3c.mp4
Transcribing file: bnqvMhbOvSA.mp4
Transcribing file: DPNvhSyK0G0.mp4
Transcribing file: 8qS4FsDtlrc.mp4
Skipping J3t4WoYppC0...
Transcribing file: sEGOKdwGEz0.mp4
Skipping 5M5EAVATFB8...
Skipping 35p74c3f978...
Skipping nM78EoMiBbM...
Skipping kBjmYWZ7JIw...
Transcribing file: x5Fp_qq8PCw.mp4
Transcribing file: PbA1VcxbqSI.mp4
Transcribing file: 6LA3KG0h0NA.mp4
Transcribing file: DOSWscyxcTI.mp4
Transcribing file: VqNY3PSm7fQ.mp4
Transcribing file: qZ-9cDUjRTQ.mp4
Transcribing file: g3jRe-i8ETo.mp4
Skipping reIM-JjsCvE...
Transcribing file: 15eMx2CTUqY.mp4
Transcribing file: 5aGlLeYAj6s.mp4
Transcribing file: EODDvO-KpSk.mp4
Skipping yKmEkvnlbBs...
Transcribing file: 3k8GTOurNfk.mp4
Transcribing file: sbCEnprkmR8.mp4
Transcribing file: -a1dI6yZIXI.mp4
Transcribing file: oqC9QGhaP_k.mp4
Transcribing file: nFAyl97R46g.mp4

